CHECK: < 1 * 1 * Q1(o) * K0 >  exprs[0]
CHECK: < 1 * 1 * Qs(o) * K0 >  exprs[1]
CHECK: < 1 * 1 * Q1(e) * K0 >  exprs[2]
CHECK: < 1 * 1 * Qs(e) * K0 >  exprs[3]
CHECK: < 1 * sigma_1 * Q1(o) * K0 >  exprs[4]
CHECK: < 1 * sigma_1 * Qs(o) * K0 >  exprs[5]
CHECK: < 1 * sigma_1 * Q1(e) * K0 >  exprs[6]
CHECK: < 1 * sigma_1 * Qs(e) * K0 >  exprs[7]
CHECK: < 1 * pi0_1 * Q1(o) * K0 >  exprs[8]
CHECK: < 1 * pi0_1 * Qs(o) * K0 >  exprs[9]
CHECK: < 1 * pi0_1 * Q1(e) * K0 >  exprs[10]
CHECK: < 1 * pi0_1 * Qs(e) * K0 >  exprs[11]
CHECK: < j_rho(y) * 1 * Q1(o) * K0 >  exprs[12]
CHECK: < j_rho(y) * 1 * Qs(o) * K0 >  exprs[13]
CHECK: < j_rho(y) * 1 * Q1(e) * K0 >  exprs[14]
CHECK: < j_rho(y) * 1 * Qs(e) * K0 >  exprs[15]
CHECK: < j_rho(y) * sigma_1 * Q1(o) * K0 >  exprs[16]
CHECK: < j_rho(y) * sigma_1 * Qs(o) * K0 >  exprs[17]
CHECK: < j_rho(y) * sigma_1 * Q1(e) * K0 >  exprs[18]
CHECK: < j_rho(y) * sigma_1 * Qs(e) * K0 >  exprs[19]
CHECK: < j_rho(y) * pi0_1 * Q1(o) * K0 >  exprs[20]
CHECK: < j_rho(y) * pi0_1 * Qs(o) * K0 >  exprs[21]
CHECK: < j_rho(y) * pi0_1 * Q1(e) * K0 >  exprs[22]
CHECK: < j_rho(y) * pi0_1 * Qs(e) * K0 >  exprs[23]
CHECK: < j_mu(y_1) * j_nu(y_2) * 1 * Q1(o) * K0 >  exprs[24]
CHECK: < j_mu(y_1) * j_nu(y_2) * 1 * Qs(o) * K0 >  exprs[25]
CHECK: < j_mu(y_1) * j_nu(y_2) * 1 * Q1(e) * K0 >  exprs[26]
CHECK: < j_mu(y_1) * j_nu(y_2) * 1 * Qs(e) * K0 >  exprs[27]
CHECK: < j_mu(y_1) * j_nu(y_2) * sigma_1 * Q1(o) * K0 >  exprs[28]
CHECK: < j_mu(y_1) * j_nu(y_2) * sigma_1 * Qs(o) * K0 >  exprs[29]
CHECK: < j_mu(y_1) * j_nu(y_2) * sigma_1 * Q1(e) * K0 >  exprs[30]
CHECK: < j_mu(y_1) * j_nu(y_2) * sigma_1 * Qs(e) * K0 >  exprs[31]
CHECK: < j_mu(y_1) * j_nu(y_2) * pi0_1 * Q1(o) * K0 >  exprs[32]
CHECK: < j_mu(y_1) * j_nu(y_2) * pi0_1 * Qs(o) * K0 >  exprs[33]
CHECK: < j_mu(y_1) * j_nu(y_2) * pi0_1 * Q1(e) * K0 >  exprs[34]
CHECK: < j_mu(y_1) * j_nu(y_2) * pi0_1 * Qs(e) * K0 >  exprs[35]
CHECK: 3.9260683589E+03+7.0070894068E+03j 8.1404056405E+03-2.2813274195E+03j -9.6303352402E+03-2.8049835739E+03j
CHECK: 5.9057036360E+05+1.8536370295E+05j -3.5917591416E+05-3.4081022089E+05j -1.2208219148E+05-2.3702991598E+05j
CHECK: finished successfully.
