CHECK: # < (0) >  exprs[0]
CHECK: # < k+^dag  * k0     >  exprs[1]
CHECK: 0.0000000000E+00+0.0000000000E+00j 0.0000000000E+00+0.0000000000E+00j 0.0000000000E+00+0.0000000000E+00j
CHECK: 0.0000000000E+00+0.0000000000E+00j 0.0000000000E+00+0.0000000000E+00j 0.0000000000E+00+0.0000000000E+00j
CHECK: # < pi^dag * pi    >  exprs[0]
CHECK: # < k^dag  * k     >  exprs[1]
CHECK: 8.4184976528E+00-7.5020365709E+00j 2.4571582827E+00-1.5393472756E+01j 2.4954187898E+00-1.8149127511E+00j
CHECK: -3.8104433350E+01+2.1654352334E+01j 2.5361891759E+01-5.2587514797E+01j 4.6528237670E+01-5.9085823422E+01j
CHECK: # < a_pi   * pi    >  exprs[0]
CHECK: # < a_k    * k     >  exprs[1]
CHECK: 2.0858371310E+01+6.9791806084E+00j 3.1390763554E+00-9.9795399859E+00j 4.3052328048E+01-2.8548535637E+01j
CHECK: -1.0223299900E+00-7.4816824892E+00j 6.2906389120E+00+1.7520845508E+01j -1.8646353858E+01-9.2343094294E+01j
CHECK: # < pi     * pi    >  exprs[0]
CHECK: # < k      * k     >  exprs[1]
CHECK: # < a0     * a0    >  exprs[2]
CHECK: # < kappa  * kappa >  exprs[3]
CHECK: 9.5994086023E+01+4.1492134799E+01j 4.3173419916E+01+2.6555744205E+02j 1.3298829004E+02-5.8663956091E+01j
CHECK: 6.5110504172E+01+4.3511640505E+01j -6.8891891719E+00+2.0291258449E+02j 8.2752391224E+01-6.2455263739E+00j
CHECK: # < pi0(t_1)^dag * pi0(t_2) >  exprs[0]
CHECK: # < (1/2) * ( K0(t_1)^dag * K0(t_2) + K0b(t_1)^dag * K0b(t_2) ) >  exprs[1]
CHECK: 6.0885233472E+00-6.6428982401E+00j 4.0013150506E+00-1.8637982667E+01j 7.2254528923E+00-3.0553106066E+00j
CHECK: -1.2373682701E+01+2.5450654895E+00j 1.8033819347E+01-6.7949144437E+00j -7.5383689140E+00-2.6530420530E+01j
CHECK: # < (a_pi * pi) >  exprs[0]
CHECK: # < (a_k  * k ) >  exprs[1]
CHECK: 9.3378944659E+00+9.0203787431E+00j 1.1481889845E+01-6.4425880328E+00j 4.1019154137E+01-4.0852986805E+01j
CHECK: 9.9850882916E+00-1.6733463004E+00j 2.1665663909E+01+2.3962079138E+00j -2.4550267484E+01-4.7633842613E+01j
CHECK: # < pi0(t_1)^dag * ubaru(x_1) * pi0(t_2) >  exprs[0]
CHECK: # < pi0(t_1)^dag * dbard(x_1) * pi0(t_2) >  exprs[1]
CHECK: # < (1/2) * ( pi+(t_1)^dag * ubaru(x_1) * pi+(t_2) + pi-(t_1)^dag * ubaru(x_1) * pi-(t_2) ) >  exprs[2]
CHECK: # < (1/2) * ( pi+(t_1)^dag * dbard(x_1) * pi+(t_2) + pi-(t_1)^dag * dbard(x_1) * pi-(t_2) ) >  exprs[3]
CHECK: # < (1/2) * ( K0(t_1)^dag * dbard(x_1) * K0(t_2) + K0b(t_1)^dag * dbard(x_1) * K0b(t_2) ) >  exprs[4]
CHECK: # < (1/2) * ( K0(t_1)^dag * sbars(x_1) * K0(t_2) + K0b(t_1)^dag * sbars(x_1) * K0b(t_2) ) >  exprs[5]
CHECK: # < (1/2) * ( K+(t_1)^dag * ubaru(x_1) * K+(t_2) + K-(t_1)^dag * ubaru(x_1) * K-(t_2) ) >  exprs[6]
CHECK: # < (1/2) * ( K+(t_1)^dag * sbars(x_1) * K+(t_2) + K-(t_1)^dag * sbars(x_1) * K-(t_2) ) >  exprs[7]
CHECK: 1.4449040214E+01+1.2048759618E+02j 8.6624773581E+01+1.0421570289E+01j -9.0139890227E+01-8.5148007300E+01j
CHECK: 3.5213319607E+02-9.5495844318E+01j -5.9642931596E+01-7.5056594614E+01j -2.3388392058E+01-7.2833570819E+02j
CHECK: finished successfully.
