CHECK: # < (0) >  exprs[0]
CHECK: # < k+^dag  * k0     >  exprs[1]
CHECK: 0.0000000000E+00+0.0000000000E+00j 0.0000000000E+00+0.0000000000E+00j 0.0000000000E+00+0.0000000000E+00j
CHECK: 0.0000000000E+00+0.0000000000E+00j 0.0000000000E+00+0.0000000000E+00j 0.0000000000E+00+0.0000000000E+00j
CHECK: # < pi^dag * pi    >  exprs[0]
CHECK: # < k^dag  * k     >  exprs[1]
CHECK: -6.5014686135E+00+1.0967728396E+01j 1.7318976826E+01+1.5810492682E+01j -7.5714995253E+00-4.6798207710E+00j
CHECK: 2.0844027209E+01-1.9170631031E+01j -2.6726008568E+01-4.4707164714E+01j 1.3111787600E+01+1.4797027971E+01j
CHECK: # < a_pi   * pi    >  exprs[0]
CHECK: # < a_k    * k     >  exprs[1]
CHECK: -1.1127911892E+00-1.3924413315E+00j -5.5779975200E+00+5.3223998582E+00j 1.8970901264E+01+1.3273366872E+01j
CHECK: 2.7297715119E+01-8.3304187256E+00j 9.9349725093E+00-2.5475509709E+01j 1.4036559875E+02-4.5135548161E+01j
CHECK: # < (i dbar g5 s)  * (sbar  gmu (1-g5) d)(sbar  gmu (1-g5) d) * (i dbar g5 s) >  exprs[0]
CHECK: # < (i dbar g5 u)  * (ubar  gmu (1-g5) d)(ubar  gmu (1-g5) d) * (i dbar g5 u) >  exprs[1]
CHECK: # < (i ubar g5 u') * (dbar  gmu (1-g5) u)(u'bar gmu (1-g5) s) * (i sbar g5 d) >  exprs[2]
CHECK: # < (i ubar g5 u') * (u'bar gmu (1-g5) u)(dbar  gmu (1-g5) s) * (i sbar g5 d) >  exprs[3]
CHECK: 2.0692950785E+02+6.1208861257E+02j -8.1936885522E+02-1.2118770068E+03j -1.6565608377E+00+4.3103274171E+01j
CHECK: 8.2773125813E+02+2.6246552507E+03j -5.0626908921E+01+4.7868827755E+03j 2.3228056510E+02+1.4304026395E+03j
CHECK: # < pi     * pi    >  exprs[0]
CHECK: # < k      * k     >  exprs[1]
CHECK: # < a0     * a0    >  exprs[2]
CHECK: # < kappa  * kappa >  exprs[3]
CHECK: 9.5629995890E+01+7.7336474999E+01j 6.1202643816E+01+2.4128827430E+02j 9.2038247141E+01-3.7313023270E+01j
CHECK: 1.1065595011E+02+2.5416614459E+01j 3.8430321465E+01+3.0894167566E+02j 1.6353077504E+02-6.6245016492E+01j
CHECK: # < pi0(t_1)^dag * pi0(t_2) >  exprs[0]
CHECK: # < (1/2) * ( K0(t_1)^dag * K0(t_2) + K0b(t_1)^dag * K0b(t_2) ) >  exprs[1]
CHECK: -6.5014686135E+00+1.0967728396E+01j 1.7318976826E+01+1.5810492682E+01j -7.5714995253E+00-4.6798207710E+00j
CHECK: 2.0844027209E+01-1.9170631031E+01j -2.6726008568E+01-4.4707164714E+01j 1.3111787600E+01+1.4797027971E+01j
CHECK: # < (a_pi * pi) >  exprs[0]
CHECK: # < (a_k  * k ) >  exprs[1]
CHECK: -1.1127911892E+00-1.3924413315E+00j -5.5779975200E+00+5.3223998582E+00j 1.8970901264E+01+1.3273366872E+01j
CHECK: 2.7297715119E+01-8.3304187256E+00j 9.9349725093E+00-2.5475509709E+01j 1.4036559875E+02-4.5135548161E+01j
CHECK: # < pi0(t_1)^dag * ubaru(x_1) * pi0(t_2) >  exprs[0]
CHECK: # < pi0(t_1)^dag * dbard(x_1) * pi0(t_2) >  exprs[1]
CHECK: # < (1/2) * ( pi+(t_1)^dag * ubaru(x_1) * pi+(t_2) + pi-(t_1)^dag * ubaru(x_1) * pi-(t_2) ) >  exprs[2]
CHECK: # < (1/2) * ( pi+(t_1)^dag * dbard(x_1) * pi+(t_2) + pi-(t_1)^dag * dbard(x_1) * pi-(t_2) ) >  exprs[3]
CHECK: # < (1/2) * ( K0(t_1)^dag * dbard(x_1) * K0(t_2) + K0b(t_1)^dag * dbard(x_1) * K0b(t_2) ) >  exprs[4]
CHECK: # < (1/2) * ( K0(t_1)^dag * sbars(x_1) * K0(t_2) + K0b(t_1)^dag * sbars(x_1) * K0b(t_2) ) >  exprs[5]
CHECK: # < (1/2) * ( K+(t_1)^dag * ubaru(x_1) * K+(t_2) + K-(t_1)^dag * ubaru(x_1) * K-(t_2) ) >  exprs[6]
CHECK: # < (1/2) * ( K+(t_1)^dag * sbars(x_1) * K+(t_2) + K-(t_1)^dag * sbars(x_1) * K-(t_2) ) >  exprs[7]
CHECK: -2.8056326036E+02+2.8619253958E+01j 1.5086551494E+02+9.6710364171E+01j 6.2497318444E+02+2.3589237125E+02j
CHECK: -5.7616242202E+02+8.7615047960E+02j 1.1702057876E+03+6.4027541334E+02j -1.9194279035E+02+5.3533838468E+02j
CHECK: # < (1/2) * ( pi+(t_1)^dag * vec_mu(u,u,x_1,3) * pi+(t_2) + (-1) * pi-(t_1)^dag * vec_mu(u,u,x_1,3) * pi-(t_2) ) >  exprs[0]
CHECK: # < (1/2) * ( K+(t_1)^dag * vec_mu(u,u,x_1,3) * K+(t_2) + (-1) * K-(t_1)^dag * vec_mu(u,u,x_1,3) * K-(t_2) ) >  exprs[1]
CHECK: # < (1/2) * ( K-(t_1)^dag * vec_mu(s,s,x_1,3) * K-(t_2) + (-1) * K+(t_1)^dag * vec_mu(s,s,x_1,3) * K+(t_2) ) >  exprs[2]
CHECK: # < (1/2) * ( pi+(t_1p)^dag * vec_mu(u,u,x_1,3) * pi+(t_2p) + (-1) * pi-(t_1p)^dag * vec_mu(u,u,x_1,3) * pi-(t_2p) ) >  exprs[3]
CHECK: # < (1/2) * ( K+(t_1p)^dag * vec_mu(u,u,x_1,3) * K+(t_2p) + (-1) * K-(t_1p)^dag * vec_mu(u,u,x_1,3) * K-(t_2p) ) >  exprs[4]
CHECK: # < (1/2) * ( K-(t_1p)^dag * vec_mu(s,s,x_1,3) * K-(t_2p) + (-1) * K+(t_1p)^dag * vec_mu(s,s,x_1,3) * K+(t_2p) ) >  exprs[5]
CHECK: 2.3391166792E+01-4.9749837948E+01j 1.2253590324E+02+1.1596333057E+02j 7.4369161375E+01+1.0338839600E+02j
CHECK: 1.7109042721E+02-2.2596447425E+02j -9.9389116632E+01+5.3001791195E+01j 1.8015412450E+02+4.8947616105E+02j
CHECK: # < pi0 j_mu j_mu pi0 >  exprs[0]
CHECK: # < pi+ j_mu j_mu pi+ >  exprs[1]
CHECK: # < K0 j_mu j_mu K0 >  exprs[2]
CHECK: # < K+ j_mu j_mu K+ >  exprs[3]
CHECK: # < j_mu j_mu >  exprs[4]
CHECK: -4.1767126112E+02-4.7272053591E+02j 4.4707516148E+00-1.7109089511E+02j 6.6259588177E+01-9.7719739008E+02j
CHECK: -1.0155548399E+03-3.3708573186E+02j -1.3086916677E+03+5.2525877183E+02j 2.5275676455E+03-1.5146210941E+03j
CHECK: # < x[a] x[b] pi0 j_a j_b pi0 >  exprs[0]
CHECK: # < x[a] x[b] pi+ j_a j_b pi+ >  exprs[1]
CHECK: # < x[a] x[b] K0 j_a j_b K0 >  exprs[2]
CHECK: # < x[a] x[b] K+ j_a j_b K+ >  exprs[3]
CHECK: # < x[a] x[b] j_a j_b >  exprs[4]
CHECK: -2.9905931824E+02-1.0050433010E+02j -5.7112803742E+01+2.3432347346E+01j 6.6118036611E+01-2.7845515393E+02j
CHECK: 3.5333636303E+03+2.8477378716E+03j 4.9857654529E+03-3.9609563863E+02j -5.3873430099E+03+2.5250083731E+03j
CHECK: finished successfully.
