CHECK: # < (i dbar g5 s)  * (sbar  gmu (1-g5) d)(sbar  gmu (1-g5) d) * (i dbar g5 s) >  exprs[0]
CHECK: # < (i dbar g5 u)  * (ubar  gmu (1-g5) d)(ubar  gmu (1-g5) d) * (i dbar g5 u) >  exprs[1]
CHECK: # < (i ubar g5 u') * (dbar  gmu (1-g5) u)(u'bar gmu (1-g5) s) * (i sbar g5 d) >  exprs[2]
CHECK: # < (i ubar g5 u') * (u'bar gmu (1-g5) u)(dbar  gmu (1-g5) s) * (i sbar g5 d) >  exprs[3]
CHECK: -1.7374900520E+02-8.6516328621E+02j -1.0672452209E+03-1.3269493406E+02j 6.6559787394E+01-1.8333577205E+02j
CHECK: -4.8151947691E+03-6.5149676740E+03j 7.0118499153E+03+5.0242190497E+03j -2.2367851514E+03-9.6532429293E+03j
CHECK: # < (1/2) * ( pi+(t_1)^dag * (ubar g3 u)(x_1) * pi+(t_2) + (-1) * pi-(t_1)^dag * (ubar g3 u)(x_1) * pi-(t_2) ) >  exprs[0]
CHECK: # < (1/2) * ( K+(t_1)^dag * (ubar g3 u)(x_1) * K+(t_2) + (-1) * K-(t_1)^dag * (ubar g3 u)(x_1) * K-(t_2) ) >  exprs[1]
CHECK: # < (1/2) * ( K-(t_1)^dag * (sbar g3 s)(x_1) * K-(t_2) + (-1) * K+(t_1)^dag * (sbar g3 s)(x_1) * K+(t_2) ) >  exprs[2]
CHECK: # < (1/2) * ( pi+(t_1p)^dag * (ubar g3 u)(x_1) * pi+(t_2p) + (-1) * pi-(t_1p)^dag * (ubar g3 u)(x_1) * pi-(t_2p) ) >  exprs[3]
CHECK: # < (1/2) * ( K+(t_1p)^dag * (ubar g3 u)(x_1) * K+(t_2p) + (-1) * K-(t_1p)^dag * (ubar g3 u)(x_1) * K-(t_2p) ) >  exprs[4]
CHECK: # < (1/2) * ( K-(t_1p)^dag * (sbar g3 s)(x_1) * K-(t_2p) + (-1) * K+(t_1p)^dag * (sbar g3 s)(x_1) * K+(t_2p) ) >  exprs[5]
CHECK: 9.2578227607E+00-3.5918821177E+01j 2.1278902656E+02-7.5722642285E+01j -9.6146216597E+01-1.4379853795E+02j
CHECK: 1.5850695020E+00-1.3822968446E+02j -6.6197956069E+01+4.5112680676E+02j 2.1662356490E+02-5.1461460649E+01j
CHECK: # < pi0 j_mu j_mu pi0 >  exprs[0]
CHECK: # < pi+ j_mu j_mu pi+ >  exprs[1]
CHECK: # < K0 j_mu j_mu K0 >  exprs[2]
CHECK: # < K+ j_mu j_mu K+ >  exprs[3]
CHECK: # < j_mu j_mu >  exprs[4]
CHECK: -4.5795551884E+02-3.7830624164E+02j 4.3734527257E+02-2.3000883707E+02j -3.3833755759E+02-3.7627891466E+02j
CHECK: -3.6702823511E+03+3.1388206586E+03j 9.4132878487E+02+4.6028862662E+02j -4.3549574184E+03-5.5554714152E+03j
CHECK: # < x[a] x[b] pi0 j_a j_b pi0 >  exprs[0]
CHECK: # < x[a] x[b] pi+ j_a j_b pi+ >  exprs[1]
CHECK: # < x[a] x[b] K0 j_a j_b K0 >  exprs[2]
CHECK: # < x[a] x[b] K+ j_a j_b K+ >  exprs[3]
CHECK: # < x[a] x[b] j_a j_b >  exprs[4]
CHECK: -1.0527567899E+03-3.0000245573E+02j -6.7458091587E+02+3.7308977798E+02j -8.7249188881E+01-1.0625195125E+03j
CHECK: -1.0438494171E+04+4.6553301695E+03j 6.2241860048E+03+8.8106105892E+02j 1.3301758048E+03-1.9381734020E+04j
CHECK: # < < pi0 j_mu j_mu pi0 > >  exprs[0]
CHECK: # < < pi0 j_mu j_mu pi0 > > (Type2,Type3)  exprs[1]
CHECK: # < < pi0 j_mu j_mu pi0 > > (Type1)  exprs[2]
CHECK: # < < pi0 j_mu j_mu pi0 > > (Type2)  exprs[3]
CHECK: # < < pi0 j_mu j_mu pi0 > > (Type3)  exprs[4]
CHECK: # < < pi0 j_mu j_mu pi0 > > (Type4)  exprs[5]
CHECK: # < < pi+ j_mu j_mu pi+ > >  exprs[6]
CHECK: # < < pi+ j_mu j_mu pi+ > > (Type2,Type3)  exprs[7]
CHECK: # < < pi+ j_mu j_mu pi+ > > (Type1)  exprs[8]
CHECK: # < < pi+ j_mu j_mu pi+ > > (Type2)  exprs[9]
CHECK: # < < pi+ j_mu j_mu pi+ > > (Type3)  exprs[10]
CHECK: # < < pi+ j_mu j_mu pi+ > > (Type4)  exprs[11]
CHECK: # < < K0 j_mu j_mu K0 > >  exprs[12]
CHECK: # < < K0 j_mu j_mu K0 > > (Type2,Type3)  exprs[13]
CHECK: # < < K0 j_mu j_mu K0 > > (Type1)  exprs[14]
CHECK: # < < K0 j_mu j_mu K0 > > (Type2)  exprs[15]
CHECK: # < < K0 j_mu j_mu K0 > > (Type3)  exprs[16]
CHECK: # < < K0 j_mu j_mu K0 > > (Type4)  exprs[17]
CHECK: # < < K+ j_mu j_mu K+ > >  exprs[18]
CHECK: # < < K+ j_mu j_mu K+ > > (Type2,Type3)  exprs[19]
CHECK: # < < K+ j_mu j_mu K+ > > (Type1)  exprs[20]
CHECK: # < < K+ j_mu j_mu K+ > > (Type2)  exprs[21]
CHECK: # < < K+ j_mu j_mu K+ > > (Type3)  exprs[22]
CHECK: # < < K+ j_mu j_mu K+ > > (Type4)  exprs[23]
CHECK: # < < j_mu j_mu > >  exprs[24]
CHECK: # < < j_mu j_mu > > (Type2,Type3)  exprs[25]
CHECK: # < < j_mu j_mu > > (Type1)  exprs[26]
CHECK: # < < j_mu j_mu > > (Type2)  exprs[27]
CHECK: # < < j_mu j_mu > > (Type3)  exprs[28]
CHECK: # < < j_mu j_mu > > (Type4)  exprs[29]
CHECK: -1.5541651071E+03-3.3302876519E+02j 3.9913487519E+02-9.6441260277E+02j 2.9850342043E+02-3.5567347491E+02j
CHECK: 5.9869434297E+02+1.7620359650E+03j -2.7784946733E+03+1.2787162694E+03j 3.1979420626E+01-4.0595671325E+03j
CHECK: finished successfully.
