CHECK: < (0) >  exprs[0]
CHECK: < k+^dag  * k0     >  exprs[1]
CHECK: 0.0000000000E+00+0.0000000000E+00j 0.0000000000E+00+0.0000000000E+00j 0.0000000000E+00+0.0000000000E+00j
CHECK: 0.0000000000E+00+0.0000000000E+00j 0.0000000000E+00+0.0000000000E+00j 0.0000000000E+00+0.0000000000E+00j
CHECK: < pi^dag * pi    >  exprs[0]
CHECK: < k^dag  * k     >  exprs[1]
CHECK: -4.9810809495E+01+4.3201371699E+00j -8.5793396575E+01+1.2522279189E+02j -5.8749546474E+01-4.3664781219E+00j
CHECK: 9.0243901273E+01-2.6969160951E+01j 7.9054245689E+01-6.8874460253E+01j -2.8227499130E+01+1.8724421714E+02j
CHECK: < a_pi   * pi    >  exprs[0]
CHECK: < a_k    * k     >  exprs[1]
CHECK: -3.3398330328E+01+4.8126124053E+01j -1.2752988567E+00+6.1573315491E+01j -1.3749849934E+02+9.2954353411E+01j
CHECK: -9.0003982122E+01-1.0912039226E+01j 1.2623798244E+02-8.8933931440E+01j 2.7475778498E+02-2.8291343380E+02j
CHECK: < pi     * pi    >  exprs[0]
CHECK: < k      * k     >  exprs[1]
CHECK: < a0     * a0    >  exprs[2]
CHECK: < kappa  * kappa >  exprs[3]
CHECK: 9.1506526013E+02+8.0463322031E+02j 6.0618361730E+02+2.9289374823E+03j 1.1912464114E+03-5.6392051333E+02j
CHECK: 1.1479714711E+03+6.2672661004E+02j 4.8683671274E+02+2.6997526841E+03j 1.0708567828E+03-6.7312428911E+02j
CHECK: < pi0(t_1)^dag * pi0(t_2) >  exprs[0]
CHECK: < (1/2) * ( K0(t_1)^dag * K0(t_2) + K0b(t_1)^dag * K0b(t_2) ) >  exprs[1]
CHECK: -6.1083746540E+01+1.0331452967E+01j -8.0196906057E+01+1.0760482490E+02j -3.5511621019E+01-1.4002663000E+01j
CHECK: 8.9722212292E+01+2.1944578819E+01j 3.0156536842E+01-1.2004798738E+02j -1.7895979855E+01+9.1477257684E+01j
CHECK: < (a_pi * pi) >  exprs[0]
CHECK: < (a_k  * k ) >  exprs[1]
CHECK: 5.1110691153E-01+1.6586050381E+01j -4.3522360355E+01+5.0632635535E+01j -7.5558053257E+01+1.2734571689E+02j
CHECK: -2.5571170066E+01-3.3043483197E+01j 4.6414857190E+01-8.2206529897E+01j 2.8209977395E+02-2.6587100739E+02j
CHECK: < pi0(t_1)^dag * ubaru(x_1) * pi0(t_2) >  exprs[0]
CHECK: < pi0(t_1)^dag * dbard(x_1) * pi0(t_2) >  exprs[1]
CHECK: < (1/2) * ( pi+(t_1)^dag * ubaru(x_1) * pi+(t_2) + pi-(t_1)^dag * ubaru(x_1) * pi-(t_2) ) >  exprs[2]
CHECK: < (1/2) * ( pi+(t_1)^dag * dbard(x_1) * pi+(t_2) + pi-(t_1)^dag * dbard(x_1) * pi-(t_2) ) >  exprs[3]
CHECK: < (1/2) * ( K0(t_1)^dag * dbard(x_1) * K0(t_2) + K0b(t_1)^dag * dbard(x_1) * K0b(t_2) ) >  exprs[4]
CHECK: < (1/2) * ( K0(t_1)^dag * sbars(x_1) * K0(t_2) + K0b(t_1)^dag * sbars(x_1) * K0b(t_2) ) >  exprs[5]
CHECK: < (1/2) * ( K+(t_1)^dag * ubaru(x_1) * K+(t_2) + K-(t_1)^dag * ubaru(x_1) * K-(t_2) ) >  exprs[6]
CHECK: < (1/2) * ( K+(t_1)^dag * sbars(x_1) * K+(t_2) + K-(t_1)^dag * sbars(x_1) * K-(t_2) ) >  exprs[7]
CHECK: 1.1160247403E+03-5.3549866218E+02j 1.3864411030E+03-6.8091453340E+02j 4.1936480894E+03+4.3136560836E+03j
CHECK: -7.6705692505E+03+9.2296987376E+02j 1.7249055869E+03+4.1986808792E+03j -8.6403502708E+02-2.6939772927E+03j
CHECK: finished successfully.
