CHECK: # < pipi_I0 * Q1(o) * K0 >  exprs[0]
CHECK: # < pipi_I0 * Q2(o) * K0 >  exprs[1]
CHECK: # < pipi_I0 * Q3(o) * K0 >  exprs[2]
CHECK: # < pipi_I0 * Q4(o) * K0 >  exprs[3]
CHECK: # < pipi_I0 * Q5(o) * K0 >  exprs[4]
CHECK: # < pipi_I0 * Q6(o) * K0 >  exprs[5]
CHECK: # < pipi_I0 * Q7(o) * K0 >  exprs[6]
CHECK: # < pipi_I0 * Q8(o) * K0 >  exprs[7]
CHECK: # < pipi_I0 * Q9(o) * K0 >  exprs[8]
CHECK: # < pipi_I0 * Q10(o) * K0 >  exprs[9]
CHECK: # < pipi_I0 * Qs(o) * K0 >  exprs[10]
CHECK: # < pipi_I0 * Q1(e) * K0 >  exprs[11]
CHECK: # < pipi_I0 * Q2(e) * K0 >  exprs[12]
CHECK: # < pipi_I0 * Q3(e) * K0 >  exprs[13]
CHECK: # < pipi_I0 * Q4(e) * K0 >  exprs[14]
CHECK: # < pipi_I0 * Q5(e) * K0 >  exprs[15]
CHECK: # < pipi_I0 * Q6(e) * K0 >  exprs[16]
CHECK: # < pipi_I0 * Q7(e) * K0 >  exprs[17]
CHECK: # < pipi_I0 * Q8(e) * K0 >  exprs[18]
CHECK: # < pipi_I0 * Q9(e) * K0 >  exprs[19]
CHECK: # < pipi_I0 * Q10(e) * K0 >  exprs[20]
CHECK: # < pipi_I0 * Qs(e) * K0 >  exprs[21]
CHECK: # < pipi_I2 * Q1(o) * K0 >  exprs[22]
CHECK: # < pipi_I2 * Q2(o) * K0 >  exprs[23]
CHECK: # < pipi_I2 * Q3(o) * K0 >  exprs[24]
CHECK: # < pipi_I2 * Q4(o) * K0 >  exprs[25]
CHECK: # < pipi_I2 * Q5(o) * K0 >  exprs[26]
CHECK: # < pipi_I2 * Q6(o) * K0 >  exprs[27]
CHECK: # < pipi_I2 * Q7(o) * K0 >  exprs[28]
CHECK: # < pipi_I2 * Q8(o) * K0 >  exprs[29]
CHECK: # < pipi_I2 * Q9(o) * K0 >  exprs[30]
CHECK: # < pipi_I2 * Q10(o) * K0 >  exprs[31]
CHECK: # < pipi_I2 * Qs(o) * K0 >  exprs[32]
CHECK: # < pipi_I2 * Q1(e) * K0 >  exprs[33]
CHECK: # < pipi_I2 * Q2(e) * K0 >  exprs[34]
CHECK: # < pipi_I2 * Q3(e) * K0 >  exprs[35]
CHECK: # < pipi_I2 * Q4(e) * K0 >  exprs[36]
CHECK: # < pipi_I2 * Q5(e) * K0 >  exprs[37]
CHECK: # < pipi_I2 * Q6(e) * K0 >  exprs[38]
CHECK: # < pipi_I2 * Q7(e) * K0 >  exprs[39]
CHECK: # < pipi_I2 * Q8(e) * K0 >  exprs[40]
CHECK: # < pipi_I2 * Q9(e) * K0 >  exprs[41]
CHECK: # < pipi_I2 * Q10(e) * K0 >  exprs[42]
CHECK: # < pipi_I2 * Qs(e) * K0 >  exprs[43]
CHECK: # < sigma_1 * Q1(o) * K0 >  exprs[44]
CHECK: # < sigma_1 * Q2(o) * K0 >  exprs[45]
CHECK: # < sigma_1 * Q3(o) * K0 >  exprs[46]
CHECK: # < sigma_1 * Q4(o) * K0 >  exprs[47]
CHECK: # < sigma_1 * Q5(o) * K0 >  exprs[48]
CHECK: # < sigma_1 * Q6(o) * K0 >  exprs[49]
CHECK: # < sigma_1 * Q7(o) * K0 >  exprs[50]
CHECK: # < sigma_1 * Q8(o) * K0 >  exprs[51]
CHECK: # < sigma_1 * Q9(o) * K0 >  exprs[52]
CHECK: # < sigma_1 * Q10(o) * K0 >  exprs[53]
CHECK: # < sigma_1 * Qs(o) * K0 >  exprs[54]
CHECK: # < sigma_1 * Q1(e) * K0 >  exprs[55]
CHECK: # < sigma_1 * Q2(e) * K0 >  exprs[56]
CHECK: # < sigma_1 * Q3(e) * K0 >  exprs[57]
CHECK: # < sigma_1 * Q4(e) * K0 >  exprs[58]
CHECK: # < sigma_1 * Q5(e) * K0 >  exprs[59]
CHECK: # < sigma_1 * Q6(e) * K0 >  exprs[60]
CHECK: # < sigma_1 * Q7(e) * K0 >  exprs[61]
CHECK: # < sigma_1 * Q8(e) * K0 >  exprs[62]
CHECK: # < sigma_1 * Q9(e) * K0 >  exprs[63]
CHECK: # < sigma_1 * Q10(e) * K0 >  exprs[64]
CHECK: # < sigma_1 * Qs(e) * K0 >  exprs[65]
CHECK: # < sigma_2 * Q1(o) * K0 >  exprs[66]
CHECK: # < sigma_2 * Q2(o) * K0 >  exprs[67]
CHECK: # < sigma_2 * Q3(o) * K0 >  exprs[68]
CHECK: # < sigma_2 * Q4(o) * K0 >  exprs[69]
CHECK: # < sigma_2 * Q5(o) * K0 >  exprs[70]
CHECK: # < sigma_2 * Q6(o) * K0 >  exprs[71]
CHECK: # < sigma_2 * Q7(o) * K0 >  exprs[72]
CHECK: # < sigma_2 * Q8(o) * K0 >  exprs[73]
CHECK: # < sigma_2 * Q9(o) * K0 >  exprs[74]
CHECK: # < sigma_2 * Q10(o) * K0 >  exprs[75]
CHECK: # < sigma_2 * Qs(o) * K0 >  exprs[76]
CHECK: # < sigma_2 * Q1(e) * K0 >  exprs[77]
CHECK: # < sigma_2 * Q2(e) * K0 >  exprs[78]
CHECK: # < sigma_2 * Q3(e) * K0 >  exprs[79]
CHECK: # < sigma_2 * Q4(e) * K0 >  exprs[80]
CHECK: # < sigma_2 * Q5(e) * K0 >  exprs[81]
CHECK: # < sigma_2 * Q6(e) * K0 >  exprs[82]
CHECK: # < sigma_2 * Q7(e) * K0 >  exprs[83]
CHECK: # < sigma_2 * Q8(e) * K0 >  exprs[84]
CHECK: # < sigma_2 * Q9(e) * K0 >  exprs[85]
CHECK: # < sigma_2 * Q10(e) * K0 >  exprs[86]
CHECK: # < sigma_2 * Qs(e) * K0 >  exprs[87]
CHECK: # < pi0_1 * Q1(o) * K0 >  exprs[88]
CHECK: # < pi0_1 * Q2(o) * K0 >  exprs[89]
CHECK: # < pi0_1 * Q3(o) * K0 >  exprs[90]
CHECK: # < pi0_1 * Q4(o) * K0 >  exprs[91]
CHECK: # < pi0_1 * Q5(o) * K0 >  exprs[92]
CHECK: # < pi0_1 * Q6(o) * K0 >  exprs[93]
CHECK: # < pi0_1 * Q7(o) * K0 >  exprs[94]
CHECK: # < pi0_1 * Q8(o) * K0 >  exprs[95]
CHECK: # < pi0_1 * Q9(o) * K0 >  exprs[96]
CHECK: # < pi0_1 * Q10(o) * K0 >  exprs[97]
CHECK: # < pi0_1 * Qs(o) * K0 >  exprs[98]
CHECK: # < pi0_1 * Q1(e) * K0 >  exprs[99]
CHECK: # < pi0_1 * Q2(e) * K0 >  exprs[100]
CHECK: # < pi0_1 * Q3(e) * K0 >  exprs[101]
CHECK: # < pi0_1 * Q4(e) * K0 >  exprs[102]
CHECK: # < pi0_1 * Q5(e) * K0 >  exprs[103]
CHECK: # < pi0_1 * Q6(e) * K0 >  exprs[104]
CHECK: # < pi0_1 * Q7(e) * K0 >  exprs[105]
CHECK: # < pi0_1 * Q8(e) * K0 >  exprs[106]
CHECK: # < pi0_1 * Q9(e) * K0 >  exprs[107]
CHECK: # < pi0_1 * Q10(e) * K0 >  exprs[108]
CHECK: # < pi0_1 * Qs(e) * K0 >  exprs[109]
CHECK: # < pi0_2 * Q1(o) * K0 >  exprs[110]
CHECK: # < pi0_2 * Q2(o) * K0 >  exprs[111]
CHECK: # < pi0_2 * Q3(o) * K0 >  exprs[112]
CHECK: # < pi0_2 * Q4(o) * K0 >  exprs[113]
CHECK: # < pi0_2 * Q5(o) * K0 >  exprs[114]
CHECK: # < pi0_2 * Q6(o) * K0 >  exprs[115]
CHECK: # < pi0_2 * Q7(o) * K0 >  exprs[116]
CHECK: # < pi0_2 * Q8(o) * K0 >  exprs[117]
CHECK: # < pi0_2 * Q9(o) * K0 >  exprs[118]
CHECK: # < pi0_2 * Q10(o) * K0 >  exprs[119]
CHECK: # < pi0_2 * Qs(o) * K0 >  exprs[120]
CHECK: # < pi0_2 * Q1(e) * K0 >  exprs[121]
CHECK: # < pi0_2 * Q2(e) * K0 >  exprs[122]
CHECK: # < pi0_2 * Q3(e) * K0 >  exprs[123]
CHECK: # < pi0_2 * Q4(e) * K0 >  exprs[124]
CHECK: # < pi0_2 * Q5(e) * K0 >  exprs[125]
CHECK: # < pi0_2 * Q6(e) * K0 >  exprs[126]
CHECK: # < pi0_2 * Q7(e) * K0 >  exprs[127]
CHECK: # < pi0_2 * Q8(e) * K0 >  exprs[128]
CHECK: # < pi0_2 * Q9(e) * K0 >  exprs[129]
CHECK: # < pi0_2 * Q10(e) * K0 >  exprs[130]
CHECK: # < pi0_2 * Qs(e) * K0 >  exprs[131]
CHECK: # < 1 * Q1(o) * K0 >  exprs[132]
CHECK: # < 1 * Q2(o) * K0 >  exprs[133]
CHECK: # < 1 * Q3(o) * K0 >  exprs[134]
CHECK: # < 1 * Q4(o) * K0 >  exprs[135]
CHECK: # < 1 * Q5(o) * K0 >  exprs[136]
CHECK: # < 1 * Q6(o) * K0 >  exprs[137]
CHECK: # < 1 * Q7(o) * K0 >  exprs[138]
CHECK: # < 1 * Q8(o) * K0 >  exprs[139]
CHECK: # < 1 * Q9(o) * K0 >  exprs[140]
CHECK: # < 1 * Q10(o) * K0 >  exprs[141]
CHECK: # < 1 * Qs(o) * K0 >  exprs[142]
CHECK: # < 1 * Q1(e) * K0 >  exprs[143]
CHECK: # < 1 * Q2(e) * K0 >  exprs[144]
CHECK: # < 1 * Q3(e) * K0 >  exprs[145]
CHECK: # < 1 * Q4(e) * K0 >  exprs[146]
CHECK: # < 1 * Q5(e) * K0 >  exprs[147]
CHECK: # < 1 * Q6(e) * K0 >  exprs[148]
CHECK: # < 1 * Q7(e) * K0 >  exprs[149]
CHECK: # < 1 * Q8(e) * K0 >  exprs[150]
CHECK: # < 1 * Q9(e) * K0 >  exprs[151]
CHECK: # < 1 * Q10(e) * K0 >  exprs[152]
CHECK: # < 1 * Qs(e) * K0 >  exprs[153]
CHECK: 2.8269669315E+03+2.2134989050E+03j 5.5483340279E+03+1.0406333847E+04j -1.0119065893E+04-3.5287184340E+03j
CHECK: finished successfully.
