CHECK: < pipi_I0 * Q1(o) * K0 >  exprs[0]
CHECK: < pipi_I0 * Q2(o) * K0 >  exprs[1]
CHECK: < pipi_I0 * Q3(o) * K0 >  exprs[2]
CHECK: < pipi_I0 * Q4(o) * K0 >  exprs[3]
CHECK: < pipi_I0 * Q5(o) * K0 >  exprs[4]
CHECK: < pipi_I0 * Q6(o) * K0 >  exprs[5]
CHECK: < pipi_I0 * Q7(o) * K0 >  exprs[6]
CHECK: < pipi_I0 * Q8(o) * K0 >  exprs[7]
CHECK: < pipi_I0 * Q9(o) * K0 >  exprs[8]
CHECK: < pipi_I0 * Q10(o) * K0 >  exprs[9]
CHECK: < pipi_I0 * Qs(o) * K0 >  exprs[10]
CHECK: < pipi_I0 * Q1(e) * K0 >  exprs[11]
CHECK: < pipi_I0 * Q2(e) * K0 >  exprs[12]
CHECK: < pipi_I0 * Q3(e) * K0 >  exprs[13]
CHECK: < pipi_I0 * Q4(e) * K0 >  exprs[14]
CHECK: < pipi_I0 * Q5(e) * K0 >  exprs[15]
CHECK: < pipi_I0 * Q6(e) * K0 >  exprs[16]
CHECK: < pipi_I0 * Q7(e) * K0 >  exprs[17]
CHECK: < pipi_I0 * Q8(e) * K0 >  exprs[18]
CHECK: < pipi_I0 * Q9(e) * K0 >  exprs[19]
CHECK: < pipi_I0 * Q10(e) * K0 >  exprs[20]
CHECK: < pipi_I0 * Qs(e) * K0 >  exprs[21]
CHECK: < pipi_I2 * Q1(o) * K0 >  exprs[22]
CHECK: < pipi_I2 * Q2(o) * K0 >  exprs[23]
CHECK: < pipi_I2 * Q3(o) * K0 >  exprs[24]
CHECK: < pipi_I2 * Q4(o) * K0 >  exprs[25]
CHECK: < pipi_I2 * Q5(o) * K0 >  exprs[26]
CHECK: < pipi_I2 * Q6(o) * K0 >  exprs[27]
CHECK: < pipi_I2 * Q7(o) * K0 >  exprs[28]
CHECK: < pipi_I2 * Q8(o) * K0 >  exprs[29]
CHECK: < pipi_I2 * Q9(o) * K0 >  exprs[30]
CHECK: < pipi_I2 * Q10(o) * K0 >  exprs[31]
CHECK: < pipi_I2 * Qs(o) * K0 >  exprs[32]
CHECK: < pipi_I2 * Q1(e) * K0 >  exprs[33]
CHECK: < pipi_I2 * Q2(e) * K0 >  exprs[34]
CHECK: < pipi_I2 * Q3(e) * K0 >  exprs[35]
CHECK: < pipi_I2 * Q4(e) * K0 >  exprs[36]
CHECK: < pipi_I2 * Q5(e) * K0 >  exprs[37]
CHECK: < pipi_I2 * Q6(e) * K0 >  exprs[38]
CHECK: < pipi_I2 * Q7(e) * K0 >  exprs[39]
CHECK: < pipi_I2 * Q8(e) * K0 >  exprs[40]
CHECK: < pipi_I2 * Q9(e) * K0 >  exprs[41]
CHECK: < pipi_I2 * Q10(e) * K0 >  exprs[42]
CHECK: < pipi_I2 * Qs(e) * K0 >  exprs[43]
CHECK: < pipi_I0_mom1 * Q1(o) * K0 >  exprs[44]
CHECK: < pipi_I0_mom1 * Q2(o) * K0 >  exprs[45]
CHECK: < pipi_I0_mom1 * Q3(o) * K0 >  exprs[46]
CHECK: < pipi_I0_mom1 * Q4(o) * K0 >  exprs[47]
CHECK: < pipi_I0_mom1 * Q5(o) * K0 >  exprs[48]
CHECK: < pipi_I0_mom1 * Q6(o) * K0 >  exprs[49]
CHECK: < pipi_I0_mom1 * Q7(o) * K0 >  exprs[50]
CHECK: < pipi_I0_mom1 * Q8(o) * K0 >  exprs[51]
CHECK: < pipi_I0_mom1 * Q9(o) * K0 >  exprs[52]
CHECK: < pipi_I0_mom1 * Q10(o) * K0 >  exprs[53]
CHECK: < pipi_I0_mom1 * Qs(o) * K0 >  exprs[54]
CHECK: < pipi_I0_mom1 * Q1(e) * K0 >  exprs[55]
CHECK: < pipi_I0_mom1 * Q2(e) * K0 >  exprs[56]
CHECK: < pipi_I0_mom1 * Q3(e) * K0 >  exprs[57]
CHECK: < pipi_I0_mom1 * Q4(e) * K0 >  exprs[58]
CHECK: < pipi_I0_mom1 * Q5(e) * K0 >  exprs[59]
CHECK: < pipi_I0_mom1 * Q6(e) * K0 >  exprs[60]
CHECK: < pipi_I0_mom1 * Q7(e) * K0 >  exprs[61]
CHECK: < pipi_I0_mom1 * Q8(e) * K0 >  exprs[62]
CHECK: < pipi_I0_mom1 * Q9(e) * K0 >  exprs[63]
CHECK: < pipi_I0_mom1 * Q10(e) * K0 >  exprs[64]
CHECK: < pipi_I0_mom1 * Qs(e) * K0 >  exprs[65]
CHECK: < pipi_I2_mom1 * Q1(o) * K0 >  exprs[66]
CHECK: < pipi_I2_mom1 * Q2(o) * K0 >  exprs[67]
CHECK: < pipi_I2_mom1 * Q3(o) * K0 >  exprs[68]
CHECK: < pipi_I2_mom1 * Q4(o) * K0 >  exprs[69]
CHECK: < pipi_I2_mom1 * Q5(o) * K0 >  exprs[70]
CHECK: < pipi_I2_mom1 * Q6(o) * K0 >  exprs[71]
CHECK: < pipi_I2_mom1 * Q7(o) * K0 >  exprs[72]
CHECK: < pipi_I2_mom1 * Q8(o) * K0 >  exprs[73]
CHECK: < pipi_I2_mom1 * Q9(o) * K0 >  exprs[74]
CHECK: < pipi_I2_mom1 * Q10(o) * K0 >  exprs[75]
CHECK: < pipi_I2_mom1 * Qs(o) * K0 >  exprs[76]
CHECK: < pipi_I2_mom1 * Q1(e) * K0 >  exprs[77]
CHECK: < pipi_I2_mom1 * Q2(e) * K0 >  exprs[78]
CHECK: < pipi_I2_mom1 * Q3(e) * K0 >  exprs[79]
CHECK: < pipi_I2_mom1 * Q4(e) * K0 >  exprs[80]
CHECK: < pipi_I2_mom1 * Q5(e) * K0 >  exprs[81]
CHECK: < pipi_I2_mom1 * Q6(e) * K0 >  exprs[82]
CHECK: < pipi_I2_mom1 * Q7(e) * K0 >  exprs[83]
CHECK: < pipi_I2_mom1 * Q8(e) * K0 >  exprs[84]
CHECK: < pipi_I2_mom1 * Q9(e) * K0 >  exprs[85]
CHECK: < pipi_I2_mom1 * Q10(e) * K0 >  exprs[86]
CHECK: < pipi_I2_mom1 * Qs(e) * K0 >  exprs[87]
CHECK: < sigma_1 * Q1(o) * K0 >  exprs[88]
CHECK: < sigma_1 * Q2(o) * K0 >  exprs[89]
CHECK: < sigma_1 * Q3(o) * K0 >  exprs[90]
CHECK: < sigma_1 * Q4(o) * K0 >  exprs[91]
CHECK: < sigma_1 * Q5(o) * K0 >  exprs[92]
CHECK: < sigma_1 * Q6(o) * K0 >  exprs[93]
CHECK: < sigma_1 * Q7(o) * K0 >  exprs[94]
CHECK: < sigma_1 * Q8(o) * K0 >  exprs[95]
CHECK: < sigma_1 * Q9(o) * K0 >  exprs[96]
CHECK: < sigma_1 * Q10(o) * K0 >  exprs[97]
CHECK: < sigma_1 * Qs(o) * K0 >  exprs[98]
CHECK: < sigma_1 * Q1(e) * K0 >  exprs[99]
CHECK: < sigma_1 * Q2(e) * K0 >  exprs[100]
CHECK: < sigma_1 * Q3(e) * K0 >  exprs[101]
CHECK: < sigma_1 * Q4(e) * K0 >  exprs[102]
CHECK: < sigma_1 * Q5(e) * K0 >  exprs[103]
CHECK: < sigma_1 * Q6(e) * K0 >  exprs[104]
CHECK: < sigma_1 * Q7(e) * K0 >  exprs[105]
CHECK: < sigma_1 * Q8(e) * K0 >  exprs[106]
CHECK: < sigma_1 * Q9(e) * K0 >  exprs[107]
CHECK: < sigma_1 * Q10(e) * K0 >  exprs[108]
CHECK: < sigma_1 * Qs(e) * K0 >  exprs[109]
CHECK: < sigma_2 * Q1(o) * K0 >  exprs[110]
CHECK: < sigma_2 * Q2(o) * K0 >  exprs[111]
CHECK: < sigma_2 * Q3(o) * K0 >  exprs[112]
CHECK: < sigma_2 * Q4(o) * K0 >  exprs[113]
CHECK: < sigma_2 * Q5(o) * K0 >  exprs[114]
CHECK: < sigma_2 * Q6(o) * K0 >  exprs[115]
CHECK: < sigma_2 * Q7(o) * K0 >  exprs[116]
CHECK: < sigma_2 * Q8(o) * K0 >  exprs[117]
CHECK: < sigma_2 * Q9(o) * K0 >  exprs[118]
CHECK: < sigma_2 * Q10(o) * K0 >  exprs[119]
CHECK: < sigma_2 * Qs(o) * K0 >  exprs[120]
CHECK: < sigma_2 * Q1(e) * K0 >  exprs[121]
CHECK: < sigma_2 * Q2(e) * K0 >  exprs[122]
CHECK: < sigma_2 * Q3(e) * K0 >  exprs[123]
CHECK: < sigma_2 * Q4(e) * K0 >  exprs[124]
CHECK: < sigma_2 * Q5(e) * K0 >  exprs[125]
CHECK: < sigma_2 * Q6(e) * K0 >  exprs[126]
CHECK: < sigma_2 * Q7(e) * K0 >  exprs[127]
CHECK: < sigma_2 * Q8(e) * K0 >  exprs[128]
CHECK: < sigma_2 * Q9(e) * K0 >  exprs[129]
CHECK: < sigma_2 * Q10(e) * K0 >  exprs[130]
CHECK: < sigma_2 * Qs(e) * K0 >  exprs[131]
CHECK: < pi0_1 * Q1(o) * K0 >  exprs[132]
CHECK: < pi0_1 * Q2(o) * K0 >  exprs[133]
CHECK: < pi0_1 * Q3(o) * K0 >  exprs[134]
CHECK: < pi0_1 * Q4(o) * K0 >  exprs[135]
CHECK: < pi0_1 * Q5(o) * K0 >  exprs[136]
CHECK: < pi0_1 * Q6(o) * K0 >  exprs[137]
CHECK: < pi0_1 * Q7(o) * K0 >  exprs[138]
CHECK: < pi0_1 * Q8(o) * K0 >  exprs[139]
CHECK: < pi0_1 * Q9(o) * K0 >  exprs[140]
CHECK: < pi0_1 * Q10(o) * K0 >  exprs[141]
CHECK: < pi0_1 * Qs(o) * K0 >  exprs[142]
CHECK: < pi0_1 * Q1(e) * K0 >  exprs[143]
CHECK: < pi0_1 * Q2(e) * K0 >  exprs[144]
CHECK: < pi0_1 * Q3(e) * K0 >  exprs[145]
CHECK: < pi0_1 * Q4(e) * K0 >  exprs[146]
CHECK: < pi0_1 * Q5(e) * K0 >  exprs[147]
CHECK: < pi0_1 * Q6(e) * K0 >  exprs[148]
CHECK: < pi0_1 * Q7(e) * K0 >  exprs[149]
CHECK: < pi0_1 * Q8(e) * K0 >  exprs[150]
CHECK: < pi0_1 * Q9(e) * K0 >  exprs[151]
CHECK: < pi0_1 * Q10(e) * K0 >  exprs[152]
CHECK: < pi0_1 * Qs(e) * K0 >  exprs[153]
CHECK: < pi0_2 * Q1(o) * K0 >  exprs[154]
CHECK: < pi0_2 * Q2(o) * K0 >  exprs[155]
CHECK: < pi0_2 * Q3(o) * K0 >  exprs[156]
CHECK: < pi0_2 * Q4(o) * K0 >  exprs[157]
CHECK: < pi0_2 * Q5(o) * K0 >  exprs[158]
CHECK: < pi0_2 * Q6(o) * K0 >  exprs[159]
CHECK: < pi0_2 * Q7(o) * K0 >  exprs[160]
CHECK: < pi0_2 * Q8(o) * K0 >  exprs[161]
CHECK: < pi0_2 * Q9(o) * K0 >  exprs[162]
CHECK: < pi0_2 * Q10(o) * K0 >  exprs[163]
CHECK: < pi0_2 * Qs(o) * K0 >  exprs[164]
CHECK: < pi0_2 * Q1(e) * K0 >  exprs[165]
CHECK: < pi0_2 * Q2(e) * K0 >  exprs[166]
CHECK: < pi0_2 * Q3(e) * K0 >  exprs[167]
CHECK: < pi0_2 * Q4(e) * K0 >  exprs[168]
CHECK: < pi0_2 * Q5(e) * K0 >  exprs[169]
CHECK: < pi0_2 * Q6(e) * K0 >  exprs[170]
CHECK: < pi0_2 * Q7(e) * K0 >  exprs[171]
CHECK: < pi0_2 * Q8(e) * K0 >  exprs[172]
CHECK: < pi0_2 * Q9(e) * K0 >  exprs[173]
CHECK: < pi0_2 * Q10(e) * K0 >  exprs[174]
CHECK: < pi0_2 * Qs(e) * K0 >  exprs[175]
CHECK: < 1 * Q1(o) * K0 >  exprs[176]
CHECK: < 1 * Q2(o) * K0 >  exprs[177]
CHECK: < 1 * Q3(o) * K0 >  exprs[178]
CHECK: < 1 * Q4(o) * K0 >  exprs[179]
CHECK: < 1 * Q5(o) * K0 >  exprs[180]
CHECK: < 1 * Q6(o) * K0 >  exprs[181]
CHECK: < 1 * Q7(o) * K0 >  exprs[182]
CHECK: < 1 * Q8(o) * K0 >  exprs[183]
CHECK: < 1 * Q9(o) * K0 >  exprs[184]
CHECK: < 1 * Q10(o) * K0 >  exprs[185]
CHECK: < 1 * Qs(o) * K0 >  exprs[186]
CHECK: < 1 * Q1(e) * K0 >  exprs[187]
CHECK: < 1 * Q2(e) * K0 >  exprs[188]
CHECK: < 1 * Q3(e) * K0 >  exprs[189]
CHECK: < 1 * Q4(e) * K0 >  exprs[190]
CHECK: < 1 * Q5(e) * K0 >  exprs[191]
CHECK: < 1 * Q6(e) * K0 >  exprs[192]
CHECK: < 1 * Q7(e) * K0 >  exprs[193]
CHECK: < 1 * Q8(e) * K0 >  exprs[194]
CHECK: < 1 * Q9(e) * K0 >  exprs[195]
CHECK: < 1 * Q10(e) * K0 >  exprs[196]
CHECK: < 1 * Qs(e) * K0 >  exprs[197]
CHECK: -7.4719130665E+03-2.5966659423E+04j 8.4119990595E+03-6.3845238026E+03j -2.7584471929E+04-3.8289126969E+04j
CHECK: -1.0079556892E+06-2.9971824992E+05j -1.7201129795E+05-6.6094636022E+05j -1.7876490040E+06-7.7361079508E+04j
CHECK: finished successfully.
