CHECK: ('job_tag', 'test-4nt8')
CHECK: ('total_site', (4, 4, 4, 8))
CHECK: ('load_config_params', {'twist_boundary_at_boundary': [0.0, 0.0, 0.0, -0.5]})
CHECK: ('fermion_params', {0: {0: {'M5': 1.8, 'boundary_phases': [1.0, 1.0, 1.0, 1.0], 'b': 1.5, 'c': 0.5, 'Ls': 8, 'mass': 0.01}, 1: {'M5': 1.8, 'boundary_phases': [1.0, 1.0, 1.0, 1.0], 'b': 1.5, 'c': 0.5, 'Ls': 8, 'mass': 0.01}, 2: {'M5': 1.8, 'boundary_phases': [1.0, 1.0, 1.0, 1.0], 'b': 1.5, 'c': 0.5, 'Ls': 10, 'mass': 0.01}}, 1: {0: {'M5': 1.8, 'boundary_phases': [1.0, 1.0, 1.0, 1.0], 'b': 1.5, 'c': 0.5, 'Ls': 8, 'mass': 0.04}, 1: {'M5': 1.8, 'boundary_phases': [1.0, 1.0, 1.0, 1.0], 'b': 1.5, 'c': 0.5, 'Ls': 8, 'mass': 0.04}, 2: {'M5': 1.8, 'boundary_phases': [1.0, 1.0, 1.0, 1.0], 'b': 1.5, 'c': 0.5, 'Ls': 10, 'mass': 0.04}}, 2: {0: {'M5': 1.8, 'boundary_phases': [1.0, 1.0, 1.0, 1.0], 'b': 1.5, 'c': 0.5, 'Ls': 8, 'mass': 0.2}, 1: {'M5': 1.8, 'boundary_phases': [1.0, 1.0, 1.0, 1.0], 'b': 1.5, 'c': 0.5, 'Ls': 8, 'mass': 0.2}, 2: {'M5': 1.8, 'boundary_phases': [1.0, 1.0, 1.0, 1.0], 'b': 1.5, 'c': 0.5, 'Ls': 10, 'mass': 0.2}}})
CHECK: ('lanc_params', {0: {0: {'fermion_params': {'M5': 1.8, 'boundary_phases': [1.0, 1.0, 1.0, 1.0], 'b': 1.5, 'c': 0.5, 'Ls': 8, 'mass': 0.01}, 'pit_params': {'eps': 0.01, 'maxiter': 500, 'real': True}, 'cheby_params': {'low': 0.1, 'high': 5.5, 'order': 50}, 'irl_params': {'Nstop': 20, 'Nk': 25, 'Nm': 30, 'resid': 1e-08, 'betastp': 0.0, 'maxiter': 20, 'Nminres': 1}}}})
CHECK: ('clanc_params', {0: {0: {'block': [2, 2, 2, 2], 'nbasis': 20, 'cheby_params': {'low': 0.2, 'high': 5.5, 'order': 50}, 'irl_params': {'Nstop': 30, 'Nk': 35, 'Nm': 40, 'resid': 1e-08, 'betastp': 0.0, 'maxiter': 20, 'Nminres': 1}, 'smoother_params': {'eps': 1e-08, 'maxiter': 10}, 'save_params': {'nsingle': 10, 'mpi': [1, 1, 1, 4]}}}})
CHECK: ('gf_ape_smear_coef', 0.5)
CHECK: ('gf_ape_smear_step', 30)
CHECK: ('prop_smear_coef', 0.9375)
CHECK: ('prop_smear_step', 10)
CHECK: ('trajs', [1000, 1100, 1200, 1300])
CHECK: ('field-selection-fsel-rate', 0.0625)
CHECK: ('field-selection-psel-rate', 0.03125)
CHECK: ('field-selection-fsel-psrc-prop-norm-threshold', 0.001)
CHECK: ('n_points_psel', 6)
CHECK: ('n_exact_wsrc', 2)
CHECK: ('n_per_tslice_smear', 2)
CHECK: ('prob_acc_1_smear', 0.25)
CHECK: ('prob_acc_2_smear', 0.0625)
CHECK: ('prob_acc_1_psrc', 0.25)
CHECK: ('prob_acc_2_psrc', 0.0625)
CHECK: ('n_rand_u1_fsel', 4)
CHECK: ('prob_acc_1_rand_u1', 0.25)
CHECK: ('prob_acc_2_rand_u1', 0.0625)
CHECK: ('meson_tensor_tsep', 1)
CHECK: ('meson_jwjj_threshold', 0.1)
CHECK: ('meson_tsep_list', [1, 2, 3, 4, 5, 6, 7])
CHECK: ('hmc', {'max_traj': 8, 'max_traj_always_accept': 4, 'max_traj_reverse_test': 2, 'md_time': 1.0, 'n_step': 6, 'beta': 2.13, 'c1': -0.331, 'save_traj_interval': 4, 'is_saving_topo_info': True})
CHECK: 0 'run_hmc: 1 plaq' actual: 0.7349941278702551 ; load: 0.518293870285883 .
CHECK: target eps: 1e-05 ; actual eps: 0.34581079193798353 .
CHECK: ERROR: JSON results value does not match.
CHECK: 1 'run_hmc: 2 plaq' actual: 0.6690061680093138 ; load: 0.22815696564136062 .
CHECK: target eps: 1e-05 ; actual eps: 0.9827626344254248 .
CHECK: ERROR: JSON results value does not match.
CHECK: 2 'run_hmc: 3 plaq' actual: 0.6347955903849722 ; load: 0.158129326711539 .
CHECK: target eps: 1e-05 ; actual eps: 1.2022986121280272 .
CHECK: ERROR: JSON results value does not match.
CHECK: 3 'run_hmc: 4 plaq' actual: 0.6347955903849722 ; load: 0.158129326711539 .
CHECK: target eps: 1e-05 ; actual eps: 1.2022986121280272 .
CHECK: ERROR: JSON results value does not match.
CHECK: 4 'run_hmc: 5 plaq' actual: 0.6347955903849722 ; load: 0.158129326711539 .
CHECK: target eps: 1e-05 ; actual eps: 1.2022986121280272 .
CHECK: ERROR: JSON results value does not match.
CHECK: 5 'run_hmc: 6 plaq' actual: 0.6347955903849722 ; load: 0.158129326711539 .
CHECK: target eps: 1e-05 ; actual eps: 1.2022986121280272 .
CHECK: ERROR: JSON results value does not match.
CHECK: 6 'run_hmc: 7 plaq' actual: 0.6347955903849722 ; load: 0.158129326711539 .
CHECK: target eps: 1e-05 ; actual eps: 1.2022986121280272 .
CHECK: ERROR: JSON results value does not match.
CHECK: 7 'run_hmc: 8 plaq' actual: 0.6347955903849722 ; load: 0.158129326711539 .
CHECK: target eps: 1e-05 ; actual eps: 1.2022986121280272 .
CHECK: ERROR: JSON results value does not match.
CHECK: finished successfully.
