CHECK: params: test-4nt8: {
CHECK: params: test-4nt8:   "job_tag": "test-4nt8",
CHECK: params: test-4nt8:   "total_site": [
CHECK: params: test-4nt8:     4,
CHECK: params: test-4nt8:     4,
CHECK: params: test-4nt8:     4,
CHECK: params: test-4nt8:     8
CHECK: params: test-4nt8:   ],
CHECK: params: test-4nt8:   "load_config_params": {
CHECK: params: test-4nt8:     "twist_boundary_at_boundary": [
CHECK: params: test-4nt8:       0.0,
CHECK: params: test-4nt8:       0.0,
CHECK: params: test-4nt8:       0.0,
CHECK: params: test-4nt8:       -0.5
CHECK: params: test-4nt8:     ]
CHECK: params: test-4nt8:   },
CHECK: params: test-4nt8:   "fermion_params": {
CHECK: params: test-4nt8:     "0": {
CHECK: params: test-4nt8:       "0": {
CHECK: params: test-4nt8:         "M5": 1.8,
CHECK: params: test-4nt8:         "boundary_phases": [
CHECK: params: test-4nt8:           1.0,
CHECK: params: test-4nt8:           1.0,
CHECK: params: test-4nt8:           1.0,
CHECK: params: test-4nt8:           1.0
CHECK: params: test-4nt8:         ],
CHECK: params: test-4nt8:         "b": 1.5,
CHECK: params: test-4nt8:         "c": 0.5,
CHECK: params: test-4nt8:         "Ls": 8,
CHECK: params: test-4nt8:         "mass": 0.01
CHECK: params: test-4nt8:       },
CHECK: params: test-4nt8:       "1": {
CHECK: params: test-4nt8:         "M5": 1.8,
CHECK: params: test-4nt8:         "boundary_phases": [
CHECK: params: test-4nt8:           1.0,
CHECK: params: test-4nt8:           1.0,
CHECK: params: test-4nt8:           1.0,
CHECK: params: test-4nt8:           1.0
CHECK: params: test-4nt8:         ],
CHECK: params: test-4nt8:         "b": 1.5,
CHECK: params: test-4nt8:         "c": 0.5,
CHECK: params: test-4nt8:         "Ls": 8,
CHECK: params: test-4nt8:         "mass": 0.01
CHECK: params: test-4nt8:       },
CHECK: params: test-4nt8:       "2": {
CHECK: params: test-4nt8:         "M5": 1.8,
CHECK: params: test-4nt8:         "boundary_phases": [
CHECK: params: test-4nt8:           1.0,
CHECK: params: test-4nt8:           1.0,
CHECK: params: test-4nt8:           1.0,
CHECK: params: test-4nt8:           1.0
CHECK: params: test-4nt8:         ],
CHECK: params: test-4nt8:         "b": 1.5,
CHECK: params: test-4nt8:         "c": 0.5,
CHECK: params: test-4nt8:         "Ls": 10,
CHECK: params: test-4nt8:         "mass": 0.01
CHECK: params: test-4nt8:       }
CHECK: params: test-4nt8:     },
CHECK: params: test-4nt8:     "1": {
CHECK: params: test-4nt8:       "0": {
CHECK: params: test-4nt8:         "M5": 1.8,
CHECK: params: test-4nt8:         "boundary_phases": [
CHECK: params: test-4nt8:           1.0,
CHECK: params: test-4nt8:           1.0,
CHECK: params: test-4nt8:           1.0,
CHECK: params: test-4nt8:           1.0
CHECK: params: test-4nt8:         ],
CHECK: params: test-4nt8:         "b": 1.5,
CHECK: params: test-4nt8:         "c": 0.5,
CHECK: params: test-4nt8:         "Ls": 8,
CHECK: params: test-4nt8:         "mass": 0.04
CHECK: params: test-4nt8:       },
CHECK: params: test-4nt8:       "1": {
CHECK: params: test-4nt8:         "M5": 1.8,
CHECK: params: test-4nt8:         "boundary_phases": [
CHECK: params: test-4nt8:           1.0,
CHECK: params: test-4nt8:           1.0,
CHECK: params: test-4nt8:           1.0,
CHECK: params: test-4nt8:           1.0
CHECK: params: test-4nt8:         ],
CHECK: params: test-4nt8:         "b": 1.5,
CHECK: params: test-4nt8:         "c": 0.5,
CHECK: params: test-4nt8:         "Ls": 8,
CHECK: params: test-4nt8:         "mass": 0.04
CHECK: params: test-4nt8:       },
CHECK: params: test-4nt8:       "2": {
CHECK: params: test-4nt8:         "M5": 1.8,
CHECK: params: test-4nt8:         "boundary_phases": [
CHECK: params: test-4nt8:           1.0,
CHECK: params: test-4nt8:           1.0,
CHECK: params: test-4nt8:           1.0,
CHECK: params: test-4nt8:           1.0
CHECK: params: test-4nt8:         ],
CHECK: params: test-4nt8:         "b": 1.5,
CHECK: params: test-4nt8:         "c": 0.5,
CHECK: params: test-4nt8:         "Ls": 10,
CHECK: params: test-4nt8:         "mass": 0.04
CHECK: params: test-4nt8:       }
CHECK: params: test-4nt8:     },
CHECK: params: test-4nt8:     "2": {
CHECK: params: test-4nt8:       "0": {
CHECK: params: test-4nt8:         "M5": 1.8,
CHECK: params: test-4nt8:         "boundary_phases": [
CHECK: params: test-4nt8:           1.0,
CHECK: params: test-4nt8:           1.0,
CHECK: params: test-4nt8:           1.0,
CHECK: params: test-4nt8:           1.0
CHECK: params: test-4nt8:         ],
CHECK: params: test-4nt8:         "b": 1.5,
CHECK: params: test-4nt8:         "c": 0.5,
CHECK: params: test-4nt8:         "Ls": 8,
CHECK: params: test-4nt8:         "mass": 0.2
CHECK: params: test-4nt8:       },
CHECK: params: test-4nt8:       "1": {
CHECK: params: test-4nt8:         "M5": 1.8,
CHECK: params: test-4nt8:         "boundary_phases": [
CHECK: params: test-4nt8:           1.0,
CHECK: params: test-4nt8:           1.0,
CHECK: params: test-4nt8:           1.0,
CHECK: params: test-4nt8:           1.0
CHECK: params: test-4nt8:         ],
CHECK: params: test-4nt8:         "b": 1.5,
CHECK: params: test-4nt8:         "c": 0.5,
CHECK: params: test-4nt8:         "Ls": 8,
CHECK: params: test-4nt8:         "mass": 0.2
CHECK: params: test-4nt8:       },
CHECK: params: test-4nt8:       "2": {
CHECK: params: test-4nt8:         "M5": 1.8,
CHECK: params: test-4nt8:         "boundary_phases": [
CHECK: params: test-4nt8:           1.0,
CHECK: params: test-4nt8:           1.0,
CHECK: params: test-4nt8:           1.0,
CHECK: params: test-4nt8:           1.0
CHECK: params: test-4nt8:         ],
CHECK: params: test-4nt8:         "b": 1.5,
CHECK: params: test-4nt8:         "c": 0.5,
CHECK: params: test-4nt8:         "Ls": 10,
CHECK: params: test-4nt8:         "mass": 0.2
CHECK: params: test-4nt8:       }
CHECK: params: test-4nt8:     }
CHECK: params: test-4nt8:   },
CHECK: params: test-4nt8:   "lanc_params": {
CHECK: params: test-4nt8:     "0": {
CHECK: params: test-4nt8:       "0": {
CHECK: params: test-4nt8:         "fermion_params": {
CHECK: params: test-4nt8:           "M5": 1.8,
CHECK: params: test-4nt8:           "boundary_phases": [
CHECK: params: test-4nt8:             1.0,
CHECK: params: test-4nt8:             1.0,
CHECK: params: test-4nt8:             1.0,
CHECK: params: test-4nt8:             1.0
CHECK: params: test-4nt8:           ],
CHECK: params: test-4nt8:           "b": 1.5,
CHECK: params: test-4nt8:           "c": 0.5,
CHECK: params: test-4nt8:           "Ls": 8,
CHECK: params: test-4nt8:           "mass": 0.01
CHECK: params: test-4nt8:         },
CHECK: params: test-4nt8:         "pit_params": {
CHECK: params: test-4nt8:           "eps": 0.01,
CHECK: params: test-4nt8:           "maxiter": 500,
CHECK: params: test-4nt8:           "real": true
CHECK: params: test-4nt8:         },
CHECK: params: test-4nt8:         "cheby_params": {
CHECK: params: test-4nt8:           "low": 0.1,
CHECK: params: test-4nt8:           "high": 5.5,
CHECK: params: test-4nt8:           "order": 50
CHECK: params: test-4nt8:         },
CHECK: params: test-4nt8:         "irl_params": {
CHECK: params: test-4nt8:           "Nstop": 20,
CHECK: params: test-4nt8:           "Nk": 25,
CHECK: params: test-4nt8:           "Nm": 30,
CHECK: params: test-4nt8:           "resid": 1e-08,
CHECK: params: test-4nt8:           "betastp": 0.0,
CHECK: params: test-4nt8:           "maxiter": 20,
CHECK: params: test-4nt8:           "Nminres": 1
CHECK: params: test-4nt8:         }
CHECK: params: test-4nt8:       }
CHECK: params: test-4nt8:     }
CHECK: params: test-4nt8:   },
CHECK: params: test-4nt8:   "clanc_params": {
CHECK: params: test-4nt8:     "0": {
CHECK: params: test-4nt8:       "0": {
CHECK: params: test-4nt8:         "block": [
CHECK: params: test-4nt8:           2,
CHECK: params: test-4nt8:           2,
CHECK: params: test-4nt8:           2,
CHECK: params: test-4nt8:           2
CHECK: params: test-4nt8:         ],
CHECK: params: test-4nt8:         "nbasis": 20,
CHECK: params: test-4nt8:         "cheby_params": {
CHECK: params: test-4nt8:           "low": 0.2,
CHECK: params: test-4nt8:           "high": 5.5,
CHECK: params: test-4nt8:           "order": 50
CHECK: params: test-4nt8:         },
CHECK: params: test-4nt8:         "irl_params": {
CHECK: params: test-4nt8:           "Nstop": 30,
CHECK: params: test-4nt8:           "Nk": 35,
CHECK: params: test-4nt8:           "Nm": 40,
CHECK: params: test-4nt8:           "resid": 1e-08,
CHECK: params: test-4nt8:           "betastp": 0.0,
CHECK: params: test-4nt8:           "maxiter": 20,
CHECK: params: test-4nt8:           "Nminres": 1
CHECK: params: test-4nt8:         },
CHECK: params: test-4nt8:         "smoother_params": {
CHECK: params: test-4nt8:           "eps": 1e-08,
CHECK: params: test-4nt8:           "maxiter": 10
CHECK: params: test-4nt8:         },
CHECK: params: test-4nt8:         "save_params": {
CHECK: params: test-4nt8:           "nsingle": 10,
CHECK: params: test-4nt8:           "mpi": [
CHECK: params: test-4nt8:             1,
CHECK: params: test-4nt8:             1,
CHECK: params: test-4nt8:             1,
CHECK: params: test-4nt8:             4
CHECK: params: test-4nt8:           ]
CHECK: params: test-4nt8:         }
CHECK: params: test-4nt8:       }
CHECK: params: test-4nt8:     }
CHECK: params: test-4nt8:   },
CHECK: params: test-4nt8:   "gf_ape_smear_coef": 0.5,
CHECK: params: test-4nt8:   "gf_ape_smear_step": 30,
CHECK: params: test-4nt8:   "prop_smear_coef": 0.9375,
CHECK: params: test-4nt8:   "prop_smear_step": 10,
CHECK: params: test-4nt8:   "traj_list": [
CHECK: params: test-4nt8:     1000,
CHECK: params: test-4nt8:     1100,
CHECK: params: test-4nt8:     1200,
CHECK: params: test-4nt8:     1300
CHECK: params: test-4nt8:   ],
CHECK: params: test-4nt8:   "field_selection_fsel_rate": 0.0625,
CHECK: params: test-4nt8:   "field_selection_psel_rate": 0.03125,
CHECK: params: test-4nt8:   "field_selection_fsel_psrc_prop_norm_threshold": 0.001,
CHECK: params: test-4nt8:   "n_points_psel": 6,
CHECK: params: test-4nt8:   "n_exact_wsrc": 2,
CHECK: params: test-4nt8:   "n_per_tslice_smear": 2,
CHECK: params: test-4nt8:   "prob_acc_1_smear": 0.25,
CHECK: params: test-4nt8:   "prob_acc_2_smear": 0.0625,
CHECK: params: test-4nt8:   "prob_acc_1_psrc": 0.25,
CHECK: params: test-4nt8:   "prob_acc_2_psrc": 0.0625,
CHECK: params: test-4nt8:   "n_rand_u1_fsel": 4,
CHECK: params: test-4nt8:   "prob_acc_1_rand_u1": 0.25,
CHECK: params: test-4nt8:   "prob_acc_2_rand_u1": 0.0625,
CHECK: params: test-4nt8:   "meson_tensor_tsep": 1,
CHECK: params: test-4nt8:   "meson_jwjj_threshold": 0.1,
CHECK: params: test-4nt8:   "meson_tsep_list": [
CHECK: params: test-4nt8:     1,
CHECK: params: test-4nt8:     2,
CHECK: params: test-4nt8:     3,
CHECK: params: test-4nt8:     4,
CHECK: params: test-4nt8:     5,
CHECK: params: test-4nt8:     6,
CHECK: params: test-4nt8:     7
CHECK: params: test-4nt8:   ],
CHECK: params: test-4nt8:   "m_l": 0.01,
CHECK: params: test-4nt8:   "m_h": 0.04,
CHECK: params: test-4nt8:   "hmc": {
CHECK: params: test-4nt8:     "max_traj": 4,
CHECK: params: test-4nt8:     "max_traj_always_accept": 3,
CHECK: params: test-4nt8:     "max_traj_reverse_test": 2,
CHECK: params: test-4nt8:     "md_time": 0.3,
CHECK: params: test-4nt8:     "n_step": 2,
CHECK: params: test-4nt8:     "beta": 2.13,
CHECK: params: test-4nt8:     "c1": -0.331,
CHECK: params: test-4nt8:     "diff_eps": 1e-05,
CHECK: params: test-4nt8:     "gf_integrator_tag": "force_gradient",
CHECK: params: test-4nt8:     "implicity_integrator_eps": 1e-11,
CHECK: params: test-4nt8:     "implicity_integrator_max_iter": 20,
CHECK: params: test-4nt8:     "gauge_fixing": {
CHECK: params: test-4nt8:       "block_site": [
CHECK: params: test-4nt8:         4,
CHECK: params: test-4nt8:         4,
CHECK: params: test-4nt8:         4,
CHECK: params: test-4nt8:         4
CHECK: params: test-4nt8:       ],
CHECK: params: test-4nt8:       "new_size_node": [
CHECK: params: test-4nt8:         1,
CHECK: params: test-4nt8:         1,
CHECK: params: test-4nt8:         1,
CHECK: params: test-4nt8:         2
CHECK: params: test-4nt8:       ],
CHECK: params: test-4nt8:       "stout_smear_step_size": 0.125,
CHECK: params: test-4nt8:       "num_smear_step": 4
CHECK: params: test-4nt8:     },
CHECK: params: test-4nt8:     "save_traj_interval": 4,
CHECK: params: test-4nt8:     "is_saving_topo_info": true
CHECK: params: test-4nt8:   }
CHECK: params: test-4nt8: }
CHECK: finished successfully.
