CHECK: params: test-4nt8-checker: {
CHECK: params: test-4nt8-checker:   "traj_list": [
CHECK: params: test-4nt8-checker:     1000,
CHECK: params: test-4nt8-checker:     1100
CHECK: params: test-4nt8-checker:   ],
CHECK: params: test-4nt8-checker:   "total_site": [
CHECK: params: test-4nt8-checker:     4,
CHECK: params: test-4nt8-checker:     4,
CHECK: params: test-4nt8-checker:     4,
CHECK: params: test-4nt8-checker:     8
CHECK: params: test-4nt8-checker:   ],
CHECK: params: test-4nt8-checker:   "field_selection_fsel_rate": 1,
CHECK: params: test-4nt8-checker:   "field_selection_psel_rate": 0.25
CHECK: params: test-4nt8-checker: }
CHECK: params: test-8nt16-checker: {
CHECK: params: test-8nt16-checker:   "traj_list": [
CHECK: params: test-8nt16-checker:     1000,
CHECK: params: test-8nt16-checker:     1100
CHECK: params: test-8nt16-checker:   ],
CHECK: params: test-8nt16-checker:   "total_site": [
CHECK: params: test-8nt16-checker:     8,
CHECK: params: test-8nt16-checker:     8,
CHECK: params: test-8nt16-checker:     8,
CHECK: params: test-8nt16-checker:     16
CHECK: params: test-8nt16-checker:   ],
CHECK: params: test-8nt16-checker:   "field_selection_fsel_rate": 0.03125,
CHECK: params: test-8nt16-checker:   "field_selection_psel_rate": 0.0078125
CHECK: params: test-8nt16-checker: }
CHECK: finished successfully.
