qlat::begin(): MPI Initialized. num_node = 2
qlat::begin_comm(comm,size_node): get_comm_list().push_back()
qlat::begin_comm(comm,size_node): get_comm_list().size() = 1.
q_verbose=1
q_num_threads=2 (default)
qlat::begin(): q_num_threads = 2
qlat::begin(): GeometryNode =
{ initialized = true
, num_node    = 2
, id_node     = 0
, size_node   = 1x1x1x2
, coor_node   = 0x0x0x0 }
q_timer_max_func_name_len=50 (default)
clear_mem_cache: 0 bytes (0.000 GB) freed.
q_timer_mini_auto_show=1 (default)
q_timer_max_always_show=10 (default)
qremove: 'results'
geo.show() = Geometry([4, 4, 4, 8], 1)
mk_file_dirs_info: 'results/psel.txt'.
qrename: 'results/psel.txt.partial' 'results/psel.txt'
QFile: open 'results/psel.txt' with 'r'.
QFile: close 'results/psel.txt' with 'r'.
psel.to_list() = [[0, 0, 0, 0], [0, 1, 2, 0]]
q_field_init=fast (default)
set q_field_init=fast.
q_mem_cache_max_size=512 (default)
q_mem_cache_acc_max_size=512 (default)
Cache: 'ShufflePlanCache': 0 / 16 [8] to add
fsel info = Geometry([4, 4, 4, 8], 1) 16 0.25
mk_file_dirs_info: 'results/fsel.field'.
write_field: fn='results/fsel.field'.
qrename: 'results/fsel.field.partial.partial' 'results/fsel.field.partial'
q_write_par_limit=16 (default)
QFile: open 'results/fsel.field.partial' with 'a'.
QFile: close 'results/fsel.field.partial' with 'a'.
qrename: 'results/fsel.field.partial' 'results/fsel.field'
read_field: fn='results/fsel.field'.
QFile: open 'results/fsel.field' with 'r'.
QFile: close 'results/fsel.field' with 'r'.
q_read_par_limit=16 (default)
QFile: open 'results/fsel.field' with 'r'.
QFile: close 'results/fsel.field' with 'r'.
mk_file_dirs_info: 'results/fsel-1.field'.
write_field: fn='results/fsel-1.field'.
qrename: 'results/fsel-1.field.partial.partial' 'results/fsel-1.field.partial'
QFile: open 'results/fsel-1.field.partial' with 'a'.
QFile: close 'results/fsel-1.field.partial' with 'a'.
qrename: 'results/fsel-1.field.partial' 'results/fsel-1.field'
fsel info = Geometry([4, 4, 4, 8], 1) 16 0.25
fsel info = Geometry([4, 4, 4, 8], 1) 16 0.25
['psel.txt', 'fsel.field', 'fsel-1.field']
CHECK: finished successfully.
Cache: 'ShufflePlanCache': 1 / 16 [8] clear
clear_mem_cache: 16128 bytes (0.000 GB) freed.
qlat::end(): get_comm_list().pop_back()
qlat::end(): get_comm_list().size() = 0.
qlat::end(): Finalize MPI.
qlat::end(): MPI Finalized.
