qlat::begin(): MPI Initialized. num_node = 2
qlat::begin_comm(comm,size_node): get_comm_list().push_back()
qlat::begin_comm(comm,size_node): get_comm_list().size() = 1.
q_verbose=1
q_num_threads=2 (default)
qlat::begin(): q_num_threads = 2
qlat::begin(): GeometryNode =
{ initialized = true
, num_node    = 2
, id_node     = 0
, size_node   = 1x1x1x2
, coor_node   = 0x0x0x0 }
q_timer_max_func_name_len=50 (default)
clear_mem_cache: 0 bytes (0.000 GB) freed.
q_timer_mini_auto_show=1 (default)
q_timer_max_always_show=10 (default)
qremove: 'results'
geo.show() = Geometry([4, 4, 4, 8], 1)
q_field_init=fast (default)
set q_field_init=fast.
q_mem_cache_max_size=512 (default)
q_mem_cache_acc_max_size=512 (default)
Cache: 'CommPlanCache': 0 / 32 [16] to add
gf_show_info: plaq = 0.6147333258459872 ; link_trace = 0.8844956937132934.
==Jobs dim 4, 8 4 4 4 , nvec 1, civ 36, bsize 16. 
==N_extra 1, enable_MPI 1, GPU 0, b0 1, c0 12, mode_rot 0, need copy 0. 
Cache: 'FFTGPUPlanCache': 0 / 16 [8] to add
gf_show_info: plaq = 0.6147333258459868 ; link_trace = 0.8844956937132933.
gf_show_info: plaq = 0.3067038575531761 ; link_trace = 0.0005769961056065.
[[ 9.08746570e-01-0.02443602j -2.54749081e-02-0.40818897j
   4.63220868e-02-0.06457254j -5.69599753e-02-0.41095107j
   8.69621765e-01-0.13660354j  2.27118477e-01+0.03727514j
  -2.20323786e-02+0.03117539j -2.36478652e-01+0.04368185j
   9.53222392e-01+0.17910747j]
 [ 8.75858717e-01+0.3386127j  -1.09834823e-01-0.21615507j
   2.38953990e-01-0.04824143j  2.04544410e-01-0.22148417j
   9.18406367e-01-0.03440591j  6.38089635e-03+0.25379443j
  -1.63638968e-01-0.02327193j  1.18541243e-01+0.28724075j
   8.86385525e-01-0.30073598j]
 [ 7.95921362e-01-0.0692138j  -5.12311041e-01+0.15252743j
   6.00120970e-02-0.26905383j  4.83719083e-01+0.15401674j
   8.40102600e-01+0.09189032j  1.00998223e-01-0.13370804j
  -1.06488122e-01-0.3044234j  -6.64409835e-04+0.00749205j
   9.46322088e-01-0.02011482j]
 [ 9.62742809e-01-0.10225467j  1.10955126e-01-0.21501493j
  -6.38626936e-02+0.00702576j -1.03470538e-01-0.21272323j
   9.52482393e-01+0.15059577j -6.01342095e-02+0.10259023j
   7.72723734e-02-0.0272382j   5.55058971e-02+0.09205889j
   9.89613954e-01-0.04894425j]]
[[  1.81015169-0.7123475j   -4.44263243-4.1756157j
   -1.5260309 +5.23067547j   0.22647372-3.28001524j
   -3.54400172+2.92532508j   1.53256283+5.3710179j
   -3.97194884-0.57338847j  -0.91185061-5.93763882j
   -3.09780892+1.35976138j]
 [ -5.8519318 -0.51003992j   1.22490652-8.4239208j
   -4.35203157-5.35828835j   5.80001757-4.99576338j
    6.15739172+2.40078592j -10.42435619+0.76204694j
    3.14257056+0.4378222j   -0.13943279-0.02328882j
   -0.09681618-2.40168608j]
 [ -2.57417294+3.75725043j   7.48620569-3.18742452j
    1.1385906 -7.70139141j  -1.11121279+0.58000014j
    4.77594391-2.76500187j   8.01163114+2.01814523j
   -4.37067571-3.08660082j  -5.31300694-4.15800318j
    2.00304152+0.06289716j]
 [ -0.2859597 -5.15964571j   3.30775099+0.71355715j
    6.33614607-5.30565771j   3.66987533-1.55667752j
   -0.03492044+0.29941611j   7.65967806+7.78516413j
   10.24315944+1.67322162j   2.45368284+2.80252281j
    4.28414692+5.81267112j]]
2.963548216019928e-14
[ 9.08746570e-01-0.02443602j -2.54749081e-02-0.40818897j
  4.63220868e-02-0.06457254j -5.69599753e-02-0.41095107j
  8.69621765e-01-0.13660354j  2.27118477e-01+0.03727514j
 -2.20323786e-02+0.03117539j -2.36478652e-01+0.04368185j
  9.53222392e-01+0.17910747j  8.75858717e-01+0.3386127j
 -1.09834823e-01-0.21615507j  2.38953990e-01-0.04824143j
  2.04544410e-01-0.22148417j  9.18406367e-01-0.03440591j
  6.38089635e-03+0.25379443j -1.63638968e-01-0.02327193j
  1.18541243e-01+0.28724075j  8.86385525e-01-0.30073598j
  7.95921362e-01-0.0692138j  -5.12311041e-01+0.15252743j
  6.00120970e-02-0.26905383j  4.83719083e-01+0.15401674j
  8.40102600e-01+0.09189032j  1.00998223e-01-0.13370804j
 -1.06488122e-01-0.3044234j  -6.64409835e-04+0.00749205j
  9.46322088e-01-0.02011482j  9.62742809e-01-0.10225467j
  1.10955126e-01-0.21501493j -6.38626936e-02+0.00702576j
 -1.03470538e-01-0.21272323j  9.52482393e-01+0.15059577j
 -6.01342095e-02+0.10259023j  7.72723734e-02-0.0272382j
  5.55058971e-02+0.09205889j  9.89613954e-01-0.04894425j]
diff norm 0.0
Cache: 'ShufflePlanCache': 0 / 16 [8] to add
12345.83670174641 12345.83670174641 0.0
gf_show_info: plaq = 0.3067038575531761 ; link_trace = 0.0005769961056065.
gf_show_info: plaq = 0.3067038575531761 ; link_trace = 0.0005769961056065.
CHECK: finished successfully.
Cache: 'ShufflePlanCache': 1 / 16 [8] clear
Cache: 'FFTGPUPlanCache': 1 / 16 [8] clear
Cache: 'CommPlanCache': 1 / 32 [16] clear
clear_mem_cache: 427776 bytes (0.000 GB) freed.
qlat::end(): get_comm_list().pop_back()
qlat::end(): get_comm_list().size() = 0.
qlat::end(): Finalize MPI.
qlat::end(): MPI Finalized.
