qlat::begin(): MPI Initialized. num_node = 2
qlat::begin_comm(comm,size_node): get_comm_list().push_back()
qlat::begin_comm(comm,size_node): get_comm_list().size() = 1.
q_verbose=1
q_num_threads=2 (default)
qlat::begin(): q_num_threads = 2
qlat::begin(): GeometryNode =
{ initialized = true
, num_node    = 2
, id_node     = 0
, size_node   = 1x1x1x2
, coor_node   = 0x0x0x0 }
q_timer_max_func_name_len=50 (default)
clear_mem_cache: 0 bytes (0.000 GB) freed.
q_timer_mini_auto_show=1 (default)
q_timer_max_always_show=10 (default)
qremove: 'results'
geo.show() = Geometry([4, 4, 4, 8], 1)
q_field_init=fast (default)
set q_field_init=fast.
q_mem_cache_max_size=512 (default)
q_mem_cache_acc_max_size=512 (default)
Cache: 'ShufflePlanCache': 0 / 16 [8] to add
prop 870829356 49123.69045958381
mk_file_dirs_info: 'results/prop.fields'.
FieldsWriter: open 'results/prop.fields'.
sfw.new_size_node() [1, 1, 1, 8]
write(sfw,fn,field): writing field with fn='prop.d' from 'results/prop.fields'.
make_shuffle_plan_generic: num_send_packs =          8
make_shuffle_plan_generic: num_recv_packs =          8
make_shuffle_plan_generic: num_send_msgs  =          1
make_shuffle_plan_generic: num_recv_msgs  =          1
make_shuffle_plan_generic: total num_send_packs =         16
make_shuffle_plan_generic: total num_recv_packs =         16
make_shuffle_plan_generic: total num_send_msgs  =          2
make_shuffle_plan_generic: total num_recv_msgs  =          2
make_shuffle_plan_generic: global_comm_size =        512
Cache: 'ShufflePlanCache': 1 / 16 [8] to add
shuffle_field(fs,f,sp): 1x1x1x2 -> 1x1x1x8 (total_site: 4x4x4x8 ; site_size: 2304 ; total_size: 0.001 GB)
write(sfw,fn,field): writing field with fn='prop' from 'results/prop.fields'.
shuffle_field(fs,f,sp): 1x1x1x2 -> 1x1x1x8 (total_site: 4x4x4x8 ; site_size: 1152 ; total_size: 0.001 GB)
s_prop = SelProp(fsel) and s_prop @= prop 12284.876386438671
shuffle_field(fs,f,sp): 1x1x1x2 -> 1x1x1x8 (total_site: 4x4x4x8 ; site_size: 8 ; total_size: 0.000 GB)
make_shuffle_plan_generic: num_send_packs =          2
make_shuffle_plan_generic: num_recv_packs =          4
make_shuffle_plan_generic: num_send_msgs  =          1
make_shuffle_plan_generic: num_recv_msgs  =          1
make_shuffle_plan_generic: total num_send_packs =          4
make_shuffle_plan_generic: total num_recv_packs =          8
make_shuffle_plan_generic: total num_send_msgs  =          2
make_shuffle_plan_generic: total num_recv_msgs  =          2
make_shuffle_plan_generic: global_comm_size =        128
write(sfw,fn,sf,sbs): writing sparse field with fn='s_prop' from 'results/prop.fields'.
shuffle_field(sel_fs,sel_f,sp): 1x1x1x2 -> 1x1x1x8 (total_site: 4x4x4x8 ; site_size: 1152 ; total_size: 0.000 GB)
prop1 = SelProp(fselc) and prop1 @= prop 12473.61033385478
shuffle_field(fs,f,sp): 1x1x1x2 -> 1x1x1x8 (total_site: 4x4x4x8 ; site_size: 8 ; total_size: 0.000 GB)
make_shuffle_plan_generic: num_send_packs =          3
make_shuffle_plan_generic: num_recv_packs =          4
make_shuffle_plan_generic: num_send_msgs  =          1
make_shuffle_plan_generic: num_recv_msgs  =          1
make_shuffle_plan_generic: total num_send_packs =          5
make_shuffle_plan_generic: total num_recv_packs =          8
make_shuffle_plan_generic: total num_send_msgs  =          2
make_shuffle_plan_generic: total num_recv_msgs  =          2
make_shuffle_plan_generic: global_comm_size =        130
write(sfw,fn,sf,sbs): writing sparse field with fn='prop1' from 'results/prop.fields'.
shuffle_field(sel_fs,sel_f,sp): 1x1x1x2 -> 1x1x1x8 (total_site: 4x4x4x8 ; site_size: 1152 ; total_size: 0.000 GB)
FieldsWriter: close 'results/prop.fields'.
FieldsReader: open 'results/prop.fields'.
read_tag(fr,fn,total_site,crc,data_len,is_sparse_field): 'prop.d' from 'results/prop.fields'.
read_tag(fr,fn,total_site,crc,data_len,is_sparse_field): 'prop' from 'results/prop.fields'.
read_tag(fr,fn,total_site,crc,data_len,is_sparse_field): 's_prop' from 'results/prop.fields'.
read_tag(fr,fn,total_site,crc,data_len,is_sparse_field): 'prop1' from 'results/prop.fields'.
sfr.list() ['prop.d', 'prop', 's_prop', 'prop1']
sfr.new_size_node() [1, 1, 1, 8]
read(sfr,fn,field): reading field with fn='prop.d' from 'results/prop.fields'.
read_tag(fr,fn,total_site,crc,data_len,is_sparse_field): 'prop.d' from 'results/prop.fields'.
shuffle_field_back(f,fs,sp): 1x1x1x8 -> 1x1x1x2 (total_site: 4x4x4x8 ; site_size: 2304 ; total_size: 0.001 GB)
prop_d 870829356 49123.69045958381
prop_d -= prop 4103169609 0.0
read(sfr,fn,field): reading field with fn='prop' from 'results/prop.fields'.
read_tag(fr,fn,total_site,crc,data_len,is_sparse_field): 'prop' from 'results/prop.fields'.
shuffle_field_back(f,fs,sp): 1x1x1x8 -> 1x1x1x2 (total_site: 4x4x4x8 ; site_size: 1152 ; total_size: 0.001 GB)
prop_f 1892650077 49123.69044826866
prop_f -= prop 2597284097 2.49414274358721e-11
shuffle_field(fs,f,sp): 1x1x1x2 -> 1x1x1x8 (total_site: 4x4x4x8 ; site_size: 8 ; total_size: 0.000 GB)
make_shuffle_plan_generic: num_send_packs =          2
make_shuffle_plan_generic: num_recv_packs =          4
make_shuffle_plan_generic: num_send_msgs  =          1
make_shuffle_plan_generic: num_recv_msgs  =          1
make_shuffle_plan_generic: total num_send_packs =          4
make_shuffle_plan_generic: total num_recv_packs =          8
make_shuffle_plan_generic: total num_send_msgs  =          2
make_shuffle_plan_generic: total num_recv_msgs  =          2
make_shuffle_plan_generic: global_comm_size =        128
read(sfr,fn,sbs,sf): reading sparse field with fn='s_prop' from 'results/prop.fields'.
read_tag(fr,fn,total_site,crc,data_len,is_sparse_field): 's_prop' from 'results/prop.fields'.
shuffle_field_back(sel_f,sel_fs,sp): 1x1x1x8 -> 1x1x1x2 (total_site: 4x4x4x8 ; site_size: 1152 ; total_size: 0.000 GB)
s_prop_f 12284.876383957711
s_prop_f -= s_prop 6.230949178744703e-12
shuffle_field(fs,f,sp): 1x1x1x2 -> 1x1x1x8 (total_site: 4x4x4x8 ; site_size: 8 ; total_size: 0.000 GB)
make_shuffle_plan_generic: num_send_packs =          3
make_shuffle_plan_generic: num_recv_packs =          4
make_shuffle_plan_generic: num_send_msgs  =          1
make_shuffle_plan_generic: num_recv_msgs  =          1
make_shuffle_plan_generic: total num_send_packs =          5
make_shuffle_plan_generic: total num_recv_packs =          8
make_shuffle_plan_generic: total num_send_msgs  =          2
make_shuffle_plan_generic: total num_recv_msgs  =          2
make_shuffle_plan_generic: global_comm_size =        130
read(sfr,fn,sbs,sf): reading sparse field with fn='prop1' from 'results/prop.fields'.
read_tag(fr,fn,total_site,crc,data_len,is_sparse_field): 'prop1' from 'results/prop.fields'.
shuffle_field_back(sel_f,sel_fs,sp): 1x1x1x8 -> 1x1x1x2 (total_site: 4x4x4x8 ; site_size: 1152 ; total_size: 0.000 GB)
prop1_f 12473.61033144344
prop1_f -= prop1 6.319120089073607e-12
read(sfr,fn,sf,fsel): reading field with fn='prop1' from 'results/prop.fields'.
read_tag(fr,fn,total_site,crc,data_len,is_sparse_field): 'prop1' from 'results/prop.fields'.
shuffle_field_back(f,fs,sp): 1x1x1x8 -> 1x1x1x2 (total_site: 4x4x4x8 ; site_size: 8 ; total_size: 0.000 GB)
make_shuffle_plan_generic: num_send_packs =          3
make_shuffle_plan_generic: num_recv_packs =          4
make_shuffle_plan_generic: num_send_msgs  =          1
make_shuffle_plan_generic: num_recv_msgs  =          1
make_shuffle_plan_generic: total num_send_packs =          5
make_shuffle_plan_generic: total num_recv_packs =          8
make_shuffle_plan_generic: total num_send_msgs  =          2
make_shuffle_plan_generic: total num_recv_msgs  =          2
make_shuffle_plan_generic: global_comm_size =        130
shuffle_field_back(sel_f,sel_fs,sp): 1x1x1x8 -> 1x1x1x2 (total_site: 4x4x4x8 ; site_size: 1152 ; total_size: 0.000 GB)
prop1_ff 12473.61033144344
prop1_ff -= prop1 6.319120089073607e-12
FieldsReader: close 'results/prop.fields'.
FieldsReader: open 'results/prop.fields'.
read_tag(fr,fn,total_site,crc,data_len,is_sparse_field): 'prop.d' from 'results/prop.fields'.
read_tag(fr,fn,total_site,crc,data_len,is_sparse_field): 'prop' from 'results/prop.fields'.
read_tag(fr,fn,total_site,crc,data_len,is_sparse_field): 's_prop' from 'results/prop.fields'.
read_tag(fr,fn,total_site,crc,data_len,is_sparse_field): 'prop1' from 'results/prop.fields'.
FieldsReader: close 'results/prop.fields'.
['prop.d', 'prop', 's_prop', 'prop1']
FieldsReader: open 'results/prop.fields'.
read_tag(fr,fn,total_site,crc,data_len,is_sparse_field): 'prop.d' from 'results/prop.fields'.
read_tag(fr,fn,total_site,crc,data_len,is_sparse_field): 'prop' from 'results/prop.fields'.
read_tag(fr,fn,total_site,crc,data_len,is_sparse_field): 's_prop' from 'results/prop.fields'.
read_tag(fr,fn,total_site,crc,data_len,is_sparse_field): 'prop1' from 'results/prop.fields'.
check_file_sync_node(sfr,fn): reading field with fn='prop1' from 'results/prop.fields'.
read_tag(fr,fn,total_site,crc,data_len,is_sparse_field): 'prop1' from 'results/prop.fields'.
check_file_sync_node(sfr,fn): check=true field fn='prop1' from 'results/prop.fields'.
FieldsReader: close 'results/prop.fields'.
properly_truncate_fields_sync_node: i=    0 fn='prop.d'
properly_truncate_fields_sync_node: i=    1 fn='prop'
properly_truncate_fields_sync_node: i=    2 fn='s_prop'
properly_truncate_fields_sync_node: i=    3 fn='prop1'
properly_truncate_fields_sync_node: fns.size()=    4 'results/prop.fields'
FieldsReader: open 'results/prop.fields'.
read_tag(fr,fn,total_site,crc,data_len,is_sparse_field): 'prop.d' from 'results/prop.fields'.
read_tag(fr,fn,total_site,crc,data_len,is_sparse_field): 'prop' from 'results/prop.fields'.
read_tag(fr,fn,total_site,crc,data_len,is_sparse_field): 's_prop' from 'results/prop.fields'.
read_tag(fr,fn,total_site,crc,data_len,is_sparse_field): 'prop1' from 'results/prop.fields'.
FieldsReader: close 'results/prop.fields'.
['prop.d', 'prop', 's_prop', 'prop1']
FieldsReader: open 'results/prop.fields'.
read_tag(fr,fn,total_site,crc,data_len,is_sparse_field): 'prop.d' from 'results/prop.fields'.
read_tag(fr,fn,total_site,crc,data_len,is_sparse_field): 'prop' from 'results/prop.fields'.
read_tag(fr,fn,total_site,crc,data_len,is_sparse_field): 's_prop' from 'results/prop.fields'.
read_tag(fr,fn,total_site,crc,data_len,is_sparse_field): 'prop1' from 'results/prop.fields'.
check_file_sync_node(sfr,fn): reading field with fn='prop1' from 'results/prop.fields'.
read_tag(fr,fn,total_site,crc,data_len,is_sparse_field): 'prop1' from 'results/prop.fields'.
check_file_sync_node(sfr,fn): check=true field fn='prop1' from 'results/prop.fields'.
FieldsReader: close 'results/prop.fields'.
FieldsReader: open 'results/prop.fields'.
read_tag(fr,fn,total_site,crc,data_len,is_sparse_field): 'prop.d' from 'results/prop.fields'.
read_tag(fr,fn,total_site,crc,data_len,is_sparse_field): 'prop' from 'results/prop.fields'.
read_tag(fr,fn,total_site,crc,data_len,is_sparse_field): 's_prop' from 'results/prop.fields'.
read_tag(fr,fn,total_site,crc,data_len,is_sparse_field): 'prop1' from 'results/prop.fields'.
FieldsReader: close 'results/prop.fields'.
['prop.d', 'prop', 's_prop', 'prop1']
FieldsReader: open 'results/prop.fields'.
read_tag(fr,fn,total_site,crc,data_len,is_sparse_field): 'prop.d' from 'results/prop.fields'.
read_tag(fr,fn,total_site,crc,data_len,is_sparse_field): 'prop' from 'results/prop.fields'.
read_tag(fr,fn,total_site,crc,data_len,is_sparse_field): 's_prop' from 'results/prop.fields'.
read_tag(fr,fn,total_site,crc,data_len,is_sparse_field): 'prop1' from 'results/prop.fields'.
check_file_sync_node(sfr,fn): reading field with fn='s_prop' from 'results/prop.fields'.
read_tag(fr,fn,total_site,crc,data_len,is_sparse_field): 's_prop' from 'results/prop.fields'.
check_file_sync_node(sfr,fn): check=true field fn='s_prop' from 'results/prop.fields'.
FieldsReader: close 'results/prop.fields'.
truncate_fields_sync_node: Truncate 'results/prop.fields/00/0000000000': final_offset=239799, original file_size=260601.
truncate_fields_sync_node: Truncate 'results/prop.fields/01/0000000001': final_offset=239799, original file_size=258297.
truncate_fields_sync_node: Truncate 'results/prop.fields/02/0000000002': final_offset=239799, original file_size=258297.
truncate_fields_sync_node: Truncate 'results/prop.fields/03/0000000003': final_offset=239799, original file_size=258297.
FieldsReader: open 'results/prop.fields'.
read_tag(fr,fn,total_site,crc,data_len,is_sparse_field): 'prop.d' from 'results/prop.fields'.
read_tag(fr,fn,total_site,crc,data_len,is_sparse_field): 'prop' from 'results/prop.fields'.
read_tag(fr,fn,total_site,crc,data_len,is_sparse_field): 's_prop' from 'results/prop.fields'.
FieldsReader: close 'results/prop.fields'.
['prop.d', 'prop', 's_prop']
FieldsReader: open 'results/prop.fields'.
read_tag(fr,fn,total_site,crc,data_len,is_sparse_field): 'prop.d' from 'results/prop.fields'.
read_tag(fr,fn,total_site,crc,data_len,is_sparse_field): 'prop' from 'results/prop.fields'.
read_tag(fr,fn,total_site,crc,data_len,is_sparse_field): 's_prop' from 'results/prop.fields'.
FieldsReader: close 'results/prop.fields'.
truncate_fields_sync_node: Truncate 'results/prop.fields/00/0000000000': final_offset=0, original file_size=239799.
truncate_fields_sync_node: Truncate 'results/prop.fields/01/0000000001': final_offset=0, original file_size=239799.
truncate_fields_sync_node: Truncate 'results/prop.fields/02/0000000002': final_offset=0, original file_size=239799.
truncate_fields_sync_node: Truncate 'results/prop.fields/03/0000000003': final_offset=0, original file_size=239799.
FieldsReader: open 'results/prop.fields'.
FieldsReader: close 'results/prop.fields'.
[]
['prop.fields']
Cache: 'ShufflePlanCache': 2 / 16 [8] clear
clear_mem_cache: 3910656 bytes (0.004 GB) freed.
qlat::end(): get_comm_list().pop_back()
qlat::end(): get_comm_list().size() = 0.
qlat::end(): Finalize MPI.
qlat::end(): MPI Finalized.
