qlat::begin(): MPI Initialized. num_node = 2
qlat::begin_comm(comm,size_node): get_comm_list().push_back()
qlat::begin_comm(comm,size_node): get_comm_list().size() = 1
q_verbose=1
q_num_threads=2 (default)
qlat::begin(): q_num_threads = 2
qlat::begin(): GeometryNode =
{ initialized = true
, num_node    = 2
, id_node     = 0
, size_node   = 1x1x1x2
, coor_node   = 0x0x0x0 }
q_timer_max_func_name_len=50 (default)
clear_mem_cache: 0 bytes (0.000 GB) freed.
q_timer_mini_auto_show=1 (default)
q_timer_max_always_show=10 (default)
qremove: 'results'
q_field_init=fast (default)
set q_field_init=fast.
q_mem_cache_max_size=512 (default)
q_mem_cache_acc_max_size=512 (default)
Cache: 'CommPlanCache': 0 / 32 [16] to add
Cache: 'CommPlanCache': 1 / 32 [16] to add
# norm_idx gm_force_magnitude
    0  1.40641333336177521E+00
    1  1.44926019513507143E+00
    2  1.52919265298709561E+00
    3  1.66850043521393943E+00
    4  2.53227473006121784E+00
[1.4064133333617752, 1.4492601951350714, 1.5291926529870956, 1.6685004352139394, 2.532274730061218]
# norm_idx gm_force_magnitude
    0  4.76573468775715803E+00
    1  4.90251251532145638E+00
    2  5.15511413662562834E+00
    3  5.58731387494310816E+00
    4  8.23603355924837821E+00
[4.765734687757158, 4.902512515321456, 5.155114136625628, 5.587313874943108, 8.236033559248378]
# norm_idx gm_force_magnitude
    0  6.34027880692762302E+00
    1  6.51198996829805399E+00
    2  6.82665987101802330E+00
    3  7.36046109291315886E+00
    4  1.09392528881656510E+01
[6.340278806927623, 6.511989968298054, 6.826659871018023, 7.360461092913159, 10.939252888165651]
# norm_idx gm_force_magnitude
    0  7.33164019913047849E+00
    1  7.52079665463129299E+00
    2  7.86544932145891451E+00
    3  8.45048890244433437E+00
    4  1.26623413448614048E+01
[7.3316401991304785, 7.520796654631293, 7.8654493214589145, 8.450488902444334, 12.662341344861405]
# norm_idx gm_force_magnitude
    0  7.40580662247962707E+00
    1  7.59766859154616281E+00
    2  7.94725276392859037E+00
    3  8.54417262640989250E+00
    4  1.29265024754551483E+01
[7.405806622479627, 7.597668591546163, 7.94725276392859, 8.544172626409893, 12.926502475455148]
# norm_idx gm_force_magnitude
    0  6.90575277068770177E+00
    1  7.09530796867453795E+00
    2  7.44241144208051253E+00
    3  8.04093584232560588E+00
    4  1.24473011753917024E+01
[6.905752770687702, 7.095307968674538, 7.4424114420805125, 8.040935842325606, 12.447301175391702]
# norm_idx gm_force_magnitude
    0  6.25419677612526392E+00
    1  6.43712176025183691E+00
    2  6.77486162600877329E+00
    3  7.36477599318234954E+00
    4  1.15493022518839226E+01
[6.254196776125264, 6.437121760251837, 6.774861626008773, 7.3647759931823495, 11.549302251883923]
# norm_idx gm_force_magnitude
    0  5.29082313449947694E+00
    1  5.45285195274766021E+00
    2  5.75623737956814896E+00
    3  6.30094703087612107E+00
    4  1.00378103094060496E+01
[5.290823134499477, 5.45285195274766, 5.756237379568149, 6.300947030876121, 10.03781030940605]
# norm_idx gm_force_magnitude
    0  4.89978280568570490E+00
    1  5.04401726106014170E+00
    2  5.30994332140440228E+00
    3  5.77543045275227218E+00
    4  9.40217450988477310E+00
[4.899782805685705, 5.044017261060142, 5.309943321404402, 5.775430452752272, 9.402174509884773]
# norm_idx gm_force_magnitude
    0  5.07710352011496369E+00
    1  5.22212365140852341E+00
    2  5.48900056510357981E+00
    3  5.95618199499023593E+00
    4  9.30054181030134330E+00
[5.077103520114964, 5.222123651408523, 5.48900056510358, 5.956181994990236, 9.300541810301343]
# norm_idx gm_force_magnitude
    0  5.48200971271562842E+00
    1  5.64300052140316488E+00
    2  5.94095635324971738E+00
    3  6.46271325527397345E+00
    4  1.02269998780599920E+01
[5.482009712715628, 5.643000521403165, 5.940956353249717, 6.4627132552739734, 10.226999878059992]
# norm_idx gm_force_magnitude
    0  5.95929901866367207E+00
    1  6.13657123894213186E+00
    2  6.46099627205869709E+00
    3  7.02579555962032298E+00
    4  1.14601492159761325E+01
[5.959299018663672, 6.136571238942132, 6.460996272058697, 7.025795559620323, 11.460149215976132]
# norm_idx gm_force_magnitude
    0  5.95929901866367295E+00
    1  6.13657123894213274E+00
    2  6.46099627205869798E+00
    3  7.02579555962032387E+00
    4  1.14601492159761342E+01
[5.959299018663673, 6.136571238942133, 6.460996272058698, 7.025795559620324, 11.460149215976134]
# norm_idx gm_force_magnitude
    0  5.48200971271562931E+00
    1  5.64300052140316488E+00
    2  5.94095635324971916E+00
    3  6.46271325527397433E+00
    4  1.02269998780599902E+01
[5.482009712715629, 5.643000521403165, 5.940956353249719, 6.462713255273974, 10.22699987805999]
# norm_idx gm_force_magnitude
    0  5.07710352011496546E+00
    1  5.22212365140852430E+00
    2  5.48900056510358070E+00
    3  5.95618199499023682E+00
    4  9.30054181030134686E+00
[5.0771035201149655, 5.222123651408524, 5.489000565103581, 5.956181994990237, 9.300541810301347]
# norm_idx gm_force_magnitude
    0  4.89978280568570668E+00
    1  5.04401726106014259E+00
    2  5.30994332140440317E+00
    3  5.77543045275227307E+00
    4  9.40217450988477488E+00
[4.899782805685707, 5.044017261060143, 5.309943321404403, 5.775430452752273, 9.402174509884775]
# norm_idx gm_force_magnitude
    0  5.29082313449947783E+00
    1  5.45285195274766110E+00
    2  5.75623737956815074E+00
    3  6.30094703087612285E+00
    4  1.00378103094060549E+01
[5.290823134499478, 5.452851952747661, 5.756237379568151, 6.300947030876123, 10.037810309406055]
# norm_idx gm_force_magnitude
    0  6.25419677612526481E+00
    1  6.43712176025183780E+00
    2  6.77486162600877506E+00
    3  7.36477599318235043E+00
    4  1.15493022518839297E+01
[6.254196776125265, 6.437121760251838, 6.774861626008775, 7.36477599318235, 11.54930225188393]
# norm_idx gm_force_magnitude
    0  6.90575277068770355E+00
    1  7.09530796867453972E+00
    2  7.44241144208051431E+00
    3  8.04093584232560765E+00
    4  1.24473011753917042E+01
[6.9057527706877035, 7.09530796867454, 7.442411442080514, 8.040935842325608, 12.447301175391704]
# norm_idx gm_force_magnitude
    0  7.40580662247962884E+00
    1  7.59766859154616458E+00
    2  7.94725276392859215E+00
    3  8.54417262640989250E+00
    4  1.29265024754551536E+01
[7.405806622479629, 7.597668591546165, 7.947252763928592, 8.544172626409893, 12.926502475455154]
# norm_idx gm_force_magnitude
    0  7.33164019913048026E+00
    1  7.52079665463129388E+00
    2  7.86544932145891629E+00
    3  8.45048890244433615E+00
    4  1.26623413448614084E+01
[7.33164019913048, 7.520796654631294, 7.865449321458916, 8.450488902444336, 12.662341344861408]
# norm_idx gm_force_magnitude
    0  6.34027880692762391E+00
    1  6.51198996829805310E+00
    2  6.82665987101802330E+00
    3  7.36046109291315886E+00
    4  1.09392528881656528E+01
[6.340278806927624, 6.511989968298053, 6.826659871018023, 7.360461092913159, 10.939252888165653]
# norm_idx gm_force_magnitude
    0  4.76573468775715625E+00
    1  4.90251251532145549E+00
    2  5.15511413662562656E+00
    3  5.58731387494310638E+00
    4  8.23603355924837111E+00
[4.765734687757156, 4.9025125153214555, 5.155114136625627, 5.587313874943106, 8.236033559248371]
# norm_idx gm_force_magnitude
    0  1.40641333336177143E+00
    1  1.44926019513506787E+00
    2  1.52919265298709273E+00
    3  1.66850043521393565E+00
    4  2.53227473006119919E+00
[1.4064133333617714, 1.4492601951350679, 1.5291926529870927, 1.6685004352139357, 2.532274730061199]
run_hmc_evolve reversed delta_diff: 9.094947017729282e-13 / 4.428133304506446
run_hmc_evolve reversed gf_diff: 1.2573819431615697e-27 / 6144.0
metropolis_accept: flag=0 with accept_prob=1.2% delta_h=4.4281333045064457 traj=1
run_hmc: update gf (traj=1)
Cache: 'CommPlanCache': 2 / 32 [16] to add
CHECK: traj=1 ; plaq_avg=8.12143046289839E-01
Cache: 'CommPlanCache': 3 / 32 [16] to add
Cache: 'CommPlanCache': 4 / 32 [16] to add
CHECK: wilson_loop 8.08707840668113E-01
# norm_idx gm_force_magnitude
    0  6.07014276901974092E+00
    1  6.24893294108425046E+00
    2  6.57991327894343936E+00
    3  7.17286824322918992E+00
    4  1.22445842865472656E+01
[6.070142769019741, 6.2489329410842505, 6.579913278943439, 7.17286824322919, 12.244584286547266]
# norm_idx gm_force_magnitude
    0  6.49168924248108503E+00
    1  6.68252207284176691E+00
    2  7.03594000308709333E+00
    3  7.66501750835249762E+00
    4  1.25096911607136470E+01
[6.491689242481085, 6.682522072841767, 7.035940003087093, 7.665017508352498, 12.509691160713647]
# norm_idx gm_force_magnitude
    0  6.93265996156177877E+00
    1  7.13526745184833544E+00
    2  7.50919727479353494E+00
    3  8.17589123614618885E+00
    4  1.33569503034644939E+01
[6.932659961561779, 7.135267451848335, 7.509197274793535, 8.175891236146189, 13.356950303464494]
# norm_idx gm_force_magnitude
    0  7.38441325044089147E+00
    1  7.58979047280564245E+00
    2  7.96745829513374826E+00
    3  8.63327950333135874E+00
    4  1.35985808682274278E+01
[7.3844132504408915, 7.5897904728056425, 7.967458295133748, 8.633279503331359, 13.598580868227428]
# norm_idx gm_force_magnitude
    0  7.51902893331984323E+00
    1  7.71800850147123452E+00
    2  8.08380003903133115E+00
    3  8.71650483015145383E+00
    4  1.35031463583663118E+01
[7.519028933319843, 7.7180085014712345, 8.083800039031331, 8.716504830151454, 13.503146358366312]
# norm_idx gm_force_magnitude
    0  7.45385842768862261E+00
    1  7.64358531671407615E+00
    2  7.99412636116204478E+00
    3  8.59613083938436517E+00
    4  1.30392970223972213E+01
[7.453858427688623, 7.643585316714076, 7.994126361162045, 8.596130839384365, 13.039297022397221]
# norm_idx gm_force_magnitude
    0  7.28017174381715826E+00
    1  7.46766643163496191E+00
    2  7.81553207633541280E+00
    3  8.41949640896269891E+00
    4  1.26870587849005290E+01
[7.280171743817158, 7.467666431634962, 7.815532076335413, 8.419496408962699, 12.687058784900529]
# norm_idx gm_force_magnitude
    0  6.99196598493388333E+00
    1  7.17682254244590290E+00
    2  7.52210090155034461E+00
    3  8.13254637417378490E+00
    4  1.24753825371774862E+01
[6.991965984933883, 7.176822542445903, 7.522100901550345, 8.132546374173785, 12.475382537177486]
# norm_idx gm_force_magnitude
    0  6.82199637999573838E+00
    1  7.00542309885666992E+00
    2  7.34242198923786749E+00
    3  7.92914561198940859E+00
    4  1.20721526476233905E+01
[6.821996379995738, 7.00542309885667, 7.3424219892378675, 7.929145611989409, 12.07215264762339]
# norm_idx gm_force_magnitude
    0  6.69557571646946315E+00
    1  6.87691348434353156E+00
    2  7.20363765622464314E+00
    3  7.74527389418605594E+00
    4  1.17834891487743612E+01
[6.695575716469463, 6.876913484343532, 7.203637656224643, 7.745273894186056, 11.783489148774361]
# norm_idx gm_force_magnitude
    0  6.67448299026964342E+00
    1  6.85446723823481108E+00
    2  7.17930512983974012E+00
    3  7.71356604953283664E+00
    4  1.14963169369049112E+01
[6.674482990269643, 6.854467238234811, 7.17930512983974, 7.713566049532837, 11.496316936904911]
# norm_idx gm_force_magnitude
    0  6.72517467781210687E+00
    1  6.90564157716930360E+00
    2  7.23115950041684297E+00
    3  7.77915686432711517E+00
    4  1.21883474956785491E+01
[6.725174677812107, 6.905641577169304, 7.231159500416843, 7.779156864327115, 12.18834749567855]
# norm_idx gm_force_magnitude
    0  6.72517467781210687E+00
    1  6.90564157716930360E+00
    2  7.23115950041684297E+00
    3  7.77915686432711517E+00
    4  1.21883474956785474E+01
[6.725174677812107, 6.905641577169304, 7.231159500416843, 7.779156864327115, 12.188347495678547]
# norm_idx gm_force_magnitude
    0  6.67448299026964342E+00
    1  6.85446723823481197E+00
    2  7.17930512983974012E+00
    3  7.71356604953283753E+00
    4  1.14963169369049076E+01
[6.674482990269643, 6.854467238234812, 7.17930512983974, 7.7135660495328375, 11.496316936904908]
# norm_idx gm_force_magnitude
    0  6.69557571646946315E+00
    1  6.87691348434353156E+00
    2  7.20363765622464225E+00
    3  7.74527389418605416E+00
    4  1.17834891487743612E+01
[6.695575716469463, 6.876913484343532, 7.203637656224642, 7.745273894186054, 11.783489148774361]
# norm_idx gm_force_magnitude
    0  6.82199637999573838E+00
    1  7.00542309885666903E+00
    2  7.34242198923786660E+00
    3  7.92914561198940859E+00
    4  1.20721526476233922E+01
[6.821996379995738, 7.005423098856669, 7.342421989237867, 7.929145611989409, 12.072152647623392]
# norm_idx gm_force_magnitude
    0  6.99196598493388244E+00
    1  7.17682254244590290E+00
    2  7.52210090155034461E+00
    3  8.13254637417378490E+00
    4  1.24753825371774898E+01
[6.991965984933882, 7.176822542445903, 7.522100901550345, 8.132546374173785, 12.47538253717749]
# norm_idx gm_force_magnitude
    0  7.28017174381715826E+00
    1  7.46766643163496191E+00
    2  7.81553207633541280E+00
    3  8.41949640896269891E+00
    4  1.26870587849005272E+01
[7.280171743817158, 7.467666431634962, 7.815532076335413, 8.419496408962699, 12.687058784900527]
# norm_idx gm_force_magnitude
    0  7.45385842768862172E+00
    1  7.64358531671407437E+00
    2  7.99412636116204478E+00
    3  8.59613083938436517E+00
    4  1.30392970223972213E+01
[7.453858427688622, 7.643585316714074, 7.994126361162045, 8.596130839384365, 13.039297022397221]
# norm_idx gm_force_magnitude
    0  7.51902893331984323E+00
    1  7.71800850147123452E+00
    2  8.08380003903133115E+00
    3  8.71650483015145383E+00
    4  1.35031463583663118E+01
[7.519028933319843, 7.7180085014712345, 8.083800039031331, 8.716504830151454, 13.503146358366312]
# norm_idx gm_force_magnitude
    0  7.38441325044089147E+00
    1  7.58979047280564334E+00
    2  7.96745829513374826E+00
    3  8.63327950333136052E+00
    4  1.35985808682274296E+01
[7.3844132504408915, 7.589790472805643, 7.967458295133748, 8.63327950333136, 13.59858086822743]
# norm_idx gm_force_magnitude
    0  6.93265996156177877E+00
    1  7.13526745184833544E+00
    2  7.50919727479353316E+00
    3  8.17589123614618885E+00
    4  1.33569503034644939E+01
[6.932659961561779, 7.135267451848335, 7.509197274793533, 8.175891236146189, 13.356950303464494]
# norm_idx gm_force_magnitude
    0  6.49168924248108681E+00
    1  6.68252207284176780E+00
    2  7.03594000308709244E+00
    3  7.66501750835249762E+00
    4  1.25096911607136452E+01
[6.491689242481087, 6.682522072841768, 7.035940003087092, 7.665017508352498, 12.509691160713645]
# norm_idx gm_force_magnitude
    0  6.07014276901974092E+00
    1  6.24893294108425046E+00
    2  6.57991327894343936E+00
    3  7.17286824322918992E+00
    4  1.22445842865472621E+01
[6.070142769019741, 6.2489329410842505, 6.579913278943439, 7.17286824322919, 12.244584286547262]
run_hmc_evolve reversed delta_diff: -9.094947017729282e-13 / 1.065112735413095
run_hmc_evolve reversed gf_diff: 2.0749755106205578e-27 / 6144.0
metropolis_accept: flag=1 with accept_prob=34.5% delta_h=1.0651127354130949 traj=2
run_hmc: update gf (traj=2)
CHECK: traj=2 ; plaq_avg=7.42706563292744E-01
CHECK: wilson_loop 7.37894806130890E-01
Cache: 'CommPlanCache': 5 / 32 [16] to add
    0  1.54376062024353722E+00  2.41289146050876280E+00  1.09453106640150399E-01  5.60965428553758988E-05
Cache: 'CommPlanCache': 6 / 32 [16] to add
Cache: 'CommPlanCache': 7 / 32 [16] to add
gf_wilson_flow: t =  2.00000000000000004E-02 ; E =  1.52632704382557183E+00 ; t^2 E =  6.10530817530228814E-04.
gf_wilson_flow: t =  4.00000000000000008E-02 ; E =  1.39395545719992664E+00 ; t^2 E =  2.23032873151988260E-03.
gf_wilson_flow: t =  5.99999999999999978E-02 ; E =  1.26444517283845226E+00 ; t^2 E =  4.55200262221842813E-03.
gf_wilson_flow: t =  8.00000000000000017E-02 ; E =  1.14146319136191909E+00 ; t^2 E =  7.30536442471628293E-03.
gf_wilson_flow: t =  1.00000000000000006E-01 ; E =  1.02719541758325406E+00 ; t^2 E =  1.02719541758325428E-02.
    1  5.85571586530179933E-01  3.50183337723795507E-01  2.31958824441411623E-02  2.22203333191482976E-05
gf_wilson_flow: t =  1.20000000000000009E-01 ; E =  9.22673641887341578E-01 ; t^2 E =  1.32865004431777217E-02.
gf_wilson_flow: t =  1.40000000000000013E-01 ; E =  8.28118457272095210E-01 ; t^2 E =  1.62311217625330691E-02.
gf_wilson_flow: t =  1.60000000000000003E-01 ; E =  7.43230787594842734E-01 ; t^2 E =  1.90267081624279737E-02.
gf_wilson_flow: t =  1.79999999999999993E-01 ; E =  6.67411424231380446E-01 ; t^2 E =  2.16241301450967247E-02.
gf_wilson_flow: t =  2.00000000000000011E-01 ; E =  5.99912986704202122E-01 ; t^2 E =  2.39965194681680885E-02.
    2  2.55997833365906424E-01  6.75678798621573984E-02 -3.49802468569529457E-03  8.35628185211913578E-06
# flow_steps         name                    VALUE
           1    flow_time  2.00000000000000004E-02
           1 energy_density  1.52632704382557183E+00
           2    flow_time  4.00000000000000008E-02
           2 energy_density  1.39395545719992664E+00
           3    flow_time  5.99999999999999978E-02
           3 energy_density  1.26444517283845226E+00
           4    flow_time  8.00000000000000017E-02
           4 energy_density  1.14146319136191909E+00
           5    flow_time  1.00000000000000006E-01
           5 energy_density  1.02719541758325406E+00
           6    flow_time  1.19999999999999996E-01
           6 energy_density  9.22673641887341578E-01
           7    flow_time  1.40000000000000013E-01
           7 energy_density  8.28118457272095210E-01
           8    flow_time  1.60000000000000003E-01
           8 energy_density  7.43230787594842734E-01
           9    flow_time  1.79999999999999993E-01
           9 energy_density  6.67411424231380446E-01
          10    flow_time  2.00000000000000011E-01
          10 energy_density  5.99912986704202122E-01
# smear_step         type                    VALUE
           0 avg(plaq_action)  1.54376062024353722E+00
           0 avg(plaq_action^2)  2.41289146050876280E+00
           0 tot(topo_density)  1.09453106640150399E-01
           0 avg(topo_density^2)  5.60965428553758988E-05
           1 avg(plaq_action)  5.85571586530179933E-01
           1 avg(plaq_action^2)  3.50183337723795507E-01
           1 tot(topo_density)  2.31958824441411623E-02
           1 avg(topo_density^2)  2.22203333191482976E-05
           2 avg(plaq_action)  2.55997833365906424E-01
           2 avg(plaq_action^2)  6.75678798621573984E-02
           2 tot(topo_density) -3.49802468569529457E-03
           2 avg(topo_density^2)  8.35628185211913578E-06
QFile: open 'results/gf_info/traj=2.lat.partial' with 'w'.
qrename: 'results/gf_info/traj=2.lat.partial' 'results/gf_info/traj=2.lat'
QFile: close 'results/gf_info/traj=2.lat.partial' with 'w'.
QFile: open 'results/wilson_flow_energy_info/traj=2.lat.partial' with 'w'.
qrename: 'results/wilson_flow_energy_info/traj=2.lat.partial' 'results/wilson_flow_energy_info/traj=2.lat'
QFile: close 'results/wilson_flow_energy_info/traj=2.lat.partial' with 'w'.
mk_file_dirs_info: 'results/gm_force_info/traj=2.lat'.
QFile: open 'results/gm_force_info/traj=2.lat.partial' with 'w'.
qrename: 'results/gm_force_info/traj=2.lat.partial' 'results/gm_force_info/traj=2.lat'
QFile: close 'results/gm_force_info/traj=2.lat.partial' with 'w'.
# norm_idx gm_force_magnitude
    0  6.77462752209160524E+00
    1  6.95591453514394242E+00
    2  7.28315821254995654E+00
    3  7.84263598267975848E+00
    4  1.26314968915892081E+01
[6.774627522091605, 6.955914535143942, 7.2831582125499565, 7.8426359826797585, 12.631496891589208]
# norm_idx gm_force_magnitude
    0  6.99579349009415008E+00
    1  7.18531121278552565E+00
    2  7.52841107269703880E+00
    3  8.11825261377255991E+00
    4  1.30289137752754627E+01
[6.99579349009415, 7.185311212785526, 7.528411072697039, 8.11825261377256, 13.028913775275463]
# norm_idx gm_force_magnitude
    0  7.22240181539490944E+00
    1  7.42491885205146485E+00
    2  7.79365344460456733E+00
    3  8.42833834798254777E+00
    4  1.38899276916534422E+01
[7.222401815394909, 7.424918852051465, 7.793653444604567, 8.428338347982548, 13.889927691653442]
# norm_idx gm_force_magnitude
    0  7.46519304118327209E+00
    1  7.67382472689869122E+00
    2  8.05797588534884035E+00
    3  8.72843747120833413E+00
    4  1.42028403408012647E+01
[7.465193041183272, 7.673824726898691, 8.05797588534884, 8.728437471208334, 14.202840340801265]
# norm_idx gm_force_magnitude
    0  7.53853220536562496E+00
    1  7.74409457441404125E+00
    2  8.11968858841706087E+00
    3  8.77597234324058029E+00
    4  1.37949001194407366E+01
[7.538532205365625, 7.744094574414041, 8.11968858841706, 8.77597234324058, 13.794900119440737]
# norm_idx gm_force_magnitude
    0  7.49171261177330461E+00
    1  7.68859130308699168E+00
    2  8.04678621076353906E+00
    3  8.66226917916772798E+00
    4  1.30404305903358786E+01
[7.491712611773305, 7.688591303086992, 8.046786210763539, 8.662269179167728, 13.040430590335879]
# norm_idx gm_force_magnitude
    0  7.38001838887359085E+00
    1  7.57084062790309265E+00
    2  7.92017062054886978E+00
    3  8.51689533772672291E+00
    4  1.26164191494363855E+01
[7.380018388873591, 7.570840627903093, 7.92017062054887, 8.516895337726723, 12.616419149436386]
# norm_idx gm_force_magnitude
    0  7.19758459002318318E+00
    1  7.38265499992593011E+00
    2  7.72551260072227386E+00
    3  8.32610789739672441E+00
    4  1.32398248814946466E+01
[7.197584590023183, 7.38265499992593, 7.725512600722274, 8.326107897396724, 13.239824881494647]
# norm_idx gm_force_magnitude
    0  7.09538231101192629E+00
    1  7.28120917131094902E+00
    2  7.62398056397189983E+00
    3  8.22776236848451958E+00
    4  1.28092142257578487E+01
[7.095382311011926, 7.281209171310949, 7.6239805639719, 8.22776236848452, 12.809214225757849]
# norm_idx gm_force_magnitude
    0  7.04211364214021529E+00
    1  7.23040672570213694E+00
    2  7.57512166023763100E+00
    3  8.16585605237153445E+00
    4  1.22567879875452039E+01
[7.042113642140215, 7.230406725702137, 7.575121660237631, 8.165856052371534, 12.256787987545204]
# norm_idx gm_force_magnitude
    0  7.05417429140902641E+00
    1  7.24792027591906241E+00
    2  7.59742115683362407E+00
    3  8.17953060726645731E+00
    4  1.20255080947270017E+01
[7.054174291409026, 7.247920275919062, 7.597421156833624, 8.179530607266457, 12.025508094727002]
# norm_idx gm_force_magnitude
    0  7.11405268325393259E+00
    1  7.31544710762420536E+00
    2  7.67256792703527424E+00
    3  8.24839394188947317E+00
    4  1.21223669238176353E+01
[7.114052683253933, 7.315447107624205, 7.672567927035274, 8.248393941889473, 12.122366923817635]
metropolis_accept: flag=0 with accept_prob=51.7% delta_h=0.6596611557906726 traj=3
run_hmc: update gf (traj=3)
CHECK: traj=3 ; plaq_avg=6.87514720579907E-01
CHECK: wilson_loop 6.83938142259583E-01
# norm_idx gm_force_magnitude
    0  7.13396832431895866E+00
    1  7.33607833988560731E+00
    2  7.69574552815174862E+00
    3  8.28100878128247864E+00
    4  1.21498213300389093E+01
[7.133968324318959, 7.336078339885607, 7.695745528151749, 8.281008781282479, 12.14982133003891]
# norm_idx gm_force_magnitude
    0  7.21839157595808079E+00
    1  7.42349845079861215E+00
    2  7.79591212997757044E+00
    3  8.41914859540336202E+00
    4  1.24522394490615582E+01
[7.218391575958081, 7.423498450798612, 7.79591212997757, 8.419148595403362, 12.452239449061558]
# norm_idx gm_force_magnitude
    0  7.34748673368429550E+00
    1  7.55665362044357458E+00
    2  7.93688421020939927E+00
    3  8.57536846467688996E+00
    4  1.31753197966005740E+01
[7.3474867336842955, 7.556653620443575, 7.936884210209399, 8.57536846467689, 13.175319796600574]
# norm_idx gm_force_magnitude
    0  7.50886920097210364E+00
    1  7.71821251665433028E+00
    2  8.09914796508844326E+00
    3  8.74191812360914966E+00
    4  1.33565214263123000E+01
[7.508869200972104, 7.71821251665433, 8.099147965088443, 8.74191812360915, 13.3565214263123]
# norm_idx gm_force_magnitude
    0  7.55820759408438647E+00
    1  7.76372563539279259E+00
    2  8.13996730252772238E+00
    3  8.77766523310088864E+00
    4  1.28919447853214617E+01
[7.5582075940843865, 7.763725635392793, 8.139967302527722, 8.777665233100889, 12.891944785321462]
# norm_idx gm_force_magnitude
    0  7.52337644461576893E+00
    1  7.72629206355171050E+00
    2  8.09453143001560704E+00
    3  8.71042826328246278E+00
    4  1.28509859501088712E+01
[7.523376444615769, 7.7262920635517105, 8.094531430015607, 8.710428263282463, 12.850985950108871]
# norm_idx gm_force_magnitude
    0  7.46477978718089474E+00
    1  7.66565518131994938E+00
    2  8.02686911630957667E+00
    3  8.62286656150331510E+00
    4  1.30375994075052972E+01
[7.464779787180895, 7.665655181319949, 8.026869116309577, 8.622866561503315, 13.037599407505297]
# norm_idx gm_force_magnitude
    0  7.39428255279168578E+00
    1  7.59251182039255923E+00
    2  7.94664841376629028E+00
    3  8.53367965192291500E+00
    4  1.30454446767683265E+01
[7.394282552791686, 7.592511820392559, 7.94664841376629, 8.533679651922915, 13.045444676768327]
# norm_idx gm_force_magnitude
    0  7.36637680844798215E+00
    1  7.56059545707966052E+00
    2  7.91175669429844675E+00
    3  8.50265345254265448E+00
    4  1.31195626268915682E+01
[7.366376808447982, 7.5605954570796605, 7.911756694298447, 8.502653452542654, 13.119562626891568]
# norm_idx gm_force_magnitude
    0  7.34018935901899372E+00
    1  7.53322882712548569E+00
    2  7.88153046582916694E+00
    3  8.46980189274220940E+00
    4  1.27912620863646680E+01
[7.340189359018994, 7.533228827125486, 7.881530465829167, 8.46980189274221, 12.791262086364668]
# norm_idx gm_force_magnitude
    0  7.31801223946248847E+00
    1  7.51277959558801722E+00
    2  7.86184710501840467E+00
    3  8.44235623799863966E+00
    4  1.20154559616504581E+01
[7.3180122394624885, 7.512779595588017, 7.861847105018405, 8.44235623799864, 12.015455961650458]
# norm_idx gm_force_magnitude
    0  7.29440745945719549E+00
    1  7.49018738342722745E+00
    2  7.84368945383383309E+00
    3  8.43462705971283810E+00
    4  1.21436139939534335E+01
[7.2944074594571955, 7.4901873834272275, 7.843689453833833, 8.434627059712838, 12.143613993953434]
metropolis_accept: flag=1 with accept_prob=76.5% delta_h=0.2684873632342715 traj=4
run_hmc: update gf (traj=4)
CHECK: traj=4 ; plaq_avg=6.56513292338894E-01
CHECK: wilson_loop 6.52047797420054E-01
    0  2.06092024596663670E+00  4.30033804233253036E+00  4.57980927397923093E-02  9.31981582610314749E-05
gf_wilson_flow: t =  2.00000000000000004E-02 ; E =  1.98953813906126209E+00 ; t^2 E =  7.95815255624504917E-04.
gf_wilson_flow: t =  4.00000000000000008E-02 ; E =  1.86794474306226310E+00 ; t^2 E =  2.98871158889962114E-03.
gf_wilson_flow: t =  5.99999999999999978E-02 ; E =  1.73810554416089680E+00 ; t^2 E =  6.25717995897922836E-03.
gf_wilson_flow: t =  8.00000000000000017E-02 ; E =  1.60564321001476285E+00 ; t^2 E =  1.02761165440944831E-02.
gf_wilson_flow: t =  1.00000000000000006E-01 ; E =  1.47496353817426340E+00 ; t^2 E =  1.47496353817426363E-02.
    1  8.96666895973141309E-01  8.24233761575156820E-01 -1.04569037906489054E-01  4.90407565335646944E-05
gf_wilson_flow: t =  1.20000000000000009E-01 ; E =  1.34923953270288743E+00 ; t^2 E =  1.94290492709215841E-02.
gf_wilson_flow: t =  1.40000000000000013E-01 ; E =  1.23055238370288134E+00 ; t^2 E =  2.41188267205764764E-02.
gf_wilson_flow: t =  1.60000000000000003E-01 ; E =  1.12009828124799249E+00 ; t^2 E =  2.86745159999486077E-02.
gf_wilson_flow: t =  1.79999999999999993E-01 ; E =  1.01840349543247810E+00 ; t^2 E =  3.29962732520122856E-02.
gf_wilson_flow: t =  2.00000000000000011E-01 ; E =  9.25517311948635069E-01 ; t^2 E =  3.70206924779454133E-02.
    2  4.17903857350467645E-01  1.81074204574794728E-01 -8.88666298510614461E-02  2.07894550269613213E-05
# flow_steps         name                    VALUE
           1    flow_time  2.00000000000000004E-02
           1 energy_density  1.98953813906126209E+00
           2    flow_time  4.00000000000000008E-02
           2 energy_density  1.86794474306226310E+00
           3    flow_time  5.99999999999999978E-02
           3 energy_density  1.73810554416089680E+00
           4    flow_time  8.00000000000000017E-02
           4 energy_density  1.60564321001476285E+00
           5    flow_time  1.00000000000000006E-01
           5 energy_density  1.47496353817426340E+00
           6    flow_time  1.19999999999999996E-01
           6 energy_density  1.34923953270288743E+00
           7    flow_time  1.40000000000000013E-01
           7 energy_density  1.23055238370288134E+00
           8    flow_time  1.60000000000000003E-01
           8 energy_density  1.12009828124799249E+00
           9    flow_time  1.79999999999999993E-01
           9 energy_density  1.01840349543247810E+00
          10    flow_time  2.00000000000000011E-01
          10 energy_density  9.25517311948635069E-01
# smear_step         type                    VALUE
           0 avg(plaq_action)  2.06092024596663670E+00
           0 avg(plaq_action^2)  4.30033804233253036E+00
           0 tot(topo_density)  4.57980927397923093E-02
           0 avg(topo_density^2)  9.31981582610314749E-05
           1 avg(plaq_action)  8.96666895973141309E-01
           1 avg(plaq_action^2)  8.24233761575156820E-01
           1 tot(topo_density) -1.04569037906489054E-01
           1 avg(topo_density^2)  4.90407565335646944E-05
           2 avg(plaq_action)  4.17903857350467645E-01
           2 avg(plaq_action^2)  1.81074204574794728E-01
           2 tot(topo_density) -8.88666298510614461E-02
           2 avg(topo_density^2)  2.07894550269613213E-05
QFile: open 'results/gf_info/traj=4.lat.partial' with 'w'.
qrename: 'results/gf_info/traj=4.lat.partial' 'results/gf_info/traj=4.lat'
QFile: close 'results/gf_info/traj=4.lat.partial' with 'w'.
QFile: open 'results/wilson_flow_energy_info/traj=4.lat.partial' with 'w'.
qrename: 'results/wilson_flow_energy_info/traj=4.lat.partial' 'results/wilson_flow_energy_info/traj=4.lat'
QFile: close 'results/wilson_flow_energy_info/traj=4.lat.partial' with 'w'.
mk_file_dirs_info: 'results/gm_force_info/traj=4.lat'.
QFile: open 'results/gm_force_info/traj=4.lat.partial' with 'w'.
qrename: 'results/gm_force_info/traj=4.lat.partial' 'results/gm_force_info/traj=4.lat'
QFile: close 'results/gm_force_info/traj=4.lat.partial' with 'w'.
Cache: 'CommPlanCache': 8 / 32 [16] to add
# norm_idx gm_force_magnitude
    0  1.29647900205106748E+00
    1  1.33595673953873684E+00
    2  1.40958807155763655E+00
    3  1.53825908070035444E+00
    4  2.33905567427573491E+00
[1.2964790020510675, 1.3359567395387368, 1.4095880715576365, 1.5382590807003544, 2.339055674275735]
# norm_idx gm_force_magnitude
    0  4.36960487078147253E+00
    1  4.49545408372440036E+00
    2  4.72767125413661926E+00
    3  5.12661557271550450E+00
    4  7.80854062657053571E+00
[4.3696048707814725, 4.4954540837244, 4.727671254136619, 5.1266155727155045, 7.808540626570536]
# norm_idx gm_force_magnitude
    0  5.80275004417459606E+00
    1  5.96017592469572666E+00
    2  6.24782633999327874E+00
    3  6.73595516653739601E+00
    4  1.02458701485211776E+01
[5.802750044174596, 5.960175924695727, 6.247826339993279, 6.735955166537396, 10.245870148521178]
# norm_idx gm_force_magnitude
    0  6.72825600840089422E+00
    1  6.89958433142772964E+00
    2  7.20976585203905707E+00
    3  7.73164851409839571E+00
    4  1.16971874847272126E+01
[6.728256008400894, 6.89958433142773, 7.209765852039057, 7.731648514098396, 11.697187484727213]
# norm_idx gm_force_magnitude
    0  6.87509677190537438E+00
    1  7.04792606758614326E+00
    2  7.36028435456535490E+00
    3  7.88606348347045483E+00
    4  1.19383321194047767E+01
[6.875096771905374, 7.047926067586143, 7.360284354565355, 7.886063483470455, 11.938332119404777]
# norm_idx gm_force_magnitude
    0  6.64560955254207375E+00
    1  6.81815740158609884E+00
    2  7.13141222898404514E+00
    3  7.66279661192943706E+00
    4  1.17783659116644905E+01
[6.645609552542074, 6.818157401586099, 7.131412228984045, 7.662796611929437, 11.77836591166449]
# norm_idx gm_force_magnitude
    0  6.24998937106868624E+00
    1  6.42163565884181509E+00
    2  6.73584706718209958E+00
    3  7.27492989389908917E+00
    4  1.13920428523836073E+01
[6.249989371068686, 6.421635658841815, 6.7358470671821, 7.274929893899089, 11.392042852383607]
# norm_idx gm_force_magnitude
    0  5.45375283704470348E+00
    1  5.62059606748456808E+00
    2  5.93237044782001188E+00
    3  6.48235980374652510E+00
    4  1.02114259451645903E+01
[5.4537528370447035, 5.620596067484568, 5.932370447820012, 6.482359803746525, 10.21142594516459]
# norm_idx gm_force_magnitude
    0  4.81989700246582764E+00
    1  4.97703783837320213E+00
    2  5.27349730442687381E+00
    3  5.80597251508384904E+00
    4  8.98473095806816247E+00
[4.819897002465828, 4.977037838373202, 5.273497304426874, 5.805972515083849, 8.984730958068162]
# norm_idx gm_force_magnitude
    0  4.31611237820018445E+00
    1  4.44878842681692621E+00
    2  4.69494737775392590E+00
    3  5.12693939463448167E+00
    4  8.47159195970001733E+00
[4.3161123782001845, 4.448788426816926, 4.694947377753926, 5.126939394634482, 8.471591959700017]
# norm_idx gm_force_magnitude
    0  4.44752142978290088E+00
    1  4.57592518901774259E+00
    2  4.81386353252194876E+00
    3  5.23125611724011463E+00
    4  8.73213431295016562E+00
[4.447521429782901, 4.575925189017743, 4.813863532521949, 5.231256117240115, 8.732134312950166]
# norm_idx gm_force_magnitude
    0  5.08179257774179494E+00
    1  5.22924313915766259E+00
    2  5.50127745415068059E+00
    3  5.97764053218026703E+00
    4  9.62773746434870858E+00
[5.081792577741795, 5.229243139157663, 5.501277454150681, 5.977640532180267, 9.627737464348709]
# norm_idx gm_force_magnitude
    0  5.08179257774179671E+00
    1  5.22924313915766348E+00
    2  5.50127745415068148E+00
    3  5.97764053218026792E+00
    4  9.62773746434870858E+00
[5.081792577741797, 5.2292431391576635, 5.5012774541506815, 5.977640532180268, 9.627737464348709]
# norm_idx gm_force_magnitude
    0  4.44752142978290088E+00
    1  4.57592518901774348E+00
    2  4.81386353252194965E+00
    3  5.23125611724011552E+00
    4  8.73213431295016740E+00
[4.447521429782901, 4.5759251890177435, 4.81386353252195, 5.2312561172401155, 8.732134312950167]
# norm_idx gm_force_magnitude
    0  4.31611237820018534E+00
    1  4.44878842681692621E+00
    2  4.69494737775392679E+00
    3  5.12693939463448256E+00
    4  8.47159195970001733E+00
[4.316112378200185, 4.448788426816926, 4.694947377753927, 5.126939394634483, 8.471591959700017]
# norm_idx gm_force_magnitude
    0  4.81989700246582764E+00
    1  4.97703783837320302E+00
    2  5.27349730442687470E+00
    3  5.80597251508384993E+00
    4  8.98473095806816069E+00
[4.819897002465828, 4.977037838373203, 5.273497304426875, 5.80597251508385, 8.98473095806816]
# norm_idx gm_force_magnitude
    0  5.45375283704470437E+00
    1  5.62059606748456808E+00
    2  5.93237044782001277E+00
    3  6.48235980374652598E+00
    4  1.02114259451645939E+01
[5.453752837044704, 5.620596067484568, 5.932370447820013, 6.482359803746526, 10.211425945164594]
# norm_idx gm_force_magnitude
    0  6.24998937106868535E+00
    1  6.42163565884181597E+00
    2  6.73584706718210047E+00
    3  7.27492989389909095E+00
    4  1.13920428523836126E+01
[6.249989371068685, 6.421635658841816, 6.7358470671821005, 7.274929893899091, 11.392042852383613]
# norm_idx gm_force_magnitude
    0  6.64560955254207464E+00
    1  6.81815740158610062E+00
    2  7.13141222898404692E+00
    3  7.66279661192943795E+00
    4  1.17783659116644923E+01
[6.645609552542075, 6.818157401586101, 7.131412228984047, 7.662796611929438, 11.778365911664492]
# norm_idx gm_force_magnitude
    0  6.87509677190537705E+00
    1  7.04792606758614415E+00
    2  7.36028435456535579E+00
    3  7.88606348347045660E+00
    4  1.19383321194047838E+01
[6.875096771905377, 7.047926067586144, 7.360284354565356, 7.886063483470457, 11.938332119404784]
# norm_idx gm_force_magnitude
    0  6.72825600840089511E+00
    1  6.89958433142773053E+00
    2  7.20976585203905707E+00
    3  7.73164851409839748E+00
    4  1.16971874847272197E+01
[6.728256008400895, 6.8995843314277305, 7.209765852039057, 7.7316485140983975, 11.69718748472722]
# norm_idx gm_force_magnitude
    0  5.80275004417459606E+00
    1  5.96017592469572577E+00
    2  6.24782633999327874E+00
    3  6.73595516653739512E+00
    4  1.02458701485211812E+01
[5.802750044174596, 5.960175924695726, 6.247826339993279, 6.735955166537395, 10.245870148521181]
# norm_idx gm_force_magnitude
    0  4.36960487078147164E+00
    1  4.49545408372439859E+00
    2  4.72767125413661660E+00
    3  5.12661557271550272E+00
    4  7.80854062657053660E+00
[4.369604870781472, 4.495454083724399, 4.727671254136617, 5.126615572715503, 7.808540626570537]
# norm_idx gm_force_magnitude
    0  1.29647900205106459E+00
    1  1.33595673953873328E+00
    2  1.40958807155763322E+00
    3  1.53825908070035089E+00
    4  2.33905567427572691E+00
[1.2964790020510646, 1.3359567395387333, 1.4095880715576332, 1.538259080700351, 2.339055674275727]
run_hmc_evolve reversed delta_diff: 0.0 / 3.9198068174700893
run_hmc_evolve reversed gf_diff: 1.1967035516992973e-27 / 6144.0
metropolis_accept: flag=0 with accept_prob=2.0% delta_h=3.9198068174700893 traj=1
run_hmc: update gf (traj=1)
CHECK: traj=1 ; plaq_avg=8.47171798045803E-01
CHECK: wilson_loop 8.44506261663104E-01
# norm_idx gm_force_magnitude
    0  5.35050857919329292E+00
    1  5.50491083393063807E+00
    2  5.79116455796572183E+00
    3  6.30087553992696492E+00
    4  9.87039062141684731E+00
[5.350508579193293, 5.504910833930638, 5.791164557965722, 6.300875539926965, 9.870390621416847]
# norm_idx gm_force_magnitude
    0  5.80306439296350796E+00
    1  5.97607402004649035E+00
    2  6.29195224901520156E+00
    3  6.84244468321025145E+00
    4  1.06952958465687367E+01
[5.803064392963508, 5.97607402004649, 6.291952249015202, 6.8424446832102515, 10.695295846568737]
# norm_idx gm_force_magnitude
    0  6.25742973774928402E+00
    1  6.44071625722710550E+00
    2  6.77707560301166989E+00
    3  7.36683381355003242E+00
    4  1.15567469785009038E+01
[6.257429737749284, 6.4407162572271055, 6.77707560301167, 7.366833813550032, 11.556746978500904]
# norm_idx gm_force_magnitude
    0  6.70933411328854845E+00
    1  6.89596106318747371E+00
    2  7.23773993456493425E+00
    3  7.83050597900846057E+00
    4  1.20901355289645878E+01
[6.7093341132885485, 6.895961063187474, 7.237739934564934, 7.830505979008461, 12.090135528964588]
# norm_idx gm_force_magnitude
    0  6.85696929151458434E+00
    1  7.03992905969622029E+00
    2  7.37293318965070910E+00
    3  7.93997822484311033E+00
    4  1.21184039571912088E+01
[6.856969291514584, 7.03992905969622, 7.372933189650709, 7.93997822484311, 12.118403957191209]
# norm_idx gm_force_magnitude
    0  6.85403097380220050E+00
    1  7.02859070852736956E+00
    2  7.34604345716535789E+00
    3  7.88026039527615652E+00
    4  1.20603166932653849E+01
[6.8540309738022005, 7.02859070852737, 7.346043457165358, 7.8802603952761565, 12.060316693265385]
# norm_idx gm_force_magnitude
    0  6.73888189612541844E+00
    1  6.90918009588176574E+00
    2  7.22009900168832797E+00
    3  7.74659840632355934E+00
    4  1.18840382229676571E+01
[6.738881896125418, 6.909180095881766, 7.220099001688328, 7.746598406323559, 11.884038222967657]
# norm_idx gm_force_magnitude
    0  6.47357396549967934E+00
    1  6.64199310362036410E+00
    2  6.95313403660147511E+00
    3  7.49170320824141101E+00
    4  1.12220428877130427E+01
[6.473573965499679, 6.641993103620364, 6.953134036601475, 7.491703208241411, 11.222042887713043]
# norm_idx gm_force_magnitude
    0  6.24451081511858330E+00
    1  6.41374963821303545E+00
    2  6.72665897824377090E+00
    3  7.27194236201307742E+00
    4  1.10710371470886777E+01
[6.244510815118583, 6.4137496382130355, 6.726658978243771, 7.271942362013077, 11.071037147088678]
# norm_idx gm_force_magnitude
    0  5.97504021229504545E+00
    1  6.14333937430809218E+00
    2  6.44938109170088492E+00
    3  6.97058115360376096E+00
    4  1.03155525558494769E+01
[5.9750402122950454, 6.143339374308092, 6.449381091700885, 6.970581153603761, 10.315552555849477]
# norm_idx gm_force_magnitude
    0  5.87770117442924445E+00
    1  6.04097068468558618E+00
    2  6.33503150637414336E+00
    3  6.82364815498026189E+00
    4  1.04441807376793871E+01
[5.8777011744292444, 6.040970684685586, 6.335031506374143, 6.823648154980262, 10.444180737679387]
# norm_idx gm_force_magnitude
    0  5.92493780849407159E+00
    1  6.08120252644716963E+00
    2  6.36435900786992548E+00
    3  6.83783738373779926E+00
    4  1.02240615028035506E+01
[5.924937808494072, 6.08120252644717, 6.3643590078699255, 6.837837383737799, 10.22406150280355]
# norm_idx gm_force_magnitude
    0  5.92493780849407337E+00
    1  6.08120252644717052E+00
    2  6.36435900786992548E+00
    3  6.83783738373779926E+00
    4  1.02240615028035542E+01
[5.924937808494073, 6.0812025264471705, 6.3643590078699255, 6.837837383737799, 10.224061502803554]
# norm_idx gm_force_magnitude
    0  5.87770117442924445E+00
    1  6.04097068468558618E+00
    2  6.33503150637414425E+00
    3  6.82364815498026189E+00
    4  1.04441807376793925E+01
[5.8777011744292444, 6.040970684685586, 6.335031506374144, 6.823648154980262, 10.444180737679392]
# norm_idx gm_force_magnitude
    0  5.97504021229504545E+00
    1  6.14333937430809218E+00
    2  6.44938109170088492E+00
    3  6.97058115360376185E+00
    4  1.03155525558494823E+01
[5.9750402122950454, 6.143339374308092, 6.449381091700885, 6.970581153603762, 10.315552555849482]
# norm_idx gm_force_magnitude
    0  6.24451081511858419E+00
    1  6.41374963821303545E+00
    2  6.72665897824377090E+00
    3  7.27194236201307742E+00
    4  1.10710371470886813E+01
[6.244510815118584, 6.4137496382130355, 6.726658978243771, 7.271942362013077, 11.071037147088681]
# norm_idx gm_force_magnitude
    0  6.47357396549967934E+00
    1  6.64199310362036233E+00
    2  6.95313403660147511E+00
    3  7.49170320824141012E+00
    4  1.12220428877130463E+01
[6.473573965499679, 6.641993103620362, 6.953134036601475, 7.49170320824141, 11.222042887713046]
# norm_idx gm_force_magnitude
    0  6.73888189612541844E+00
    1  6.90918009588176574E+00
    2  7.22009900168832797E+00
    3  7.74659840632355934E+00
    4  1.18840382229676589E+01
[6.738881896125418, 6.909180095881766, 7.220099001688328, 7.746598406323559, 11.884038222967659]
# norm_idx gm_force_magnitude
    0  6.85403097380219961E+00
    1  7.02859070852737045E+00
    2  7.34604345716535700E+00
    3  7.88026039527615652E+00
    4  1.20603166932653867E+01
[6.8540309738022, 7.0285907085273704, 7.346043457165357, 7.8802603952761565, 12.060316693265387]
# norm_idx gm_force_magnitude
    0  6.85696929151458434E+00
    1  7.03992905969622029E+00
    2  7.37293318965070910E+00
    3  7.93997822484311033E+00
    4  1.21184039571912088E+01
[6.856969291514584, 7.03992905969622, 7.372933189650709, 7.93997822484311, 12.118403957191209]
# norm_idx gm_force_magnitude
    0  6.70933411328854934E+00
    1  6.89596106318747282E+00
    2  7.23773993456493425E+00
    3  7.83050597900846057E+00
    4  1.20901355289645878E+01
[6.709334113288549, 6.895961063187473, 7.237739934564934, 7.830505979008461, 12.090135528964588]
# norm_idx gm_force_magnitude
    0  6.25742973774928402E+00
    1  6.44071625722710461E+00
    2  6.77707560301167078E+00
    3  7.36683381355003242E+00
    4  1.15567469785009003E+01
[6.257429737749284, 6.440716257227105, 6.777075603011671, 7.366833813550032, 11.5567469785009]
# norm_idx gm_force_magnitude
    0  5.80306439296350796E+00
    1  5.97607402004649035E+00
    2  6.29195224901520156E+00
    3  6.84244468321025234E+00
    4  1.06952958465687402E+01
[5.803064392963508, 5.97607402004649, 6.291952249015202, 6.842444683210252, 10.69529584656874]
# norm_idx gm_force_magnitude
    0  5.35050857919329292E+00
    1  5.50491083393063807E+00
    2  5.79116455796572183E+00
    3  6.30087553992696581E+00
    4  9.87039062141685619E+00
[5.350508579193293, 5.504910833930638, 5.791164557965722, 6.300875539926966, 9.870390621416856]
run_hmc_evolve reversed delta_diff: 0.0 / 1.0060782075424868
run_hmc_evolve reversed gf_diff: 1.785105487214733e-27 / 6144.0
metropolis_accept: flag=1 with accept_prob=36.6% delta_h=1.0060782075424868 traj=2
run_hmc: update gf (traj=2)
CHECK: traj=2 ; plaq_avg=7.77748212206055E-01
CHECK: wilson_loop 7.73866504695674E-01
    0  1.33351072676366744E+00  1.80399945673817363E+00  7.76498348631161350E-02  3.29520205108148811E-05
gf_wilson_flow: t =  2.00000000000000004E-02 ; E =  1.15981359511352577E+00 ; t^2 E =  4.63925438045410343E-04.
gf_wilson_flow: t =  4.00000000000000008E-02 ; E =  1.03768128543816607E+00 ; t^2 E =  1.66029005670106575E-03.
gf_wilson_flow: t =  5.99999999999999978E-02 ; E =  9.23159854838149219E-01 ; t^2 E =  3.32337547741733694E-03.
gf_wilson_flow: t =  8.00000000000000017E-02 ; E =  8.18498837820505698E-01 ; t^2 E =  5.23839256205123685E-03.
gf_wilson_flow: t =  1.00000000000000006E-01 ; E =  7.24551929084852997E-01 ; t^2 E =  7.24551929084853163E-03.
    1  4.48289000583114494E-01  2.05457339913736547E-01  1.64320764024320706E-02  1.11096037817789124E-05
gf_wilson_flow: t =  1.20000000000000009E-01 ; E =  6.41239100647035487E-01 ; t^2 E =  9.23384304931731265E-03.
gf_wilson_flow: t =  1.40000000000000013E-01 ; E =  5.67932462300831831E-01 ; t^2 E =  1.11314762610963056E-02.
gf_wilson_flow: t =  1.60000000000000003E-01 ; E =  5.03732954257034349E-01 ; t^2 E =  1.28955636289800803E-02.
gf_wilson_flow: t =  1.79999999999999993E-01 ; E =  4.47648515734520525E-01 ; t^2 E =  1.45038119097984641E-02.
gf_wilson_flow: t =  2.00000000000000011E-01 ; E =  3.98698494370809009E-01 ; t^2 E =  1.59479397748323627E-02.
    2  1.80848008519712167E-01  3.36993704826570595E-02  2.99761996090847777E-04  3.67985467023373897E-06
# flow_steps         name                    VALUE
           1    flow_time  2.00000000000000004E-02
           1 energy_density  1.15981359511352577E+00
           2    flow_time  4.00000000000000008E-02
           2 energy_density  1.03768128543816607E+00
           3    flow_time  5.99999999999999978E-02
           3 energy_density  9.23159854838149219E-01
           4    flow_time  8.00000000000000017E-02
           4 energy_density  8.18498837820505698E-01
           5    flow_time  1.00000000000000006E-01
           5 energy_density  7.24551929084852997E-01
           6    flow_time  1.19999999999999996E-01
           6 energy_density  6.41239100647035487E-01
           7    flow_time  1.40000000000000013E-01
           7 energy_density  5.67932462300831831E-01
           8    flow_time  1.60000000000000003E-01
           8 energy_density  5.03732954257034349E-01
           9    flow_time  1.79999999999999993E-01
           9 energy_density  4.47648515734520525E-01
          10    flow_time  2.00000000000000011E-01
          10 energy_density  3.98698494370809009E-01
# smear_step         type                    VALUE
           0 avg(plaq_action)  1.33351072676366744E+00
           0 avg(plaq_action^2)  1.80399945673817363E+00
           0 tot(topo_density)  7.76498348631161350E-02
           0 avg(topo_density^2)  3.29520205108148811E-05
           1 avg(plaq_action)  4.48289000583114494E-01
           1 avg(plaq_action^2)  2.05457339913736547E-01
           1 tot(topo_density)  1.64320764024320706E-02
           1 avg(topo_density^2)  1.11096037817789124E-05
           2 avg(plaq_action)  1.80848008519712167E-01
           2 avg(plaq_action^2)  3.36993704826570595E-02
           2 tot(topo_density)  2.99761996090847777E-04
           2 avg(topo_density^2)  3.67985467023373897E-06
QFile: open 'results/gf_info/traj=2.lat.partial' with 'w'.
qrename: 'results/gf_info/traj=2.lat.partial' 'results/gf_info/traj=2.lat'
QFile: close 'results/gf_info/traj=2.lat.partial' with 'w'.
QFile: open 'results/wilson_flow_energy_info/traj=2.lat.partial' with 'w'.
qrename: 'results/wilson_flow_energy_info/traj=2.lat.partial' 'results/wilson_flow_energy_info/traj=2.lat'
QFile: close 'results/wilson_flow_energy_info/traj=2.lat.partial' with 'w'.
mk_file_dirs_info: 'results/gm_force_info/traj=2.lat'.
QFile: open 'results/gm_force_info/traj=2.lat.partial' with 'w'.
qrename: 'results/gm_force_info/traj=2.lat.partial' 'results/gm_force_info/traj=2.lat'
QFile: close 'results/gm_force_info/traj=2.lat.partial' with 'w'.
# norm_idx gm_force_magnitude
    0  6.00841709489937692E+00
    1  6.16336780426232789E+00
    2  6.44663387916972042E+00
    3  6.92584331119904295E+00
    4  1.05229748822712761E+01
[6.008417094899377, 6.163367804262328, 6.44663387916972, 6.925843311199043, 10.522974882271276]
# norm_idx gm_force_magnitude
    0  6.27464967062909285E+00
    1  6.43525144821029116E+00
    2  6.72960117576933925E+00
    3  7.24030144979623547E+00
    4  1.15939997280284395E+01
[6.274649670629093, 6.435251448210291, 6.729601175769339, 7.2403014497962355, 11.59399972802844]
# norm_idx gm_force_magnitude
    0  6.52681147338153256E+00
    1  6.69714504584422432E+00
    2  7.00939637131720428E+00
    3  7.55255151356144072E+00
    4  1.19987453523476546E+01
[6.526811473381533, 6.697145045844224, 7.009396371317204, 7.552551513561441, 11.998745352347655]
# norm_idx gm_force_magnitude
    0  6.77481085334165201E+00
    1  6.95243147403496575E+00
    2  7.27925060484087183E+00
    3  7.84428050151959244E+00
    4  1.20423416563829626E+01
[6.774810853341652, 6.952431474034966, 7.279250604840872, 7.844280501519592, 12.042341656382963]
# norm_idx gm_force_magnitude
    0  6.84570285149052182E+00
    1  7.02441025849516443E+00
    2  7.35112426796532326E+00
    3  7.91212667021397120E+00
    4  1.17866799988461217E+01
[6.845702851490522, 7.024410258495164, 7.351124267965323, 7.912126670213971, 11.786679998846122]
# norm_idx gm_force_magnitude
    0  6.81564263694983374E+00
    1  6.99081764052912558E+00
    2  7.30927430483023954E+00
    3  7.85014303600454699E+00
    4  1.14543921860020141E+01
[6.815642636949834, 6.990817640529126, 7.3092743048302395, 7.850143036004547, 11.454392186002014]
# norm_idx gm_force_magnitude
    0  6.72865492328392012E+00
    1  6.89897667173996254E+00
    2  7.20903664273679556E+00
    3  7.73304664307362621E+00
    4  1.11728875272585295E+01
[6.72865492328392, 6.8989766717399625, 7.209036642736796, 7.733046643073626, 11.17288752725853]
# norm_idx gm_force_magnitude
    0  6.55811418982762628E+00
    1  6.72320353401375836E+00
    2  7.02531016953899634E+00
    3  7.53539714980645581E+00
    4  1.09814000356445121E+01
[6.558114189827626, 6.723203534013758, 7.025310169538996, 7.535397149806456, 10.981400035644512]
# norm_idx gm_force_magnitude
    0  6.42685564124661823E+00
    1  6.59163975702343663E+00
    2  6.89249981201431261E+00
    3  7.40033211695342974E+00
    4  1.10177575730247650E+01
[6.426855641246618, 6.591639757023437, 6.892499812014313, 7.40033211695343, 11.017757573024765]
# norm_idx gm_force_magnitude
    0  6.29508513564581307E+00
    1  6.45982618628357219E+00
    2  6.75750333458296559E+00
    3  7.25649944253781598E+00
    4  1.06069951948874497E+01
[6.295085135645813, 6.459826186283572, 6.757503334582966, 7.256499442537816, 10.60699519488745]
# norm_idx gm_force_magnitude
    0  6.26422670885313693E+00
    1  6.42518228078529141E+00
    2  6.71702642334737376E+00
    3  7.20678208436292067E+00
    4  1.06869409312954424E+01
[6.264226708853137, 6.425182280785291, 6.717026423347374, 7.206782084362921, 10.686940931295442]
# norm_idx gm_force_magnitude
    0  6.30772125984199672E+00
    1  6.46819272186451322E+00
    2  6.76098368364134394E+00
    3  7.25312029459816809E+00
    4  1.08834451357714741E+01
[6.307721259841997, 6.468192721864513, 6.760983683641344, 7.253120294598168, 10.883445135771474]
metropolis_accept: flag=0 with accept_prob=49.7% delta_h=0.6983008384058849 traj=3
run_hmc: update gf (traj=3)
CHECK: traj=3 ; plaq_avg=7.13614880121003E-01
CHECK: wilson_loop 7.10015094062478E-01
# norm_idx gm_force_magnitude
    0  6.34663550059950321E+00
    1  6.51308017858140698E+00
    2  6.81559450521873345E+00
    3  7.32182043747989297E+00
    4  1.09503597108916733E+01
[6.346635500599503, 6.513080178581407, 6.8155945052187334, 7.321820437479893, 10.950359710891673]
# norm_idx gm_force_magnitude
    0  6.47167194765521092E+00
    1  6.64665791107060144E+00
    2  6.96543910717589654E+00
    3  7.50084447081304440E+00
    4  1.10785195753541803E+01
[6.471671947655211, 6.646657911070601, 6.9654391071758965, 7.500844470813044, 11.07851957535418]
# norm_idx gm_force_magnitude
    0  6.61488572761344429E+00
    1  6.79351059455356587E+00
    2  7.11819518612207958E+00
    3  7.66854321355884938E+00
    4  1.15948255255345476E+01
[6.614885727613444, 6.793510594553566, 7.11819518612208, 7.668543213558849, 11.594825525534548]
# norm_idx gm_force_magnitude
    0  6.78097306497241181E+00
    1  6.95907958837979024E+00
    2  7.28037269716417157E+00
    3  7.82411704116215834E+00
    4  1.20436540041764157E+01
[6.780973064972412, 6.95907958837979, 7.280372697164172, 7.824117041162158, 12.043654004176416]
# norm_idx gm_force_magnitude
    0  6.83899249373730367E+00
    1  7.01314891937030538E+00
    2  7.32824398356261142E+00
    3  7.85902976749125592E+00
    4  1.20562793394805876E+01
[6.838992493737304, 7.013148919370305, 7.328243983562611, 7.859029767491256, 12.056279339480588]
# norm_idx gm_force_magnitude
    0  6.82090356642861195E+00
    1  6.99365543025659075E+00
    2  7.30515135964815965E+00
    3  7.82459456742932691E+00
    4  1.16881515609958555E+01
[6.820903566428612, 6.993655430256591, 7.30515135964816, 7.824594567429327, 11.688151560995856]
# norm_idx gm_force_magnitude
    0  6.76081997292469783E+00
    1  6.93496524895244271E+00
    2  7.24898828880461465E+00
    3  7.77143030795255552E+00
    4  1.17452210153645122E+01
[6.760819972924698, 6.934965248952443, 7.248988288804615, 7.7714303079525555, 11.745221015364512]
# norm_idx gm_force_magnitude
    0  6.65932835034511417E+00
    1  6.83538520573821629E+00
    2  7.15506435939514951E+00
    3  7.69384892142982402E+00
    4  1.21996006467351030E+01
[6.659328350345114, 6.835385205738216, 7.1550643593951495, 7.693848921429824, 12.199600646735103]
# norm_idx gm_force_magnitude
    0  6.59296259107746607E+00
    1  6.76946910280709613E+00
    2  7.09012299132000567E+00
    3  7.63802157713775820E+00
    4  1.21147533285878417E+01
[6.592962591077466, 6.769469102807096, 7.090122991320006, 7.638021577137758, 12.114753328587842]
# norm_idx gm_force_magnitude
    0  6.53422424221596110E+00
    1  6.70555085416571472E+00
    2  7.01673702552700540E+00
    3  7.55374430163310251E+00
    4  1.16660624357829441E+01
[6.534224242215961, 6.705550854165715, 7.016737025527005, 7.5537443016331025, 11.666062435782944]
# norm_idx gm_force_magnitude
    0  6.51858564356003356E+00
    1  6.68359181161392435E+00
    2  6.98403433185092037E+00
    3  7.49838917611861788E+00
    4  1.18532169066906743E+01
[6.518585643560034, 6.683591811613924, 6.98403433185092, 7.498389176118618, 11.853216906690674]
# norm_idx gm_force_magnitude
    0  6.52437833461018091E+00
    1  6.68733975828245875E+00
    2  6.98360009418447358E+00
    3  7.48229039335685986E+00
    4  1.11703271769847365E+01
[6.524378334610181, 6.687339758282459, 6.983600094184474, 7.48229039335686, 11.170327176984737]
metropolis_accept: flag=1 with accept_prob=69.9% delta_h=0.3585174500412904 traj=4
run_hmc: update gf (traj=4)
CHECK: traj=4 ; plaq_avg=6.71947112602946E-01
CHECK: wilson_loop 6.69446365148950E-01
    0  1.96831732438232243E+00  3.92439926383498250E+00  3.96450524153750816E-02  6.45578592049421375E-05
gf_wilson_flow: t =  2.00000000000000004E-02 ; E =  1.67312585481513842E+00 ; t^2 E =  6.69250341926055426E-04.
gf_wilson_flow: t =  4.00000000000000008E-02 ; E =  1.54957254494734809E+00 ; t^2 E =  2.47931607191575684E-03.
gf_wilson_flow: t =  5.99999999999999978E-02 ; E =  1.42127771567226890E+00 ; t^2 E =  5.11659977642016806E-03.
gf_wilson_flow: t =  8.00000000000000017E-02 ; E =  1.29375580435492732E+00 ; t^2 E =  8.28003714787153497E-03.
gf_wilson_flow: t =  1.00000000000000006E-01 ; E =  1.17107818866340097E+00 ; t^2 E =  1.17107818866340127E-02.
    1  7.76699744009013648E-01  6.16391846861129356E-01 -1.09416640309576985E-02  2.76334282511399854E-05
gf_wilson_flow: t =  1.20000000000000009E-01 ; E =  1.05591349128787559E+00 ; t^2 E =  1.52051542745454110E-02.
gf_wilson_flow: t =  1.40000000000000013E-01 ; E =  9.49752655942913138E-01 ; t^2 E =  1.86151520564811004E-02.
gf_wilson_flow: t =  1.60000000000000003E-01 ; E =  8.53195411529885983E-01 ; t^2 E =  2.18418025351650828E-02.
gf_wilson_flow: t =  1.79999999999999993E-01 ; E =  7.66222660034415748E-01 ; t^2 E =  2.48256141851150684E-02.
gf_wilson_flow: t =  2.00000000000000011E-01 ; E =  6.88420696925417852E-01 ; t^2 E =  2.75368278770167195E-02.
    2  3.30442679702628805E-01  1.11978570072380157E-01 -1.01901695994393859E-02  9.95445717431649219E-06
# flow_steps         name                    VALUE
           1    flow_time  2.00000000000000004E-02
           1 energy_density  1.67312585481513842E+00
           2    flow_time  4.00000000000000008E-02
           2 energy_density  1.54957254494734809E+00
           3    flow_time  5.99999999999999978E-02
           3 energy_density  1.42127771567226890E+00
           4    flow_time  8.00000000000000017E-02
           4 energy_density  1.29375580435492732E+00
           5    flow_time  1.00000000000000006E-01
           5 energy_density  1.17107818866340097E+00
           6    flow_time  1.19999999999999996E-01
           6 energy_density  1.05591349128787559E+00
           7    flow_time  1.40000000000000013E-01
           7 energy_density  9.49752655942913138E-01
           8    flow_time  1.60000000000000003E-01
           8 energy_density  8.53195411529885983E-01
           9    flow_time  1.79999999999999993E-01
           9 energy_density  7.66222660034415748E-01
          10    flow_time  2.00000000000000011E-01
          10 energy_density  6.88420696925417852E-01
# smear_step         type                    VALUE
           0 avg(plaq_action)  1.96831732438232243E+00
           0 avg(plaq_action^2)  3.92439926383498250E+00
           0 tot(topo_density)  3.96450524153750816E-02
           0 avg(topo_density^2)  6.45578592049421375E-05
           1 avg(plaq_action)  7.76699744009013648E-01
           1 avg(plaq_action^2)  6.16391846861129356E-01
           1 tot(topo_density) -1.09416640309576985E-02
           1 avg(topo_density^2)  2.76334282511399854E-05
           2 avg(plaq_action)  3.30442679702628805E-01
           2 avg(plaq_action^2)  1.11978570072380157E-01
           2 tot(topo_density) -1.01901695994393859E-02
           2 avg(topo_density^2)  9.95445717431649219E-06
QFile: open 'results/gf_info/traj=4.lat.partial' with 'w'.
qrename: 'results/gf_info/traj=4.lat.partial' 'results/gf_info/traj=4.lat'
QFile: close 'results/gf_info/traj=4.lat.partial' with 'w'.
QFile: open 'results/wilson_flow_energy_info/traj=4.lat.partial' with 'w'.
qrename: 'results/wilson_flow_energy_info/traj=4.lat.partial' 'results/wilson_flow_energy_info/traj=4.lat'
QFile: close 'results/wilson_flow_energy_info/traj=4.lat.partial' with 'w'.
mk_file_dirs_info: 'results/gm_force_info/traj=4.lat'.
QFile: open 'results/gm_force_info/traj=4.lat.partial' with 'w'.
qrename: 'results/gm_force_info/traj=4.lat.partial' 'results/gm_force_info/traj=4.lat'
QFile: close 'results/gm_force_info/traj=4.lat.partial' with 'w'.
CHECK: finished successfully.
Cache: 'CommPlanCache': 9 / 32 [16] clear
clear_mem_cache: 4260352 bytes (0.004 GB) freed.
qlat::end(): get_comm_list().pop_back()
qlat::end(): get_comm_list().size() = 0.
qlat::end(): Finalize MPI.
qlat::end(): MPI Finalized.
