qlat::begin(): MPI Initialized. num_node = 2
qlat::begin_comm(comm,size_node): get_comm_list().push_back()
qlat::begin_comm(comm,size_node): get_comm_list().size() = 1.
q_num_threads=2 (default)
qlat::begin(): q_num_threads = 2
qlat::begin(): GeometryNode =
{ initialized = true
, num_node    = 2
, id_node     = 0
, size_node   = 1x1x1x2
, coor_node   = 0x0x0x0 }
q_timer_max_func_name_len=50 (default)
qremove: 'results'
q_timer_mini_auto_show=1 (default)
q_timer_max_always_show=10 (default)
ld:
#                                                      RE-VALUE                 IM-VALUE
           0            0            0  0.00000000000000000E+00  0.00000000000000000E+00
           0            0            1  0.00000000000000000E+00  0.00000000000000000E+00
           0            0            2  0.00000000000000000E+00  0.00000000000000000E+00
           0            0            3  0.00000000000000000E+00  0.00000000000000000E+00
           0            0            4  0.00000000000000000E+00  0.00000000000000000E+00
           0            0            5  0.00000000000000000E+00  0.00000000000000000E+00
           0            0            6  0.00000000000000000E+00  0.00000000000000000E+00
           0            0            7  0.00000000000000000E+00  0.00000000000000000E+00
           0            1            0  0.00000000000000000E+00  0.00000000000000000E+00
           0            1            1  0.00000000000000000E+00  0.00000000000000000E+00
           0            1            2  0.00000000000000000E+00  0.00000000000000000E+00
           0            1            3  0.00000000000000000E+00  0.00000000000000000E+00
           0            1            4  0.00000000000000000E+00  0.00000000000000000E+00
           0            1            5  0.00000000000000000E+00  0.00000000000000000E+00
           0            1            6  0.00000000000000000E+00  0.00000000000000000E+00
           0            1            7  0.00000000000000000E+00  0.00000000000000000E+00
           0            2            0  0.00000000000000000E+00  0.00000000000000000E+00
           0            2            1  0.00000000000000000E+00  0.00000000000000000E+00
           0            2            2  0.00000000000000000E+00  0.00000000000000000E+00
           0            2            3  0.00000000000000000E+00  0.00000000000000000E+00
           0            2            4  0.00000000000000000E+00  0.00000000000000000E+00
           0            2            5  0.00000000000000000E+00  0.00000000000000000E+00
           0            2            6  0.00000000000000000E+00  0.00000000000000000E+00
           0            2            7  0.00000000000000000E+00  0.00000000000000000E+00
           0            3            0  0.00000000000000000E+00  0.00000000000000000E+00
           0            3            1  0.00000000000000000E+00  0.00000000000000000E+00
           0            3            2  0.00000000000000000E+00  0.00000000000000000E+00
           0            3            3  0.00000000000000000E+00  0.00000000000000000E+00
           0            3            4  0.00000000000000000E+00  0.00000000000000000E+00
           0            3            5  0.00000000000000000E+00  0.00000000000000000E+00
           0            3            6  0.00000000000000000E+00  0.00000000000000000E+00
           0            3            7  0.00000000000000000E+00  0.00000000000000000E+00
           1            0            0  0.00000000000000000E+00  0.00000000000000000E+00
           1            0            1  0.00000000000000000E+00  0.00000000000000000E+00
           1            0            2  0.00000000000000000E+00  0.00000000000000000E+00
           1            0            3  0.00000000000000000E+00  0.00000000000000000E+00
           1            0            4  0.00000000000000000E+00  0.00000000000000000E+00
           1            0            5  0.00000000000000000E+00  0.00000000000000000E+00
           1            0            6  0.00000000000000000E+00  0.00000000000000000E+00
           1            0            7  0.00000000000000000E+00  0.00000000000000000E+00
           1            1            0  0.00000000000000000E+00  0.00000000000000000E+00
           1            1            1  0.00000000000000000E+00  0.00000000000000000E+00
           1            1            2  0.00000000000000000E+00  0.00000000000000000E+00
           1            1            3  0.00000000000000000E+00  0.00000000000000000E+00
           1            1            4  0.00000000000000000E+00  0.00000000000000000E+00
           1            1            5  0.00000000000000000E+00  0.00000000000000000E+00
           1            1            6  0.00000000000000000E+00  0.00000000000000000E+00
           1            1            7  0.00000000000000000E+00  0.00000000000000000E+00
           1            2            0  0.00000000000000000E+00  0.00000000000000000E+00
           1            2            1  0.00000000000000000E+00  0.00000000000000000E+00
           1            2            2  0.00000000000000000E+00  0.00000000000000000E+00
           1            2            3  0.00000000000000000E+00  0.00000000000000000E+00
           1            2            4  0.00000000000000000E+00  0.00000000000000000E+00
           1            2            5  0.00000000000000000E+00  0.00000000000000000E+00
           1            2            6  0.00000000000000000E+00  0.00000000000000000E+00
           1            2            7  0.00000000000000000E+00  0.00000000000000000E+00
           1            3            0  0.00000000000000000E+00  0.00000000000000000E+00
           1            3            1  0.00000000000000000E+00  0.00000000000000000E+00
           1            3            2  0.00000000000000000E+00  0.00000000000000000E+00
           1            3            3  0.00000000000000000E+00  0.00000000000000000E+00
           1            3            4  0.00000000000000000E+00  0.00000000000000000E+00
           1            3            5  0.00000000000000000E+00  0.00000000000000000E+00
           1            3            6  0.00000000000000000E+00  0.00000000000000000E+00
           1            3            7  0.00000000000000000E+00  0.00000000000000000E+00

32
32
['test.lat']
qlat::end(): get_comm_list().pop_back()
qlat::end(): get_comm_list().size() = 0.
qlat::end(): Finalize MPI.
qlat::end(): MPI Finalized.
