qlat::begin(): MPI Initialized. num_node = 2
qlat::begin_comm(comm,size_node): get_comm_list().push_back()
qlat::begin_comm(comm,size_node): get_comm_list().size() = 1
q_verbose=1
q_num_threads=2 (default)
qlat::begin(): q_num_threads = 2
q_malloc_mmap_threshold='' (default)
qlat::begin(): GeometryNode =
{ initialized = true
, num_node    = 2
, id_node     = 0
, size_node   = 1x1x1x2
, coor_node   = 0x0x0x0 }
q_timer_max_func_name_len=50 (default)
q_mk_id_node_in_shuffle_seed='' (default)
clear_mem_cache: 0 bytes (0.000 GB) freed.
q_timer_mini_auto_show=1 (default)
q_timer_max_always_show=10 (default)
qremove: 'results'
QFile: open 'results/data/ld.lat.partial' with 'w'.
qrename: 'results/data/ld.lat.partial' 'results/data/ld.lat'
QFile: close 'results/data/ld.lat.partial' with 'w'.
QFile: open 'results/data/ld-1000/ld-0-1000.lat.partial' with 'w'.
qrename: 'results/data/ld-1000/ld-0-1000.lat.partial' 'results/data/ld-1000/ld-0-1000.lat'
QFile: close 'results/data/ld-1000/ld-0-1000.lat.partial' with 'w'.
QFile: open 'results/data/ld-1000/ld-1-1000.lat.partial' with 'w'.
qrename: 'results/data/ld-1000/ld-1-1000.lat.partial' 'results/data/ld-1000/ld-1-1000.lat'
QFile: close 'results/data/ld-1000/ld-1-1000.lat.partial' with 'w'.
QFile: open 'results/data/ld-1000/ld-2-1000.lat.partial' with 'w'.
qrename: 'results/data/ld-1000/ld-2-1000.lat.partial' 'results/data/ld-1000/ld-2-1000.lat'
QFile: close 'results/data/ld-1000/ld-2-1000.lat.partial' with 'w'.
QFile: open 'results/data/ld-1000/ld-3-1000.lat.partial' with 'w'.
qrename: 'results/data/ld-1000/ld-3-1000.lat.partial' 'results/data/ld-1000/ld-3-1000.lat'
QFile: close 'results/data/ld-1000/ld-3-1000.lat.partial' with 'w'.
QFile: open 'results/data/ld-1000/ld-4-1000.lat.partial' with 'w'.
qrename: 'results/data/ld-1000/ld-4-1000.lat.partial' 'results/data/ld-1000/ld-4-1000.lat'
QFile: close 'results/data/ld-1000/ld-4-1000.lat.partial' with 'w'.
QFile: open 'results/data/ld-1000/ld-5-1000.lat.partial' with 'w'.
qrename: 'results/data/ld-1000/ld-5-1000.lat.partial' 'results/data/ld-1000/ld-5-1000.lat'
QFile: close 'results/data/ld-1000/ld-5-1000.lat.partial' with 'w'.
QFile: open 'results/data/ld-1000/ld-6-1000.lat.partial' with 'w'.
qrename: 'results/data/ld-1000/ld-6-1000.lat.partial' 'results/data/ld-1000/ld-6-1000.lat'
QFile: close 'results/data/ld-1000/ld-6-1000.lat.partial' with 'w'.
QFile: open 'results/data/ld-1000/ld-7-1000.lat.partial' with 'w'.
qrename: 'results/data/ld-1000/ld-7-1000.lat.partial' 'results/data/ld-1000/ld-7-1000.lat'
QFile: close 'results/data/ld-1000/ld-7-1000.lat.partial' with 'w'.
QFile: open 'results/data/ld-1000/ld-8-1000.lat.partial' with 'w'.
qrename: 'results/data/ld-1000/ld-8-1000.lat.partial' 'results/data/ld-1000/ld-8-1000.lat'
QFile: close 'results/data/ld-1000/ld-8-1000.lat.partial' with 'w'.
QFile: open 'results/data/ld-1000/ld-9-1000.lat.partial' with 'w'.
qrename: 'results/data/ld-1000/ld-9-1000.lat.partial' 'results/data/ld-1000/ld-9-1000.lat'
QFile: close 'results/data/ld-1000/ld-9-1000.lat.partial' with 'w'.
QFile: open 'results/data/ld-1000/ld-10-1000.lat.partial' with 'w'.
qrename: 'results/data/ld-1000/ld-10-1000.lat.partial' 'results/data/ld-1000/ld-10-1000.lat'
QFile: close 'results/data/ld-1000/ld-10-1000.lat.partial' with 'w'.
QFile: open 'results/data/ld-1000/ld-11-1000.lat.partial' with 'w'.
qrename: 'results/data/ld-1000/ld-11-1000.lat.partial' 'results/data/ld-1000/ld-11-1000.lat'
QFile: close 'results/data/ld-1000/ld-11-1000.lat.partial' with 'w'.
QFile: open 'results/data/ld-1000/ld-12-1000.lat.partial' with 'w'.
qrename: 'results/data/ld-1000/ld-12-1000.lat.partial' 'results/data/ld-1000/ld-12-1000.lat'
QFile: close 'results/data/ld-1000/ld-12-1000.lat.partial' with 'w'.
QFile: open 'results/data/ld-1000/ld-13-1000.lat.partial' with 'w'.
qrename: 'results/data/ld-1000/ld-13-1000.lat.partial' 'results/data/ld-1000/ld-13-1000.lat'
QFile: close 'results/data/ld-1000/ld-13-1000.lat.partial' with 'w'.
QFile: open 'results/data/ld-1000/ld-14-1000.lat.partial' with 'w'.
qrename: 'results/data/ld-1000/ld-14-1000.lat.partial' 'results/data/ld-1000/ld-14-1000.lat'
QFile: close 'results/data/ld-1000/ld-14-1000.lat.partial' with 'w'.
QFile: open 'results/data/ld-1000/ld-15-1000.lat.partial' with 'w'.
qrename: 'results/data/ld-1000/ld-15-1000.lat.partial' 'results/data/ld-1000/ld-15-1000.lat'
QFile: close 'results/data/ld-1000/ld-15-1000.lat.partial' with 'w'.
QFile: open 'results/data/ld-1000/ld-16-1000.lat.partial' with 'w'.
qrename: 'results/data/ld-1000/ld-16-1000.lat.partial' 'results/data/ld-1000/ld-16-1000.lat'
QFile: close 'results/data/ld-1000/ld-16-1000.lat.partial' with 'w'.
QFile: open 'results/data/ld-1000/ld-17-1000.lat.partial' with 'w'.
qrename: 'results/data/ld-1000/ld-17-1000.lat.partial' 'results/data/ld-1000/ld-17-1000.lat'
QFile: close 'results/data/ld-1000/ld-17-1000.lat.partial' with 'w'.
QFile: open 'results/data/ld-1000/ld-18-1000.lat.partial' with 'w'.
qrename: 'results/data/ld-1000/ld-18-1000.lat.partial' 'results/data/ld-1000/ld-18-1000.lat'
QFile: close 'results/data/ld-1000/ld-18-1000.lat.partial' with 'w'.
QFile: open 'results/data/ld-1000/ld-19-1000.lat.partial' with 'w'.
qrename: 'results/data/ld-1000/ld-19-1000.lat.partial' 'results/data/ld-1000/ld-19-1000.lat'
QFile: close 'results/data/ld-1000/ld-19-1000.lat.partial' with 'w'.
QFile: open 'results/data/ld-10000.lat.partial' with 'w'.
qrename: 'results/data/ld-10000.lat.partial' 'results/data/ld-10000.lat'
QFile: close 'results/data/ld-10000.lat.partial' with 'w'.
qar_create: 'results/data.qar' 'results/data' keep folder.
QFile: open 'results/data/ld-1000/ld-0-1000.lat' with 'r'.
qar_create: 'results/data.qar' 'results/data/'/'ld-1000/ld-0-1000.lat' 1/22.
QFile: open 'results/data.qar.acc' with 'w'.
QFile: close 'results/data/ld-1000/ld-0-1000.lat' with 'r'.
QFile: open 'results/data/ld-1000/ld-1-1000.lat' with 'r'.
q_qar_multi_vol_max_size=500000000000 (default)
qar_create: 'results/data.qar' 'results/data/'/'ld-1000/ld-1-1000.lat' 2/22.
QFile: close 'results/data/ld-1000/ld-1-1000.lat' with 'r'.
QFile: open 'results/data/ld-1000/ld-10-1000.lat' with 'r'.
qar_create: 'results/data.qar' 'results/data/'/'ld-1000/ld-10-1000.lat' 3/22.
QFile: close 'results/data/ld-1000/ld-10-1000.lat' with 'r'.
QFile: open 'results/data/ld-1000/ld-11-1000.lat' with 'r'.
qar_create: 'results/data.qar' 'results/data/'/'ld-1000/ld-11-1000.lat' 4/22.
QFile: close 'results/data/ld-1000/ld-11-1000.lat' with 'r'.
QFile: open 'results/data/ld-1000/ld-12-1000.lat' with 'r'.
qar_create: 'results/data.qar' 'results/data/'/'ld-1000/ld-12-1000.lat' 5/22.
QFile: close 'results/data/ld-1000/ld-12-1000.lat' with 'r'.
QFile: open 'results/data/ld-1000/ld-13-1000.lat' with 'r'.
qar_create: 'results/data.qar' 'results/data/'/'ld-1000/ld-13-1000.lat' 6/22.
QFile: close 'results/data/ld-1000/ld-13-1000.lat' with 'r'.
QFile: open 'results/data/ld-1000/ld-14-1000.lat' with 'r'.
qar_create: 'results/data.qar' 'results/data/'/'ld-1000/ld-14-1000.lat' 7/22.
QFile: close 'results/data/ld-1000/ld-14-1000.lat' with 'r'.
QFile: open 'results/data/ld-1000/ld-15-1000.lat' with 'r'.
qar_create: 'results/data.qar' 'results/data/'/'ld-1000/ld-15-1000.lat' 8/22.
QFile: close 'results/data/ld-1000/ld-15-1000.lat' with 'r'.
QFile: open 'results/data/ld-1000/ld-16-1000.lat' with 'r'.
qar_create: 'results/data.qar' 'results/data/'/'ld-1000/ld-16-1000.lat' 9/22.
QFile: close 'results/data/ld-1000/ld-16-1000.lat' with 'r'.
QFile: open 'results/data/ld-1000/ld-17-1000.lat' with 'r'.
qar_create: 'results/data.qar' 'results/data/'/'ld-1000/ld-17-1000.lat' 10/22.
QFile: close 'results/data/ld-1000/ld-17-1000.lat' with 'r'.
QFile: open 'results/data/ld-1000/ld-18-1000.lat' with 'r'.
qar_create: 'results/data.qar' 'results/data/'/'ld-1000/ld-18-1000.lat' 11/22.
QFile: close 'results/data/ld-1000/ld-18-1000.lat' with 'r'.
QFile: open 'results/data/ld-1000/ld-19-1000.lat' with 'r'.
qar_create: 'results/data.qar' 'results/data/'/'ld-1000/ld-19-1000.lat' 12/22.
QFile: close 'results/data/ld-1000/ld-19-1000.lat' with 'r'.
QFile: open 'results/data/ld-1000/ld-2-1000.lat' with 'r'.
qar_create: 'results/data.qar' 'results/data/'/'ld-1000/ld-2-1000.lat' 13/22.
QFile: close 'results/data/ld-1000/ld-2-1000.lat' with 'r'.
QFile: open 'results/data/ld-1000/ld-3-1000.lat' with 'r'.
qar_create: 'results/data.qar' 'results/data/'/'ld-1000/ld-3-1000.lat' 14/22.
QFile: close 'results/data/ld-1000/ld-3-1000.lat' with 'r'.
QFile: open 'results/data/ld-1000/ld-4-1000.lat' with 'r'.
qar_create: 'results/data.qar' 'results/data/'/'ld-1000/ld-4-1000.lat' 15/22.
QFile: close 'results/data/ld-1000/ld-4-1000.lat' with 'r'.
QFile: open 'results/data/ld-1000/ld-5-1000.lat' with 'r'.
qar_create: 'results/data.qar' 'results/data/'/'ld-1000/ld-5-1000.lat' 16/22.
QFile: close 'results/data/ld-1000/ld-5-1000.lat' with 'r'.
QFile: open 'results/data/ld-1000/ld-6-1000.lat' with 'r'.
qar_create: 'results/data.qar' 'results/data/'/'ld-1000/ld-6-1000.lat' 17/22.
QFile: close 'results/data/ld-1000/ld-6-1000.lat' with 'r'.
QFile: open 'results/data/ld-1000/ld-7-1000.lat' with 'r'.
qar_create: 'results/data.qar' 'results/data/'/'ld-1000/ld-7-1000.lat' 18/22.
QFile: close 'results/data/ld-1000/ld-7-1000.lat' with 'r'.
QFile: open 'results/data/ld-1000/ld-8-1000.lat' with 'r'.
qar_create: 'results/data.qar' 'results/data/'/'ld-1000/ld-8-1000.lat' 19/22.
QFile: close 'results/data/ld-1000/ld-8-1000.lat' with 'r'.
QFile: open 'results/data/ld-1000/ld-9-1000.lat' with 'r'.
qar_create: 'results/data.qar' 'results/data/'/'ld-1000/ld-9-1000.lat' 20/22.
QFile: close 'results/data/ld-1000/ld-9-1000.lat' with 'r'.
QFile: open 'results/data/ld-10000.lat' with 'r'.
qar_create: 'results/data.qar' 'results/data/'/'ld-10000.lat' 21/22.
QFile: close 'results/data/ld-10000.lat' with 'r'.
QFile: open 'results/data/ld.lat' with 'r'.
qar_create: 'results/data.qar' 'results/data/'/'ld.lat' 22/22.
QFile: close 'results/data/ld.lat' with 'r'.
QFile: close 'results/data.qar.acc' with 'w'.
qrename: 'results/data.qar.acc' 'results/data.qar'
qar_extract: 'results/data.qar' 'results/data2' keep qar.
QFile: open 'results/data.qar' with 'r'.
QFile: open 'results/data2.acc/ld-1000/ld-0-1000.lat' with 'w'.
QFile: close 'results/data2.acc/ld-1000/ld-0-1000.lat' with 'w'.
QFile: open 'results/data2.acc/ld-1000/ld-1-1000.lat' with 'w'.
QFile: close 'results/data2.acc/ld-1000/ld-1-1000.lat' with 'w'.
QFile: open 'results/data2.acc/ld-1000/ld-10-1000.lat' with 'w'.
QFile: close 'results/data2.acc/ld-1000/ld-10-1000.lat' with 'w'.
QFile: open 'results/data2.acc/ld-1000/ld-11-1000.lat' with 'w'.
QFile: close 'results/data2.acc/ld-1000/ld-11-1000.lat' with 'w'.
QFile: open 'results/data2.acc/ld-1000/ld-12-1000.lat' with 'w'.
QFile: close 'results/data2.acc/ld-1000/ld-12-1000.lat' with 'w'.
QFile: open 'results/data2.acc/ld-1000/ld-13-1000.lat' with 'w'.
QFile: close 'results/data2.acc/ld-1000/ld-13-1000.lat' with 'w'.
QFile: open 'results/data2.acc/ld-1000/ld-14-1000.lat' with 'w'.
QFile: close 'results/data2.acc/ld-1000/ld-14-1000.lat' with 'w'.
QFile: open 'results/data2.acc/ld-1000/ld-15-1000.lat' with 'w'.
QFile: close 'results/data2.acc/ld-1000/ld-15-1000.lat' with 'w'.
QFile: open 'results/data2.acc/ld-1000/ld-16-1000.lat' with 'w'.
QFile: close 'results/data2.acc/ld-1000/ld-16-1000.lat' with 'w'.
QFile: open 'results/data2.acc/ld-1000/ld-17-1000.lat' with 'w'.
QFile: close 'results/data2.acc/ld-1000/ld-17-1000.lat' with 'w'.
QFile: open 'results/data2.acc/ld-1000/ld-18-1000.lat' with 'w'.
QFile: close 'results/data2.acc/ld-1000/ld-18-1000.lat' with 'w'.
QFile: open 'results/data2.acc/ld-1000/ld-19-1000.lat' with 'w'.
QFile: close 'results/data2.acc/ld-1000/ld-19-1000.lat' with 'w'.
QFile: open 'results/data2.acc/ld-1000/ld-2-1000.lat' with 'w'.
QFile: close 'results/data2.acc/ld-1000/ld-2-1000.lat' with 'w'.
QFile: open 'results/data2.acc/ld-1000/ld-3-1000.lat' with 'w'.
QFile: close 'results/data2.acc/ld-1000/ld-3-1000.lat' with 'w'.
QFile: open 'results/data2.acc/ld-1000/ld-4-1000.lat' with 'w'.
QFile: close 'results/data2.acc/ld-1000/ld-4-1000.lat' with 'w'.
QFile: open 'results/data2.acc/ld-1000/ld-5-1000.lat' with 'w'.
QFile: close 'results/data2.acc/ld-1000/ld-5-1000.lat' with 'w'.
QFile: open 'results/data2.acc/ld-1000/ld-6-1000.lat' with 'w'.
QFile: close 'results/data2.acc/ld-1000/ld-6-1000.lat' with 'w'.
QFile: open 'results/data2.acc/ld-1000/ld-7-1000.lat' with 'w'.
QFile: close 'results/data2.acc/ld-1000/ld-7-1000.lat' with 'w'.
QFile: open 'results/data2.acc/ld-1000/ld-8-1000.lat' with 'w'.
QFile: close 'results/data2.acc/ld-1000/ld-8-1000.lat' with 'w'.
QFile: open 'results/data2.acc/ld-1000/ld-9-1000.lat' with 'w'.
QFile: close 'results/data2.acc/ld-1000/ld-9-1000.lat' with 'w'.
QFile: open 'results/data2.acc/ld-10000.lat' with 'w'.
QFile: close 'results/data2.acc/ld-10000.lat' with 'w'.
QFile: open 'results/data2.acc/ld.lat' with 'w'.
QFile: close 'results/data2.acc/ld.lat' with 'w'.
QFile: close 'results/data.qar' with 'r'.
qrename: 'results/data2.acc' 'results/data2'
qar_create: 'results/data2.qar' 'results/data2' remove folder.
QFile: open 'results/data2/ld-1000/ld-0-1000.lat' with 'r'.
qar_create: 'results/data2.qar' 'results/data2/'/'ld-1000/ld-0-1000.lat' 1/22.
QFile: open 'results/data2.qar.acc' with 'w'.
QFile: close 'results/data2/ld-1000/ld-0-1000.lat' with 'r'.
QFile: open 'results/data2/ld-1000/ld-1-1000.lat' with 'r'.
qar_create: 'results/data2.qar' 'results/data2/'/'ld-1000/ld-1-1000.lat' 2/22.
QFile: close 'results/data2/ld-1000/ld-1-1000.lat' with 'r'.
QFile: open 'results/data2/ld-1000/ld-10-1000.lat' with 'r'.
qar_create: 'results/data2.qar' 'results/data2/'/'ld-1000/ld-10-1000.lat' 3/22.
QFile: close 'results/data2/ld-1000/ld-10-1000.lat' with 'r'.
QFile: open 'results/data2/ld-1000/ld-11-1000.lat' with 'r'.
qar_create: 'results/data2.qar' 'results/data2/'/'ld-1000/ld-11-1000.lat' 4/22.
QFile: close 'results/data2/ld-1000/ld-11-1000.lat' with 'r'.
QFile: open 'results/data2/ld-1000/ld-12-1000.lat' with 'r'.
qar_create: 'results/data2.qar' 'results/data2/'/'ld-1000/ld-12-1000.lat' 5/22.
QFile: close 'results/data2/ld-1000/ld-12-1000.lat' with 'r'.
QFile: open 'results/data2/ld-1000/ld-13-1000.lat' with 'r'.
qar_create: 'results/data2.qar' 'results/data2/'/'ld-1000/ld-13-1000.lat' 6/22.
QFile: close 'results/data2/ld-1000/ld-13-1000.lat' with 'r'.
QFile: open 'results/data2/ld-1000/ld-14-1000.lat' with 'r'.
qar_create: 'results/data2.qar' 'results/data2/'/'ld-1000/ld-14-1000.lat' 7/22.
QFile: close 'results/data2/ld-1000/ld-14-1000.lat' with 'r'.
QFile: open 'results/data2/ld-1000/ld-15-1000.lat' with 'r'.
qar_create: 'results/data2.qar' 'results/data2/'/'ld-1000/ld-15-1000.lat' 8/22.
QFile: close 'results/data2/ld-1000/ld-15-1000.lat' with 'r'.
QFile: open 'results/data2/ld-1000/ld-16-1000.lat' with 'r'.
qar_create: 'results/data2.qar' 'results/data2/'/'ld-1000/ld-16-1000.lat' 9/22.
QFile: close 'results/data2/ld-1000/ld-16-1000.lat' with 'r'.
QFile: open 'results/data2/ld-1000/ld-17-1000.lat' with 'r'.
qar_create: 'results/data2.qar' 'results/data2/'/'ld-1000/ld-17-1000.lat' 10/22.
QFile: close 'results/data2/ld-1000/ld-17-1000.lat' with 'r'.
QFile: open 'results/data2/ld-1000/ld-18-1000.lat' with 'r'.
qar_create: 'results/data2.qar' 'results/data2/'/'ld-1000/ld-18-1000.lat' 11/22.
QFile: close 'results/data2/ld-1000/ld-18-1000.lat' with 'r'.
QFile: open 'results/data2/ld-1000/ld-19-1000.lat' with 'r'.
qar_create: 'results/data2.qar' 'results/data2/'/'ld-1000/ld-19-1000.lat' 12/22.
QFile: close 'results/data2/ld-1000/ld-19-1000.lat' with 'r'.
QFile: open 'results/data2/ld-1000/ld-2-1000.lat' with 'r'.
qar_create: 'results/data2.qar' 'results/data2/'/'ld-1000/ld-2-1000.lat' 13/22.
QFile: close 'results/data2/ld-1000/ld-2-1000.lat' with 'r'.
QFile: open 'results/data2/ld-1000/ld-3-1000.lat' with 'r'.
qar_create: 'results/data2.qar' 'results/data2/'/'ld-1000/ld-3-1000.lat' 14/22.
QFile: close 'results/data2/ld-1000/ld-3-1000.lat' with 'r'.
QFile: open 'results/data2/ld-1000/ld-4-1000.lat' with 'r'.
qar_create: 'results/data2.qar' 'results/data2/'/'ld-1000/ld-4-1000.lat' 15/22.
QFile: close 'results/data2/ld-1000/ld-4-1000.lat' with 'r'.
QFile: open 'results/data2/ld-1000/ld-5-1000.lat' with 'r'.
qar_create: 'results/data2.qar' 'results/data2/'/'ld-1000/ld-5-1000.lat' 16/22.
QFile: close 'results/data2/ld-1000/ld-5-1000.lat' with 'r'.
QFile: open 'results/data2/ld-1000/ld-6-1000.lat' with 'r'.
qar_create: 'results/data2.qar' 'results/data2/'/'ld-1000/ld-6-1000.lat' 17/22.
QFile: close 'results/data2/ld-1000/ld-6-1000.lat' with 'r'.
QFile: open 'results/data2/ld-1000/ld-7-1000.lat' with 'r'.
qar_create: 'results/data2.qar' 'results/data2/'/'ld-1000/ld-7-1000.lat' 18/22.
QFile: close 'results/data2/ld-1000/ld-7-1000.lat' with 'r'.
QFile: open 'results/data2/ld-1000/ld-8-1000.lat' with 'r'.
qar_create: 'results/data2.qar' 'results/data2/'/'ld-1000/ld-8-1000.lat' 19/22.
QFile: close 'results/data2/ld-1000/ld-8-1000.lat' with 'r'.
QFile: open 'results/data2/ld-1000/ld-9-1000.lat' with 'r'.
qar_create: 'results/data2.qar' 'results/data2/'/'ld-1000/ld-9-1000.lat' 20/22.
QFile: close 'results/data2/ld-1000/ld-9-1000.lat' with 'r'.
QFile: open 'results/data2/ld-10000.lat' with 'r'.
qar_create: 'results/data2.qar' 'results/data2/'/'ld-10000.lat' 21/22.
QFile: close 'results/data2/ld-10000.lat' with 'r'.
QFile: open 'results/data2/ld.lat' with 'r'.
qar_create: 'results/data2.qar' 'results/data2/'/'ld.lat' 22/22.
QFile: close 'results/data2/ld.lat' with 'r'.
QFile: close 'results/data2.qar.acc' with 'w'.
qrename: 'results/data2.qar.acc' 'results/data2.qar'
qremove: 'results/data2/ld-1000/ld-0-1000.lat'
qremove: 'results/data2/ld-1000/ld-1-1000.lat'
qremove: 'results/data2/ld-1000/ld-10-1000.lat'
qremove: 'results/data2/ld-1000/ld-11-1000.lat'
qremove: 'results/data2/ld-1000/ld-12-1000.lat'
qremove: 'results/data2/ld-1000/ld-13-1000.lat'
qremove: 'results/data2/ld-1000/ld-14-1000.lat'
qremove: 'results/data2/ld-1000/ld-15-1000.lat'
qremove: 'results/data2/ld-1000/ld-16-1000.lat'
qremove: 'results/data2/ld-1000/ld-17-1000.lat'
qremove: 'results/data2/ld-1000/ld-18-1000.lat'
qremove: 'results/data2/ld-1000/ld-19-1000.lat'
qremove: 'results/data2/ld-1000/ld-2-1000.lat'
qremove: 'results/data2/ld-1000/ld-3-1000.lat'
qremove: 'results/data2/ld-1000/ld-4-1000.lat'
qremove: 'results/data2/ld-1000/ld-5-1000.lat'
qremove: 'results/data2/ld-1000/ld-6-1000.lat'
qremove: 'results/data2/ld-1000/ld-7-1000.lat'
qremove: 'results/data2/ld-1000/ld-8-1000.lat'
qremove: 'results/data2/ld-1000/ld-9-1000.lat'
qremove: 'results/data2/ld-1000'
qremove: 'results/data2/ld-10000.lat'
qremove: 'results/data2/ld.lat'
qremove: 'results/data2'
qar_extract: 'results/data2.qar' 'results/data2' remove qar .
QFile: open 'results/data2.qar' with 'r'.
QFile: open 'results/data2.acc/ld-1000/ld-0-1000.lat' with 'w'.
QFile: close 'results/data2.acc/ld-1000/ld-0-1000.lat' with 'w'.
QFile: open 'results/data2.acc/ld-1000/ld-1-1000.lat' with 'w'.
QFile: close 'results/data2.acc/ld-1000/ld-1-1000.lat' with 'w'.
QFile: open 'results/data2.acc/ld-1000/ld-10-1000.lat' with 'w'.
QFile: close 'results/data2.acc/ld-1000/ld-10-1000.lat' with 'w'.
QFile: open 'results/data2.acc/ld-1000/ld-11-1000.lat' with 'w'.
QFile: close 'results/data2.acc/ld-1000/ld-11-1000.lat' with 'w'.
QFile: open 'results/data2.acc/ld-1000/ld-12-1000.lat' with 'w'.
QFile: close 'results/data2.acc/ld-1000/ld-12-1000.lat' with 'w'.
QFile: open 'results/data2.acc/ld-1000/ld-13-1000.lat' with 'w'.
QFile: close 'results/data2.acc/ld-1000/ld-13-1000.lat' with 'w'.
QFile: open 'results/data2.acc/ld-1000/ld-14-1000.lat' with 'w'.
QFile: close 'results/data2.acc/ld-1000/ld-14-1000.lat' with 'w'.
QFile: open 'results/data2.acc/ld-1000/ld-15-1000.lat' with 'w'.
QFile: close 'results/data2.acc/ld-1000/ld-15-1000.lat' with 'w'.
QFile: open 'results/data2.acc/ld-1000/ld-16-1000.lat' with 'w'.
QFile: close 'results/data2.acc/ld-1000/ld-16-1000.lat' with 'w'.
QFile: open 'results/data2.acc/ld-1000/ld-17-1000.lat' with 'w'.
QFile: close 'results/data2.acc/ld-1000/ld-17-1000.lat' with 'w'.
QFile: open 'results/data2.acc/ld-1000/ld-18-1000.lat' with 'w'.
QFile: close 'results/data2.acc/ld-1000/ld-18-1000.lat' with 'w'.
QFile: open 'results/data2.acc/ld-1000/ld-19-1000.lat' with 'w'.
QFile: close 'results/data2.acc/ld-1000/ld-19-1000.lat' with 'w'.
QFile: open 'results/data2.acc/ld-1000/ld-2-1000.lat' with 'w'.
QFile: close 'results/data2.acc/ld-1000/ld-2-1000.lat' with 'w'.
QFile: open 'results/data2.acc/ld-1000/ld-3-1000.lat' with 'w'.
QFile: close 'results/data2.acc/ld-1000/ld-3-1000.lat' with 'w'.
QFile: open 'results/data2.acc/ld-1000/ld-4-1000.lat' with 'w'.
QFile: close 'results/data2.acc/ld-1000/ld-4-1000.lat' with 'w'.
QFile: open 'results/data2.acc/ld-1000/ld-5-1000.lat' with 'w'.
QFile: close 'results/data2.acc/ld-1000/ld-5-1000.lat' with 'w'.
QFile: open 'results/data2.acc/ld-1000/ld-6-1000.lat' with 'w'.
QFile: close 'results/data2.acc/ld-1000/ld-6-1000.lat' with 'w'.
QFile: open 'results/data2.acc/ld-1000/ld-7-1000.lat' with 'w'.
QFile: close 'results/data2.acc/ld-1000/ld-7-1000.lat' with 'w'.
QFile: open 'results/data2.acc/ld-1000/ld-8-1000.lat' with 'w'.
QFile: close 'results/data2.acc/ld-1000/ld-8-1000.lat' with 'w'.
QFile: open 'results/data2.acc/ld-1000/ld-9-1000.lat' with 'w'.
QFile: close 'results/data2.acc/ld-1000/ld-9-1000.lat' with 'w'.
QFile: open 'results/data2.acc/ld-10000.lat' with 'w'.
QFile: close 'results/data2.acc/ld-10000.lat' with 'w'.
QFile: open 'results/data2.acc/ld.lat' with 'w'.
QFile: close 'results/data2.acc/ld.lat' with 'w'.
QFile: close 'results/data2.qar' with 'r'.
qrename: 'results/data2.acc' 'results/data2'
qremove: 'results/data2.qar'
qar_multi_vol_max_size=16384
qar_create: 'results/data2/ld-1000.qar' 'results/data2/ld-1000' remove folder.
QFile: open 'results/data2/ld-1000/ld-0-1000.lat' with 'r'.
qar_create: 'results/data2/ld-1000.qar' 'results/data2/ld-1000/'/'ld-0-1000.lat' 1/20.
QFile: open 'results/data2/ld-1000.qar.acc' with 'w'.
QFile: close 'results/data2/ld-1000/ld-0-1000.lat' with 'r'.
QFile: open 'results/data2/ld-1000/ld-1-1000.lat' with 'r'.
QFile: close 'results/data2/ld-1000.qar.acc' with 'w'.
qar_create: 'results/data2/ld-1000.qar.v1' 'results/data2/ld-1000/'/'ld-1-1000.lat' 2/20.
QFile: open 'results/data2/ld-1000.qar.v1.acc' with 'w'.
QFile: close 'results/data2/ld-1000/ld-1-1000.lat' with 'r'.
QFile: open 'results/data2/ld-1000/ld-10-1000.lat' with 'r'.
QFile: close 'results/data2/ld-1000.qar.v1.acc' with 'w'.
qar_create: 'results/data2/ld-1000.qar.v2' 'results/data2/ld-1000/'/'ld-10-1000.lat' 3/20.
QFile: open 'results/data2/ld-1000.qar.v2.acc' with 'w'.
QFile: close 'results/data2/ld-1000/ld-10-1000.lat' with 'r'.
QFile: open 'results/data2/ld-1000/ld-11-1000.lat' with 'r'.
QFile: close 'results/data2/ld-1000.qar.v2.acc' with 'w'.
qar_create: 'results/data2/ld-1000.qar.v3' 'results/data2/ld-1000/'/'ld-11-1000.lat' 4/20.
QFile: open 'results/data2/ld-1000.qar.v3.acc' with 'w'.
QFile: close 'results/data2/ld-1000/ld-11-1000.lat' with 'r'.
QFile: open 'results/data2/ld-1000/ld-12-1000.lat' with 'r'.
QFile: close 'results/data2/ld-1000.qar.v3.acc' with 'w'.
qar_create: 'results/data2/ld-1000.qar.v4' 'results/data2/ld-1000/'/'ld-12-1000.lat' 5/20.
QFile: open 'results/data2/ld-1000.qar.v4.acc' with 'w'.
QFile: close 'results/data2/ld-1000/ld-12-1000.lat' with 'r'.
QFile: open 'results/data2/ld-1000/ld-13-1000.lat' with 'r'.
QFile: close 'results/data2/ld-1000.qar.v4.acc' with 'w'.
qar_create: 'results/data2/ld-1000.qar.v5' 'results/data2/ld-1000/'/'ld-13-1000.lat' 6/20.
QFile: open 'results/data2/ld-1000.qar.v5.acc' with 'w'.
QFile: close 'results/data2/ld-1000/ld-13-1000.lat' with 'r'.
QFile: open 'results/data2/ld-1000/ld-14-1000.lat' with 'r'.
QFile: close 'results/data2/ld-1000.qar.v5.acc' with 'w'.
qar_create: 'results/data2/ld-1000.qar.v6' 'results/data2/ld-1000/'/'ld-14-1000.lat' 7/20.
QFile: open 'results/data2/ld-1000.qar.v6.acc' with 'w'.
QFile: close 'results/data2/ld-1000/ld-14-1000.lat' with 'r'.
QFile: open 'results/data2/ld-1000/ld-15-1000.lat' with 'r'.
QFile: close 'results/data2/ld-1000.qar.v6.acc' with 'w'.
qar_create: 'results/data2/ld-1000.qar.v7' 'results/data2/ld-1000/'/'ld-15-1000.lat' 8/20.
QFile: open 'results/data2/ld-1000.qar.v7.acc' with 'w'.
QFile: close 'results/data2/ld-1000/ld-15-1000.lat' with 'r'.
QFile: open 'results/data2/ld-1000/ld-16-1000.lat' with 'r'.
QFile: close 'results/data2/ld-1000.qar.v7.acc' with 'w'.
qar_create: 'results/data2/ld-1000.qar.v8' 'results/data2/ld-1000/'/'ld-16-1000.lat' 9/20.
QFile: open 'results/data2/ld-1000.qar.v8.acc' with 'w'.
QFile: close 'results/data2/ld-1000/ld-16-1000.lat' with 'r'.
QFile: open 'results/data2/ld-1000/ld-17-1000.lat' with 'r'.
QFile: close 'results/data2/ld-1000.qar.v8.acc' with 'w'.
qar_create: 'results/data2/ld-1000.qar.v9' 'results/data2/ld-1000/'/'ld-17-1000.lat' 10/20.
QFile: open 'results/data2/ld-1000.qar.v9.acc' with 'w'.
QFile: close 'results/data2/ld-1000/ld-17-1000.lat' with 'r'.
QFile: open 'results/data2/ld-1000/ld-18-1000.lat' with 'r'.
QFile: close 'results/data2/ld-1000.qar.v9.acc' with 'w'.
qar_create: 'results/data2/ld-1000.qar.v10' 'results/data2/ld-1000/'/'ld-18-1000.lat' 11/20.
QFile: open 'results/data2/ld-1000.qar.v10.acc' with 'w'.
QFile: close 'results/data2/ld-1000/ld-18-1000.lat' with 'r'.
QFile: open 'results/data2/ld-1000/ld-19-1000.lat' with 'r'.
QFile: close 'results/data2/ld-1000.qar.v10.acc' with 'w'.
qar_create: 'results/data2/ld-1000.qar.v11' 'results/data2/ld-1000/'/'ld-19-1000.lat' 12/20.
QFile: open 'results/data2/ld-1000.qar.v11.acc' with 'w'.
QFile: close 'results/data2/ld-1000/ld-19-1000.lat' with 'r'.
QFile: open 'results/data2/ld-1000/ld-2-1000.lat' with 'r'.
QFile: close 'results/data2/ld-1000.qar.v11.acc' with 'w'.
qar_create: 'results/data2/ld-1000.qar.v12' 'results/data2/ld-1000/'/'ld-2-1000.lat' 13/20.
QFile: open 'results/data2/ld-1000.qar.v12.acc' with 'w'.
QFile: close 'results/data2/ld-1000/ld-2-1000.lat' with 'r'.
QFile: open 'results/data2/ld-1000/ld-3-1000.lat' with 'r'.
QFile: close 'results/data2/ld-1000.qar.v12.acc' with 'w'.
qar_create: 'results/data2/ld-1000.qar.v13' 'results/data2/ld-1000/'/'ld-3-1000.lat' 14/20.
QFile: open 'results/data2/ld-1000.qar.v13.acc' with 'w'.
QFile: close 'results/data2/ld-1000/ld-3-1000.lat' with 'r'.
QFile: open 'results/data2/ld-1000/ld-4-1000.lat' with 'r'.
QFile: close 'results/data2/ld-1000.qar.v13.acc' with 'w'.
qar_create: 'results/data2/ld-1000.qar.v14' 'results/data2/ld-1000/'/'ld-4-1000.lat' 15/20.
QFile: open 'results/data2/ld-1000.qar.v14.acc' with 'w'.
QFile: close 'results/data2/ld-1000/ld-4-1000.lat' with 'r'.
QFile: open 'results/data2/ld-1000/ld-5-1000.lat' with 'r'.
QFile: close 'results/data2/ld-1000.qar.v14.acc' with 'w'.
qar_create: 'results/data2/ld-1000.qar.v15' 'results/data2/ld-1000/'/'ld-5-1000.lat' 16/20.
QFile: open 'results/data2/ld-1000.qar.v15.acc' with 'w'.
QFile: close 'results/data2/ld-1000/ld-5-1000.lat' with 'r'.
QFile: open 'results/data2/ld-1000/ld-6-1000.lat' with 'r'.
QFile: close 'results/data2/ld-1000.qar.v15.acc' with 'w'.
qar_create: 'results/data2/ld-1000.qar.v16' 'results/data2/ld-1000/'/'ld-6-1000.lat' 17/20.
QFile: open 'results/data2/ld-1000.qar.v16.acc' with 'w'.
QFile: close 'results/data2/ld-1000/ld-6-1000.lat' with 'r'.
QFile: open 'results/data2/ld-1000/ld-7-1000.lat' with 'r'.
QFile: close 'results/data2/ld-1000.qar.v16.acc' with 'w'.
qar_create: 'results/data2/ld-1000.qar.v17' 'results/data2/ld-1000/'/'ld-7-1000.lat' 18/20.
QFile: open 'results/data2/ld-1000.qar.v17.acc' with 'w'.
QFile: close 'results/data2/ld-1000/ld-7-1000.lat' with 'r'.
QFile: open 'results/data2/ld-1000/ld-8-1000.lat' with 'r'.
QFile: close 'results/data2/ld-1000.qar.v17.acc' with 'w'.
qar_create: 'results/data2/ld-1000.qar.v18' 'results/data2/ld-1000/'/'ld-8-1000.lat' 19/20.
QFile: open 'results/data2/ld-1000.qar.v18.acc' with 'w'.
QFile: close 'results/data2/ld-1000/ld-8-1000.lat' with 'r'.
QFile: open 'results/data2/ld-1000/ld-9-1000.lat' with 'r'.
QFile: close 'results/data2/ld-1000.qar.v18.acc' with 'w'.
qar_create: 'results/data2/ld-1000.qar.v19' 'results/data2/ld-1000/'/'ld-9-1000.lat' 20/20.
QFile: open 'results/data2/ld-1000.qar.v19.acc' with 'w'.
QFile: close 'results/data2/ld-1000/ld-9-1000.lat' with 'r'.
QFile: close 'results/data2/ld-1000.qar.v19.acc' with 'w'.
qrename: 'results/data2/ld-1000.qar.acc' 'results/data2/ld-1000.qar'
qrename: 'results/data2/ld-1000.qar.v1.acc' 'results/data2/ld-1000.qar.v1'
qrename: 'results/data2/ld-1000.qar.v2.acc' 'results/data2/ld-1000.qar.v2'
qrename: 'results/data2/ld-1000.qar.v3.acc' 'results/data2/ld-1000.qar.v3'
qrename: 'results/data2/ld-1000.qar.v4.acc' 'results/data2/ld-1000.qar.v4'
qrename: 'results/data2/ld-1000.qar.v5.acc' 'results/data2/ld-1000.qar.v5'
qrename: 'results/data2/ld-1000.qar.v6.acc' 'results/data2/ld-1000.qar.v6'
qrename: 'results/data2/ld-1000.qar.v7.acc' 'results/data2/ld-1000.qar.v7'
qrename: 'results/data2/ld-1000.qar.v8.acc' 'results/data2/ld-1000.qar.v8'
qrename: 'results/data2/ld-1000.qar.v9.acc' 'results/data2/ld-1000.qar.v9'
qrename: 'results/data2/ld-1000.qar.v10.acc' 'results/data2/ld-1000.qar.v10'
qrename: 'results/data2/ld-1000.qar.v11.acc' 'results/data2/ld-1000.qar.v11'
qrename: 'results/data2/ld-1000.qar.v12.acc' 'results/data2/ld-1000.qar.v12'
qrename: 'results/data2/ld-1000.qar.v13.acc' 'results/data2/ld-1000.qar.v13'
qrename: 'results/data2/ld-1000.qar.v14.acc' 'results/data2/ld-1000.qar.v14'
qrename: 'results/data2/ld-1000.qar.v15.acc' 'results/data2/ld-1000.qar.v15'
qrename: 'results/data2/ld-1000.qar.v16.acc' 'results/data2/ld-1000.qar.v16'
qrename: 'results/data2/ld-1000.qar.v17.acc' 'results/data2/ld-1000.qar.v17'
qrename: 'results/data2/ld-1000.qar.v18.acc' 'results/data2/ld-1000.qar.v18'
qrename: 'results/data2/ld-1000.qar.v19.acc' 'results/data2/ld-1000.qar.v19'
qremove: 'results/data2/ld-1000/ld-0-1000.lat'
qremove: 'results/data2/ld-1000/ld-1-1000.lat'
qremove: 'results/data2/ld-1000/ld-10-1000.lat'
qremove: 'results/data2/ld-1000/ld-11-1000.lat'
qremove: 'results/data2/ld-1000/ld-12-1000.lat'
qremove: 'results/data2/ld-1000/ld-13-1000.lat'
qremove: 'results/data2/ld-1000/ld-14-1000.lat'
qremove: 'results/data2/ld-1000/ld-15-1000.lat'
qremove: 'results/data2/ld-1000/ld-16-1000.lat'
qremove: 'results/data2/ld-1000/ld-17-1000.lat'
qremove: 'results/data2/ld-1000/ld-18-1000.lat'
qremove: 'results/data2/ld-1000/ld-19-1000.lat'
qremove: 'results/data2/ld-1000/ld-2-1000.lat'
qremove: 'results/data2/ld-1000/ld-3-1000.lat'
qremove: 'results/data2/ld-1000/ld-4-1000.lat'
qremove: 'results/data2/ld-1000/ld-5-1000.lat'
qremove: 'results/data2/ld-1000/ld-6-1000.lat'
qremove: 'results/data2/ld-1000/ld-7-1000.lat'
qremove: 'results/data2/ld-1000/ld-8-1000.lat'
qremove: 'results/data2/ld-1000/ld-9-1000.lat'
qremove: 'results/data2/ld-1000'
qar_create: 'results/data2.qar' 'results/data2' keep folder.
QFile: open 'results/data2/ld-1000.qar' with 'r'.
qar_create: 'results/data2.qar' 'results/data2/'/'ld-1000.qar' 1/22.
QFile: open 'results/data2.qar.acc' with 'w'.
QFile: close 'results/data2/ld-1000.qar' with 'r'.
QFile: open 'results/data2/ld-1000.qar.v1' with 'r'.
QFile: close 'results/data2.qar.acc' with 'w'.
qar_create: 'results/data2.qar.v1' 'results/data2/'/'ld-1000.qar.v1' 2/22.
QFile: open 'results/data2.qar.v1.acc' with 'w'.
QFile: close 'results/data2/ld-1000.qar.v1' with 'r'.
QFile: open 'results/data2/ld-1000.qar.v10' with 'r'.
QFile: close 'results/data2.qar.v1.acc' with 'w'.
qar_create: 'results/data2.qar.v2' 'results/data2/'/'ld-1000.qar.v10' 3/22.
QFile: open 'results/data2.qar.v2.acc' with 'w'.
QFile: close 'results/data2/ld-1000.qar.v10' with 'r'.
QFile: open 'results/data2/ld-1000.qar.v11' with 'r'.
QFile: close 'results/data2.qar.v2.acc' with 'w'.
qar_create: 'results/data2.qar.v3' 'results/data2/'/'ld-1000.qar.v11' 4/22.
QFile: open 'results/data2.qar.v3.acc' with 'w'.
QFile: close 'results/data2/ld-1000.qar.v11' with 'r'.
QFile: open 'results/data2/ld-1000.qar.v12' with 'r'.
QFile: close 'results/data2.qar.v3.acc' with 'w'.
qar_create: 'results/data2.qar.v4' 'results/data2/'/'ld-1000.qar.v12' 5/22.
QFile: open 'results/data2.qar.v4.acc' with 'w'.
QFile: close 'results/data2/ld-1000.qar.v12' with 'r'.
QFile: open 'results/data2/ld-1000.qar.v13' with 'r'.
QFile: close 'results/data2.qar.v4.acc' with 'w'.
qar_create: 'results/data2.qar.v5' 'results/data2/'/'ld-1000.qar.v13' 6/22.
QFile: open 'results/data2.qar.v5.acc' with 'w'.
QFile: close 'results/data2/ld-1000.qar.v13' with 'r'.
QFile: open 'results/data2/ld-1000.qar.v14' with 'r'.
QFile: close 'results/data2.qar.v5.acc' with 'w'.
qar_create: 'results/data2.qar.v6' 'results/data2/'/'ld-1000.qar.v14' 7/22.
QFile: open 'results/data2.qar.v6.acc' with 'w'.
QFile: close 'results/data2/ld-1000.qar.v14' with 'r'.
QFile: open 'results/data2/ld-1000.qar.v15' with 'r'.
QFile: close 'results/data2.qar.v6.acc' with 'w'.
qar_create: 'results/data2.qar.v7' 'results/data2/'/'ld-1000.qar.v15' 8/22.
QFile: open 'results/data2.qar.v7.acc' with 'w'.
QFile: close 'results/data2/ld-1000.qar.v15' with 'r'.
QFile: open 'results/data2/ld-1000.qar.v16' with 'r'.
QFile: close 'results/data2.qar.v7.acc' with 'w'.
qar_create: 'results/data2.qar.v8' 'results/data2/'/'ld-1000.qar.v16' 9/22.
QFile: open 'results/data2.qar.v8.acc' with 'w'.
QFile: close 'results/data2/ld-1000.qar.v16' with 'r'.
QFile: open 'results/data2/ld-1000.qar.v17' with 'r'.
QFile: close 'results/data2.qar.v8.acc' with 'w'.
qar_create: 'results/data2.qar.v9' 'results/data2/'/'ld-1000.qar.v17' 10/22.
QFile: open 'results/data2.qar.v9.acc' with 'w'.
QFile: close 'results/data2/ld-1000.qar.v17' with 'r'.
QFile: open 'results/data2/ld-1000.qar.v18' with 'r'.
QFile: close 'results/data2.qar.v9.acc' with 'w'.
qar_create: 'results/data2.qar.v10' 'results/data2/'/'ld-1000.qar.v18' 11/22.
QFile: open 'results/data2.qar.v10.acc' with 'w'.
QFile: close 'results/data2/ld-1000.qar.v18' with 'r'.
QFile: open 'results/data2/ld-1000.qar.v19' with 'r'.
QFile: close 'results/data2.qar.v10.acc' with 'w'.
qar_create: 'results/data2.qar.v11' 'results/data2/'/'ld-1000.qar.v19' 12/22.
QFile: open 'results/data2.qar.v11.acc' with 'w'.
QFile: close 'results/data2/ld-1000.qar.v19' with 'r'.
QFile: open 'results/data2/ld-1000.qar.v2' with 'r'.
QFile: close 'results/data2.qar.v11.acc' with 'w'.
qar_create: 'results/data2.qar.v12' 'results/data2/'/'ld-1000.qar.v2' 13/22.
QFile: open 'results/data2.qar.v12.acc' with 'w'.
QFile: close 'results/data2/ld-1000.qar.v2' with 'r'.
QFile: open 'results/data2/ld-1000.qar.v3' with 'r'.
QFile: close 'results/data2.qar.v12.acc' with 'w'.
qar_create: 'results/data2.qar.v13' 'results/data2/'/'ld-1000.qar.v3' 14/22.
QFile: open 'results/data2.qar.v13.acc' with 'w'.
QFile: close 'results/data2/ld-1000.qar.v3' with 'r'.
QFile: open 'results/data2/ld-1000.qar.v4' with 'r'.
QFile: close 'results/data2.qar.v13.acc' with 'w'.
qar_create: 'results/data2.qar.v14' 'results/data2/'/'ld-1000.qar.v4' 15/22.
QFile: open 'results/data2.qar.v14.acc' with 'w'.
QFile: close 'results/data2/ld-1000.qar.v4' with 'r'.
QFile: open 'results/data2/ld-1000.qar.v5' with 'r'.
QFile: close 'results/data2.qar.v14.acc' with 'w'.
qar_create: 'results/data2.qar.v15' 'results/data2/'/'ld-1000.qar.v5' 16/22.
QFile: open 'results/data2.qar.v15.acc' with 'w'.
QFile: close 'results/data2/ld-1000.qar.v5' with 'r'.
QFile: open 'results/data2/ld-1000.qar.v6' with 'r'.
QFile: close 'results/data2.qar.v15.acc' with 'w'.
qar_create: 'results/data2.qar.v16' 'results/data2/'/'ld-1000.qar.v6' 17/22.
QFile: open 'results/data2.qar.v16.acc' with 'w'.
QFile: close 'results/data2/ld-1000.qar.v6' with 'r'.
QFile: open 'results/data2/ld-1000.qar.v7' with 'r'.
QFile: close 'results/data2.qar.v16.acc' with 'w'.
qar_create: 'results/data2.qar.v17' 'results/data2/'/'ld-1000.qar.v7' 18/22.
QFile: open 'results/data2.qar.v17.acc' with 'w'.
QFile: close 'results/data2/ld-1000.qar.v7' with 'r'.
QFile: open 'results/data2/ld-1000.qar.v8' with 'r'.
QFile: close 'results/data2.qar.v17.acc' with 'w'.
qar_create: 'results/data2.qar.v18' 'results/data2/'/'ld-1000.qar.v8' 19/22.
QFile: open 'results/data2.qar.v18.acc' with 'w'.
QFile: close 'results/data2/ld-1000.qar.v8' with 'r'.
QFile: open 'results/data2/ld-1000.qar.v9' with 'r'.
QFile: close 'results/data2.qar.v18.acc' with 'w'.
qar_create: 'results/data2.qar.v19' 'results/data2/'/'ld-1000.qar.v9' 20/22.
QFile: open 'results/data2.qar.v19.acc' with 'w'.
QFile: close 'results/data2/ld-1000.qar.v9' with 'r'.
QFile: open 'results/data2/ld-10000.lat' with 'r'.
QFile: close 'results/data2.qar.v19.acc' with 'w'.
qar_create: 'results/data2.qar.v20' 'results/data2/'/'ld-10000.lat' 21/22.
QFile: open 'results/data2.qar.v20.acc' with 'w'.
QFile: close 'results/data2/ld-10000.lat' with 'r'.
QFile: open 'results/data2/ld.lat' with 'r'.
QFile: close 'results/data2.qar.v20.acc' with 'w'.
qar_create: 'results/data2.qar.v21' 'results/data2/'/'ld.lat' 22/22.
QFile: open 'results/data2.qar.v21.acc' with 'w'.
QFile: close 'results/data2/ld.lat' with 'r'.
QFile: close 'results/data2.qar.v21.acc' with 'w'.
qrename: 'results/data2.qar.acc' 'results/data2.qar'
qrename: 'results/data2.qar.v1.acc' 'results/data2.qar.v1'
qrename: 'results/data2.qar.v2.acc' 'results/data2.qar.v2'
qrename: 'results/data2.qar.v3.acc' 'results/data2.qar.v3'
qrename: 'results/data2.qar.v4.acc' 'results/data2.qar.v4'
qrename: 'results/data2.qar.v5.acc' 'results/data2.qar.v5'
qrename: 'results/data2.qar.v6.acc' 'results/data2.qar.v6'
qrename: 'results/data2.qar.v7.acc' 'results/data2.qar.v7'
qrename: 'results/data2.qar.v8.acc' 'results/data2.qar.v8'
qrename: 'results/data2.qar.v9.acc' 'results/data2.qar.v9'
qrename: 'results/data2.qar.v10.acc' 'results/data2.qar.v10'
qrename: 'results/data2.qar.v11.acc' 'results/data2.qar.v11'
qrename: 'results/data2.qar.v12.acc' 'results/data2.qar.v12'
qrename: 'results/data2.qar.v13.acc' 'results/data2.qar.v13'
qrename: 'results/data2.qar.v14.acc' 'results/data2.qar.v14'
qrename: 'results/data2.qar.v15.acc' 'results/data2.qar.v15'
qrename: 'results/data2.qar.v16.acc' 'results/data2.qar.v16'
qrename: 'results/data2.qar.v17.acc' 'results/data2.qar.v17'
qrename: 'results/data2.qar.v18.acc' 'results/data2.qar.v18'
qrename: 'results/data2.qar.v19.acc' 'results/data2.qar.v19'
qrename: 'results/data2.qar.v20.acc' 'results/data2.qar.v20'
qrename: 'results/data2.qar.v21.acc' 'results/data2.qar.v21'
qar_extract: 'results/data2.qar' 'results/data3' keep qar.
QFile: open 'results/data2.qar' with 'r'.
QFile: open 'results/data2.qar.v1' with 'r'.
QFile: open 'results/data2.qar.v2' with 'r'.
QFile: open 'results/data2.qar.v3' with 'r'.
QFile: open 'results/data2.qar.v4' with 'r'.
QFile: open 'results/data2.qar.v5' with 'r'.
QFile: open 'results/data2.qar.v6' with 'r'.
QFile: open 'results/data2.qar.v7' with 'r'.
QFile: open 'results/data2.qar.v8' with 'r'.
QFile: open 'results/data2.qar.v9' with 'r'.
QFile: open 'results/data2.qar.v10' with 'r'.
QFile: open 'results/data2.qar.v11' with 'r'.
QFile: open 'results/data2.qar.v12' with 'r'.
QFile: open 'results/data2.qar.v13' with 'r'.
QFile: open 'results/data2.qar.v14' with 'r'.
QFile: open 'results/data2.qar.v15' with 'r'.
QFile: open 'results/data2.qar.v16' with 'r'.
QFile: open 'results/data2.qar.v17' with 'r'.
QFile: open 'results/data2.qar.v18' with 'r'.
QFile: open 'results/data2.qar.v19' with 'r'.
QFile: open 'results/data2.qar.v20' with 'r'.
QFile: open 'results/data2.qar.v21' with 'r'.
QFile: open 'results/data3.acc/ld-1000.qar' with 'w'.
QFile: close 'results/data3.acc/ld-1000.qar' with 'w'.
QFile: open 'results/data3.acc/ld-1000.qar.v1' with 'w'.
QFile: close 'results/data3.acc/ld-1000.qar.v1' with 'w'.
QFile: open 'results/data3.acc/ld-1000.qar.v10' with 'w'.
QFile: close 'results/data3.acc/ld-1000.qar.v10' with 'w'.
QFile: open 'results/data3.acc/ld-1000.qar.v11' with 'w'.
QFile: close 'results/data3.acc/ld-1000.qar.v11' with 'w'.
QFile: open 'results/data3.acc/ld-1000.qar.v12' with 'w'.
QFile: close 'results/data3.acc/ld-1000.qar.v12' with 'w'.
QFile: open 'results/data3.acc/ld-1000.qar.v13' with 'w'.
QFile: close 'results/data3.acc/ld-1000.qar.v13' with 'w'.
QFile: open 'results/data3.acc/ld-1000.qar.v14' with 'w'.
QFile: close 'results/data3.acc/ld-1000.qar.v14' with 'w'.
QFile: open 'results/data3.acc/ld-1000.qar.v15' with 'w'.
QFile: close 'results/data3.acc/ld-1000.qar.v15' with 'w'.
QFile: open 'results/data3.acc/ld-1000.qar.v16' with 'w'.
QFile: close 'results/data3.acc/ld-1000.qar.v16' with 'w'.
QFile: open 'results/data3.acc/ld-1000.qar.v17' with 'w'.
QFile: close 'results/data3.acc/ld-1000.qar.v17' with 'w'.
QFile: open 'results/data3.acc/ld-1000.qar.v18' with 'w'.
QFile: close 'results/data3.acc/ld-1000.qar.v18' with 'w'.
QFile: open 'results/data3.acc/ld-1000.qar.v19' with 'w'.
QFile: close 'results/data3.acc/ld-1000.qar.v19' with 'w'.
QFile: open 'results/data3.acc/ld-1000.qar.v2' with 'w'.
QFile: close 'results/data3.acc/ld-1000.qar.v2' with 'w'.
QFile: open 'results/data3.acc/ld-1000.qar.v3' with 'w'.
QFile: close 'results/data3.acc/ld-1000.qar.v3' with 'w'.
QFile: open 'results/data3.acc/ld-1000.qar.v4' with 'w'.
QFile: close 'results/data3.acc/ld-1000.qar.v4' with 'w'.
QFile: open 'results/data3.acc/ld-1000.qar.v5' with 'w'.
QFile: close 'results/data3.acc/ld-1000.qar.v5' with 'w'.
QFile: open 'results/data3.acc/ld-1000.qar.v6' with 'w'.
QFile: close 'results/data3.acc/ld-1000.qar.v6' with 'w'.
QFile: open 'results/data3.acc/ld-1000.qar.v7' with 'w'.
QFile: close 'results/data3.acc/ld-1000.qar.v7' with 'w'.
QFile: open 'results/data3.acc/ld-1000.qar.v8' with 'w'.
QFile: close 'results/data3.acc/ld-1000.qar.v8' with 'w'.
QFile: open 'results/data3.acc/ld-1000.qar.v9' with 'w'.
QFile: close 'results/data3.acc/ld-1000.qar.v9' with 'w'.
QFile: open 'results/data3.acc/ld-10000.lat' with 'w'.
QFile: close 'results/data3.acc/ld-10000.lat' with 'w'.
QFile: open 'results/data3.acc/ld.lat' with 'w'.
QFile: close 'results/data3.acc/ld.lat' with 'w'.
QFile: close 'results/data2.qar' with 'r'.
QFile: close 'results/data2.qar.v1' with 'r'.
QFile: close 'results/data2.qar.v2' with 'r'.
QFile: close 'results/data2.qar.v3' with 'r'.
QFile: close 'results/data2.qar.v4' with 'r'.
QFile: close 'results/data2.qar.v5' with 'r'.
QFile: close 'results/data2.qar.v6' with 'r'.
QFile: close 'results/data2.qar.v7' with 'r'.
QFile: close 'results/data2.qar.v8' with 'r'.
QFile: close 'results/data2.qar.v9' with 'r'.
QFile: close 'results/data2.qar.v10' with 'r'.
QFile: close 'results/data2.qar.v11' with 'r'.
QFile: close 'results/data2.qar.v12' with 'r'.
QFile: close 'results/data2.qar.v13' with 'r'.
QFile: close 'results/data2.qar.v14' with 'r'.
QFile: close 'results/data2.qar.v15' with 'r'.
QFile: close 'results/data2.qar.v16' with 'r'.
QFile: close 'results/data2.qar.v17' with 'r'.
QFile: close 'results/data2.qar.v18' with 'r'.
QFile: close 'results/data2.qar.v19' with 'r'.
QFile: close 'results/data2.qar.v20' with 'r'.
QFile: close 'results/data2.qar.v21' with 'r'.
qrename: 'results/data3.acc' 'results/data3'
qar_create: 'results/data3.qar' 'results/data3' remove folder.
QFile: open 'results/data3/ld-1000.qar' with 'r'.
qar_create: 'results/data3.qar' 'results/data3/'/'ld-1000.qar' 1/22.
QFile: open 'results/data3.qar.acc' with 'w'.
QFile: close 'results/data3/ld-1000.qar' with 'r'.
QFile: open 'results/data3/ld-1000.qar.v1' with 'r'.
QFile: close 'results/data3.qar.acc' with 'w'.
qar_create: 'results/data3.qar.v1' 'results/data3/'/'ld-1000.qar.v1' 2/22.
QFile: open 'results/data3.qar.v1.acc' with 'w'.
QFile: close 'results/data3/ld-1000.qar.v1' with 'r'.
QFile: open 'results/data3/ld-1000.qar.v10' with 'r'.
QFile: close 'results/data3.qar.v1.acc' with 'w'.
qar_create: 'results/data3.qar.v2' 'results/data3/'/'ld-1000.qar.v10' 3/22.
QFile: open 'results/data3.qar.v2.acc' with 'w'.
QFile: close 'results/data3/ld-1000.qar.v10' with 'r'.
QFile: open 'results/data3/ld-1000.qar.v11' with 'r'.
QFile: close 'results/data3.qar.v2.acc' with 'w'.
qar_create: 'results/data3.qar.v3' 'results/data3/'/'ld-1000.qar.v11' 4/22.
QFile: open 'results/data3.qar.v3.acc' with 'w'.
QFile: close 'results/data3/ld-1000.qar.v11' with 'r'.
QFile: open 'results/data3/ld-1000.qar.v12' with 'r'.
QFile: close 'results/data3.qar.v3.acc' with 'w'.
qar_create: 'results/data3.qar.v4' 'results/data3/'/'ld-1000.qar.v12' 5/22.
QFile: open 'results/data3.qar.v4.acc' with 'w'.
QFile: close 'results/data3/ld-1000.qar.v12' with 'r'.
QFile: open 'results/data3/ld-1000.qar.v13' with 'r'.
QFile: close 'results/data3.qar.v4.acc' with 'w'.
qar_create: 'results/data3.qar.v5' 'results/data3/'/'ld-1000.qar.v13' 6/22.
QFile: open 'results/data3.qar.v5.acc' with 'w'.
QFile: close 'results/data3/ld-1000.qar.v13' with 'r'.
QFile: open 'results/data3/ld-1000.qar.v14' with 'r'.
QFile: close 'results/data3.qar.v5.acc' with 'w'.
qar_create: 'results/data3.qar.v6' 'results/data3/'/'ld-1000.qar.v14' 7/22.
QFile: open 'results/data3.qar.v6.acc' with 'w'.
QFile: close 'results/data3/ld-1000.qar.v14' with 'r'.
QFile: open 'results/data3/ld-1000.qar.v15' with 'r'.
QFile: close 'results/data3.qar.v6.acc' with 'w'.
qar_create: 'results/data3.qar.v7' 'results/data3/'/'ld-1000.qar.v15' 8/22.
QFile: open 'results/data3.qar.v7.acc' with 'w'.
QFile: close 'results/data3/ld-1000.qar.v15' with 'r'.
QFile: open 'results/data3/ld-1000.qar.v16' with 'r'.
QFile: close 'results/data3.qar.v7.acc' with 'w'.
qar_create: 'results/data3.qar.v8' 'results/data3/'/'ld-1000.qar.v16' 9/22.
QFile: open 'results/data3.qar.v8.acc' with 'w'.
QFile: close 'results/data3/ld-1000.qar.v16' with 'r'.
QFile: open 'results/data3/ld-1000.qar.v17' with 'r'.
QFile: close 'results/data3.qar.v8.acc' with 'w'.
qar_create: 'results/data3.qar.v9' 'results/data3/'/'ld-1000.qar.v17' 10/22.
QFile: open 'results/data3.qar.v9.acc' with 'w'.
QFile: close 'results/data3/ld-1000.qar.v17' with 'r'.
QFile: open 'results/data3/ld-1000.qar.v18' with 'r'.
QFile: close 'results/data3.qar.v9.acc' with 'w'.
qar_create: 'results/data3.qar.v10' 'results/data3/'/'ld-1000.qar.v18' 11/22.
QFile: open 'results/data3.qar.v10.acc' with 'w'.
QFile: close 'results/data3/ld-1000.qar.v18' with 'r'.
QFile: open 'results/data3/ld-1000.qar.v19' with 'r'.
QFile: close 'results/data3.qar.v10.acc' with 'w'.
qar_create: 'results/data3.qar.v11' 'results/data3/'/'ld-1000.qar.v19' 12/22.
QFile: open 'results/data3.qar.v11.acc' with 'w'.
QFile: close 'results/data3/ld-1000.qar.v19' with 'r'.
QFile: open 'results/data3/ld-1000.qar.v2' with 'r'.
QFile: close 'results/data3.qar.v11.acc' with 'w'.
qar_create: 'results/data3.qar.v12' 'results/data3/'/'ld-1000.qar.v2' 13/22.
QFile: open 'results/data3.qar.v12.acc' with 'w'.
QFile: close 'results/data3/ld-1000.qar.v2' with 'r'.
QFile: open 'results/data3/ld-1000.qar.v3' with 'r'.
QFile: close 'results/data3.qar.v12.acc' with 'w'.
qar_create: 'results/data3.qar.v13' 'results/data3/'/'ld-1000.qar.v3' 14/22.
QFile: open 'results/data3.qar.v13.acc' with 'w'.
QFile: close 'results/data3/ld-1000.qar.v3' with 'r'.
QFile: open 'results/data3/ld-1000.qar.v4' with 'r'.
QFile: close 'results/data3.qar.v13.acc' with 'w'.
qar_create: 'results/data3.qar.v14' 'results/data3/'/'ld-1000.qar.v4' 15/22.
QFile: open 'results/data3.qar.v14.acc' with 'w'.
QFile: close 'results/data3/ld-1000.qar.v4' with 'r'.
QFile: open 'results/data3/ld-1000.qar.v5' with 'r'.
QFile: close 'results/data3.qar.v14.acc' with 'w'.
qar_create: 'results/data3.qar.v15' 'results/data3/'/'ld-1000.qar.v5' 16/22.
QFile: open 'results/data3.qar.v15.acc' with 'w'.
QFile: close 'results/data3/ld-1000.qar.v5' with 'r'.
QFile: open 'results/data3/ld-1000.qar.v6' with 'r'.
QFile: close 'results/data3.qar.v15.acc' with 'w'.
qar_create: 'results/data3.qar.v16' 'results/data3/'/'ld-1000.qar.v6' 17/22.
QFile: open 'results/data3.qar.v16.acc' with 'w'.
QFile: close 'results/data3/ld-1000.qar.v6' with 'r'.
QFile: open 'results/data3/ld-1000.qar.v7' with 'r'.
QFile: close 'results/data3.qar.v16.acc' with 'w'.
qar_create: 'results/data3.qar.v17' 'results/data3/'/'ld-1000.qar.v7' 18/22.
QFile: open 'results/data3.qar.v17.acc' with 'w'.
QFile: close 'results/data3/ld-1000.qar.v7' with 'r'.
QFile: open 'results/data3/ld-1000.qar.v8' with 'r'.
QFile: close 'results/data3.qar.v17.acc' with 'w'.
qar_create: 'results/data3.qar.v18' 'results/data3/'/'ld-1000.qar.v8' 19/22.
QFile: open 'results/data3.qar.v18.acc' with 'w'.
QFile: close 'results/data3/ld-1000.qar.v8' with 'r'.
QFile: open 'results/data3/ld-1000.qar.v9' with 'r'.
QFile: close 'results/data3.qar.v18.acc' with 'w'.
qar_create: 'results/data3.qar.v19' 'results/data3/'/'ld-1000.qar.v9' 20/22.
QFile: open 'results/data3.qar.v19.acc' with 'w'.
QFile: close 'results/data3/ld-1000.qar.v9' with 'r'.
QFile: open 'results/data3/ld-10000.lat' with 'r'.
QFile: close 'results/data3.qar.v19.acc' with 'w'.
qar_create: 'results/data3.qar.v20' 'results/data3/'/'ld-10000.lat' 21/22.
QFile: open 'results/data3.qar.v20.acc' with 'w'.
QFile: close 'results/data3/ld-10000.lat' with 'r'.
QFile: open 'results/data3/ld.lat' with 'r'.
QFile: close 'results/data3.qar.v20.acc' with 'w'.
qar_create: 'results/data3.qar.v21' 'results/data3/'/'ld.lat' 22/22.
QFile: open 'results/data3.qar.v21.acc' with 'w'.
QFile: close 'results/data3/ld.lat' with 'r'.
QFile: close 'results/data3.qar.v21.acc' with 'w'.
qrename: 'results/data3.qar.acc' 'results/data3.qar'
qrename: 'results/data3.qar.v1.acc' 'results/data3.qar.v1'
qrename: 'results/data3.qar.v2.acc' 'results/data3.qar.v2'
qrename: 'results/data3.qar.v3.acc' 'results/data3.qar.v3'
qrename: 'results/data3.qar.v4.acc' 'results/data3.qar.v4'
qrename: 'results/data3.qar.v5.acc' 'results/data3.qar.v5'
qrename: 'results/data3.qar.v6.acc' 'results/data3.qar.v6'
qrename: 'results/data3.qar.v7.acc' 'results/data3.qar.v7'
qrename: 'results/data3.qar.v8.acc' 'results/data3.qar.v8'
qrename: 'results/data3.qar.v9.acc' 'results/data3.qar.v9'
qrename: 'results/data3.qar.v10.acc' 'results/data3.qar.v10'
qrename: 'results/data3.qar.v11.acc' 'results/data3.qar.v11'
qrename: 'results/data3.qar.v12.acc' 'results/data3.qar.v12'
qrename: 'results/data3.qar.v13.acc' 'results/data3.qar.v13'
qrename: 'results/data3.qar.v14.acc' 'results/data3.qar.v14'
qrename: 'results/data3.qar.v15.acc' 'results/data3.qar.v15'
qrename: 'results/data3.qar.v16.acc' 'results/data3.qar.v16'
qrename: 'results/data3.qar.v17.acc' 'results/data3.qar.v17'
qrename: 'results/data3.qar.v18.acc' 'results/data3.qar.v18'
qrename: 'results/data3.qar.v19.acc' 'results/data3.qar.v19'
qrename: 'results/data3.qar.v20.acc' 'results/data3.qar.v20'
qrename: 'results/data3.qar.v21.acc' 'results/data3.qar.v21'
qremove: 'results/data3/ld-1000.qar'
qremove: 'results/data3/ld-1000.qar.v1'
qremove: 'results/data3/ld-1000.qar.v10'
qremove: 'results/data3/ld-1000.qar.v11'
qremove: 'results/data3/ld-1000.qar.v12'
qremove: 'results/data3/ld-1000.qar.v13'
qremove: 'results/data3/ld-1000.qar.v14'
qremove: 'results/data3/ld-1000.qar.v15'
qremove: 'results/data3/ld-1000.qar.v16'
qremove: 'results/data3/ld-1000.qar.v17'
qremove: 'results/data3/ld-1000.qar.v18'
qremove: 'results/data3/ld-1000.qar.v19'
qremove: 'results/data3/ld-1000.qar.v2'
qremove: 'results/data3/ld-1000.qar.v3'
qremove: 'results/data3/ld-1000.qar.v4'
qremove: 'results/data3/ld-1000.qar.v5'
qremove: 'results/data3/ld-1000.qar.v6'
qremove: 'results/data3/ld-1000.qar.v7'
qremove: 'results/data3/ld-1000.qar.v8'
qremove: 'results/data3/ld-1000.qar.v9'
qremove: 'results/data3/ld-10000.lat'
qremove: 'results/data3/ld.lat'
qremove: 'results/data3'
qar_extract: 'results/data3.qar' 'results/data3' remove qar .
QFile: open 'results/data3.qar' with 'r'.
QFile: open 'results/data3.qar.v1' with 'r'.
QFile: open 'results/data3.qar.v2' with 'r'.
QFile: open 'results/data3.qar.v3' with 'r'.
QFile: open 'results/data3.qar.v4' with 'r'.
QFile: open 'results/data3.qar.v5' with 'r'.
QFile: open 'results/data3.qar.v6' with 'r'.
QFile: open 'results/data3.qar.v7' with 'r'.
QFile: open 'results/data3.qar.v8' with 'r'.
QFile: open 'results/data3.qar.v9' with 'r'.
QFile: open 'results/data3.qar.v10' with 'r'.
QFile: open 'results/data3.qar.v11' with 'r'.
QFile: open 'results/data3.qar.v12' with 'r'.
QFile: open 'results/data3.qar.v13' with 'r'.
QFile: open 'results/data3.qar.v14' with 'r'.
QFile: open 'results/data3.qar.v15' with 'r'.
QFile: open 'results/data3.qar.v16' with 'r'.
QFile: open 'results/data3.qar.v17' with 'r'.
QFile: open 'results/data3.qar.v18' with 'r'.
QFile: open 'results/data3.qar.v19' with 'r'.
QFile: open 'results/data3.qar.v20' with 'r'.
QFile: open 'results/data3.qar.v21' with 'r'.
QFile: open 'results/data3.acc/ld-1000.qar' with 'w'.
QFile: close 'results/data3.acc/ld-1000.qar' with 'w'.
QFile: open 'results/data3.acc/ld-1000.qar.v1' with 'w'.
QFile: close 'results/data3.acc/ld-1000.qar.v1' with 'w'.
QFile: open 'results/data3.acc/ld-1000.qar.v10' with 'w'.
QFile: close 'results/data3.acc/ld-1000.qar.v10' with 'w'.
QFile: open 'results/data3.acc/ld-1000.qar.v11' with 'w'.
QFile: close 'results/data3.acc/ld-1000.qar.v11' with 'w'.
QFile: open 'results/data3.acc/ld-1000.qar.v12' with 'w'.
QFile: close 'results/data3.acc/ld-1000.qar.v12' with 'w'.
QFile: open 'results/data3.acc/ld-1000.qar.v13' with 'w'.
QFile: close 'results/data3.acc/ld-1000.qar.v13' with 'w'.
QFile: open 'results/data3.acc/ld-1000.qar.v14' with 'w'.
QFile: close 'results/data3.acc/ld-1000.qar.v14' with 'w'.
QFile: open 'results/data3.acc/ld-1000.qar.v15' with 'w'.
QFile: close 'results/data3.acc/ld-1000.qar.v15' with 'w'.
QFile: open 'results/data3.acc/ld-1000.qar.v16' with 'w'.
QFile: close 'results/data3.acc/ld-1000.qar.v16' with 'w'.
QFile: open 'results/data3.acc/ld-1000.qar.v17' with 'w'.
QFile: close 'results/data3.acc/ld-1000.qar.v17' with 'w'.
QFile: open 'results/data3.acc/ld-1000.qar.v18' with 'w'.
QFile: close 'results/data3.acc/ld-1000.qar.v18' with 'w'.
QFile: open 'results/data3.acc/ld-1000.qar.v19' with 'w'.
QFile: close 'results/data3.acc/ld-1000.qar.v19' with 'w'.
QFile: open 'results/data3.acc/ld-1000.qar.v2' with 'w'.
QFile: close 'results/data3.acc/ld-1000.qar.v2' with 'w'.
QFile: open 'results/data3.acc/ld-1000.qar.v3' with 'w'.
QFile: close 'results/data3.acc/ld-1000.qar.v3' with 'w'.
QFile: open 'results/data3.acc/ld-1000.qar.v4' with 'w'.
QFile: close 'results/data3.acc/ld-1000.qar.v4' with 'w'.
QFile: open 'results/data3.acc/ld-1000.qar.v5' with 'w'.
QFile: close 'results/data3.acc/ld-1000.qar.v5' with 'w'.
QFile: open 'results/data3.acc/ld-1000.qar.v6' with 'w'.
QFile: close 'results/data3.acc/ld-1000.qar.v6' with 'w'.
QFile: open 'results/data3.acc/ld-1000.qar.v7' with 'w'.
QFile: close 'results/data3.acc/ld-1000.qar.v7' with 'w'.
QFile: open 'results/data3.acc/ld-1000.qar.v8' with 'w'.
QFile: close 'results/data3.acc/ld-1000.qar.v8' with 'w'.
QFile: open 'results/data3.acc/ld-1000.qar.v9' with 'w'.
QFile: close 'results/data3.acc/ld-1000.qar.v9' with 'w'.
QFile: open 'results/data3.acc/ld-10000.lat' with 'w'.
QFile: close 'results/data3.acc/ld-10000.lat' with 'w'.
QFile: open 'results/data3.acc/ld.lat' with 'w'.
QFile: close 'results/data3.acc/ld.lat' with 'w'.
QFile: close 'results/data3.qar' with 'r'.
QFile: close 'results/data3.qar.v1' with 'r'.
QFile: close 'results/data3.qar.v2' with 'r'.
QFile: close 'results/data3.qar.v3' with 'r'.
QFile: close 'results/data3.qar.v4' with 'r'.
QFile: close 'results/data3.qar.v5' with 'r'.
QFile: close 'results/data3.qar.v6' with 'r'.
QFile: close 'results/data3.qar.v7' with 'r'.
QFile: close 'results/data3.qar.v8' with 'r'.
QFile: close 'results/data3.qar.v9' with 'r'.
QFile: close 'results/data3.qar.v10' with 'r'.
QFile: close 'results/data3.qar.v11' with 'r'.
QFile: close 'results/data3.qar.v12' with 'r'.
QFile: close 'results/data3.qar.v13' with 'r'.
QFile: close 'results/data3.qar.v14' with 'r'.
QFile: close 'results/data3.qar.v15' with 'r'.
QFile: close 'results/data3.qar.v16' with 'r'.
QFile: close 'results/data3.qar.v17' with 'r'.
QFile: close 'results/data3.qar.v18' with 'r'.
QFile: close 'results/data3.qar.v19' with 'r'.
QFile: close 'results/data3.qar.v20' with 'r'.
QFile: close 'results/data3.qar.v21' with 'r'.
qrename: 'results/data3.acc' 'results/data3'
qremove: 'results/data3.qar'
qremove: 'results/data3.qar.v1'
qremove: 'results/data3.qar.v2'
qremove: 'results/data3.qar.v3'
qremove: 'results/data3.qar.v4'
qremove: 'results/data3.qar.v5'
qremove: 'results/data3.qar.v6'
qremove: 'results/data3.qar.v7'
qremove: 'results/data3.qar.v8'
qremove: 'results/data3.qar.v9'
qremove: 'results/data3.qar.v10'
qremove: 'results/data3.qar.v11'
qremove: 'results/data3.qar.v12'
qremove: 'results/data3.qar.v13'
qremove: 'results/data3.qar.v14'
qremove: 'results/data3.qar.v15'
qremove: 'results/data3.qar.v16'
qremove: 'results/data3.qar.v17'
qremove: 'results/data3.qar.v18'
qremove: 'results/data3.qar.v19'
qremove: 'results/data3.qar.v20'
qremove: 'results/data3.qar.v21'
qar_create: 'results/data4.qar' 'results/data3' keep folder.
QFile: open 'results/data3/ld-1000.qar' with 'r'.
qar_create: 'results/data4.qar' 'results/data3/'/'ld-1000.qar' 1/22.
QFile: open 'results/data4.qar.acc' with 'w'.
QFile: close 'results/data3/ld-1000.qar' with 'r'.
QFile: open 'results/data3/ld-1000.qar.v1' with 'r'.
QFile: close 'results/data4.qar.acc' with 'w'.
qar_create: 'results/data4.qar.v1' 'results/data3/'/'ld-1000.qar.v1' 2/22.
QFile: open 'results/data4.qar.v1.acc' with 'w'.
QFile: close 'results/data3/ld-1000.qar.v1' with 'r'.
QFile: open 'results/data3/ld-1000.qar.v10' with 'r'.
QFile: close 'results/data4.qar.v1.acc' with 'w'.
qar_create: 'results/data4.qar.v2' 'results/data3/'/'ld-1000.qar.v10' 3/22.
QFile: open 'results/data4.qar.v2.acc' with 'w'.
QFile: close 'results/data3/ld-1000.qar.v10' with 'r'.
QFile: open 'results/data3/ld-1000.qar.v11' with 'r'.
QFile: close 'results/data4.qar.v2.acc' with 'w'.
qar_create: 'results/data4.qar.v3' 'results/data3/'/'ld-1000.qar.v11' 4/22.
QFile: open 'results/data4.qar.v3.acc' with 'w'.
QFile: close 'results/data3/ld-1000.qar.v11' with 'r'.
QFile: open 'results/data3/ld-1000.qar.v12' with 'r'.
QFile: close 'results/data4.qar.v3.acc' with 'w'.
qar_create: 'results/data4.qar.v4' 'results/data3/'/'ld-1000.qar.v12' 5/22.
QFile: open 'results/data4.qar.v4.acc' with 'w'.
QFile: close 'results/data3/ld-1000.qar.v12' with 'r'.
QFile: open 'results/data3/ld-1000.qar.v13' with 'r'.
QFile: close 'results/data4.qar.v4.acc' with 'w'.
qar_create: 'results/data4.qar.v5' 'results/data3/'/'ld-1000.qar.v13' 6/22.
QFile: open 'results/data4.qar.v5.acc' with 'w'.
QFile: close 'results/data3/ld-1000.qar.v13' with 'r'.
QFile: open 'results/data3/ld-1000.qar.v14' with 'r'.
QFile: close 'results/data4.qar.v5.acc' with 'w'.
qar_create: 'results/data4.qar.v6' 'results/data3/'/'ld-1000.qar.v14' 7/22.
QFile: open 'results/data4.qar.v6.acc' with 'w'.
QFile: close 'results/data3/ld-1000.qar.v14' with 'r'.
QFile: open 'results/data3/ld-1000.qar.v15' with 'r'.
QFile: close 'results/data4.qar.v6.acc' with 'w'.
qar_create: 'results/data4.qar.v7' 'results/data3/'/'ld-1000.qar.v15' 8/22.
QFile: open 'results/data4.qar.v7.acc' with 'w'.
QFile: close 'results/data3/ld-1000.qar.v15' with 'r'.
QFile: open 'results/data3/ld-1000.qar.v16' with 'r'.
QFile: close 'results/data4.qar.v7.acc' with 'w'.
qar_create: 'results/data4.qar.v8' 'results/data3/'/'ld-1000.qar.v16' 9/22.
QFile: open 'results/data4.qar.v8.acc' with 'w'.
QFile: close 'results/data3/ld-1000.qar.v16' with 'r'.
QFile: open 'results/data3/ld-1000.qar.v17' with 'r'.
QFile: close 'results/data4.qar.v8.acc' with 'w'.
qar_create: 'results/data4.qar.v9' 'results/data3/'/'ld-1000.qar.v17' 10/22.
QFile: open 'results/data4.qar.v9.acc' with 'w'.
QFile: close 'results/data3/ld-1000.qar.v17' with 'r'.
QFile: open 'results/data3/ld-1000.qar.v18' with 'r'.
QFile: close 'results/data4.qar.v9.acc' with 'w'.
qar_create: 'results/data4.qar.v10' 'results/data3/'/'ld-1000.qar.v18' 11/22.
QFile: open 'results/data4.qar.v10.acc' with 'w'.
QFile: close 'results/data3/ld-1000.qar.v18' with 'r'.
QFile: open 'results/data3/ld-1000.qar.v19' with 'r'.
QFile: close 'results/data4.qar.v10.acc' with 'w'.
qar_create: 'results/data4.qar.v11' 'results/data3/'/'ld-1000.qar.v19' 12/22.
QFile: open 'results/data4.qar.v11.acc' with 'w'.
QFile: close 'results/data3/ld-1000.qar.v19' with 'r'.
QFile: open 'results/data3/ld-1000.qar.v2' with 'r'.
QFile: close 'results/data4.qar.v11.acc' with 'w'.
qar_create: 'results/data4.qar.v12' 'results/data3/'/'ld-1000.qar.v2' 13/22.
QFile: open 'results/data4.qar.v12.acc' with 'w'.
QFile: close 'results/data3/ld-1000.qar.v2' with 'r'.
QFile: open 'results/data3/ld-1000.qar.v3' with 'r'.
QFile: close 'results/data4.qar.v12.acc' with 'w'.
qar_create: 'results/data4.qar.v13' 'results/data3/'/'ld-1000.qar.v3' 14/22.
QFile: open 'results/data4.qar.v13.acc' with 'w'.
QFile: close 'results/data3/ld-1000.qar.v3' with 'r'.
QFile: open 'results/data3/ld-1000.qar.v4' with 'r'.
QFile: close 'results/data4.qar.v13.acc' with 'w'.
qar_create: 'results/data4.qar.v14' 'results/data3/'/'ld-1000.qar.v4' 15/22.
QFile: open 'results/data4.qar.v14.acc' with 'w'.
QFile: close 'results/data3/ld-1000.qar.v4' with 'r'.
QFile: open 'results/data3/ld-1000.qar.v5' with 'r'.
QFile: close 'results/data4.qar.v14.acc' with 'w'.
qar_create: 'results/data4.qar.v15' 'results/data3/'/'ld-1000.qar.v5' 16/22.
QFile: open 'results/data4.qar.v15.acc' with 'w'.
QFile: close 'results/data3/ld-1000.qar.v5' with 'r'.
QFile: open 'results/data3/ld-1000.qar.v6' with 'r'.
QFile: close 'results/data4.qar.v15.acc' with 'w'.
qar_create: 'results/data4.qar.v16' 'results/data3/'/'ld-1000.qar.v6' 17/22.
QFile: open 'results/data4.qar.v16.acc' with 'w'.
QFile: close 'results/data3/ld-1000.qar.v6' with 'r'.
QFile: open 'results/data3/ld-1000.qar.v7' with 'r'.
QFile: close 'results/data4.qar.v16.acc' with 'w'.
qar_create: 'results/data4.qar.v17' 'results/data3/'/'ld-1000.qar.v7' 18/22.
QFile: open 'results/data4.qar.v17.acc' with 'w'.
QFile: close 'results/data3/ld-1000.qar.v7' with 'r'.
QFile: open 'results/data3/ld-1000.qar.v8' with 'r'.
QFile: close 'results/data4.qar.v17.acc' with 'w'.
qar_create: 'results/data4.qar.v18' 'results/data3/'/'ld-1000.qar.v8' 19/22.
QFile: open 'results/data4.qar.v18.acc' with 'w'.
QFile: close 'results/data3/ld-1000.qar.v8' with 'r'.
QFile: open 'results/data3/ld-1000.qar.v9' with 'r'.
QFile: close 'results/data4.qar.v18.acc' with 'w'.
qar_create: 'results/data4.qar.v19' 'results/data3/'/'ld-1000.qar.v9' 20/22.
QFile: open 'results/data4.qar.v19.acc' with 'w'.
QFile: close 'results/data3/ld-1000.qar.v9' with 'r'.
QFile: open 'results/data3/ld-10000.lat' with 'r'.
QFile: close 'results/data4.qar.v19.acc' with 'w'.
qar_create: 'results/data4.qar.v20' 'results/data3/'/'ld-10000.lat' 21/22.
QFile: open 'results/data4.qar.v20.acc' with 'w'.
QFile: close 'results/data3/ld-10000.lat' with 'r'.
QFile: open 'results/data3/ld.lat' with 'r'.
QFile: close 'results/data4.qar.v20.acc' with 'w'.
qar_create: 'results/data4.qar.v21' 'results/data3/'/'ld.lat' 22/22.
QFile: open 'results/data4.qar.v21.acc' with 'w'.
QFile: close 'results/data3/ld.lat' with 'r'.
QFile: close 'results/data4.qar.v21.acc' with 'w'.
qrename: 'results/data4.qar.acc' 'results/data4.qar'
qrename: 'results/data4.qar.v1.acc' 'results/data4.qar.v1'
qrename: 'results/data4.qar.v2.acc' 'results/data4.qar.v2'
qrename: 'results/data4.qar.v3.acc' 'results/data4.qar.v3'
qrename: 'results/data4.qar.v4.acc' 'results/data4.qar.v4'
qrename: 'results/data4.qar.v5.acc' 'results/data4.qar.v5'
qrename: 'results/data4.qar.v6.acc' 'results/data4.qar.v6'
qrename: 'results/data4.qar.v7.acc' 'results/data4.qar.v7'
qrename: 'results/data4.qar.v8.acc' 'results/data4.qar.v8'
qrename: 'results/data4.qar.v9.acc' 'results/data4.qar.v9'
qrename: 'results/data4.qar.v10.acc' 'results/data4.qar.v10'
qrename: 'results/data4.qar.v11.acc' 'results/data4.qar.v11'
qrename: 'results/data4.qar.v12.acc' 'results/data4.qar.v12'
qrename: 'results/data4.qar.v13.acc' 'results/data4.qar.v13'
qrename: 'results/data4.qar.v14.acc' 'results/data4.qar.v14'
qrename: 'results/data4.qar.v15.acc' 'results/data4.qar.v15'
qrename: 'results/data4.qar.v16.acc' 'results/data4.qar.v16'
qrename: 'results/data4.qar.v17.acc' 'results/data4.qar.v17'
qrename: 'results/data4.qar.v18.acc' 'results/data4.qar.v18'
qrename: 'results/data4.qar.v19.acc' 'results/data4.qar.v19'
qrename: 'results/data4.qar.v20.acc' 'results/data4.qar.v20'
qrename: 'results/data4.qar.v21.acc' 'results/data4.qar.v21'
Cache: 'QarReadCache': 0 / 16 [1] to add
QFile: open 'results/data4.qar' with 'r'.
QFile: open 'results/data4.qar.v1' with 'r'.
QFile: open 'results/data4.qar.v2' with 'r'.
QFile: open 'results/data4.qar.v3' with 'r'.
QFile: open 'results/data4.qar.v4' with 'r'.
QFile: open 'results/data4.qar.v5' with 'r'.
QFile: open 'results/data4.qar.v6' with 'r'.
QFile: open 'results/data4.qar.v7' with 'r'.
QFile: open 'results/data4.qar.v8' with 'r'.
QFile: open 'results/data4.qar.v9' with 'r'.
QFile: open 'results/data4.qar.v10' with 'r'.
QFile: open 'results/data4.qar.v11' with 'r'.
QFile: open 'results/data4.qar.v12' with 'r'.
QFile: open 'results/data4.qar.v13' with 'r'.
QFile: open 'results/data4.qar.v14' with 'r'.
QFile: open 'results/data4.qar.v15' with 'r'.
QFile: open 'results/data4.qar.v16' with 'r'.
QFile: open 'results/data4.qar.v17' with 'r'.
QFile: open 'results/data4.qar.v18' with 'r'.
QFile: open 'results/data4.qar.v19' with 'r'.
QFile: open 'results/data4.qar.v20' with 'r'.
QFile: open 'results/data4.qar.v21' with 'r'.
QFile: open 'results/data/ld-10000.lat' with 'r'.
QFile: close 'results/data/ld-10000.lat' with 'r'.
QFile: open 'results/data4.qar' with 'r'.
QFile: open 'results/data4.qar.v1' with 'r'.
QFile: open 'results/data4.qar.v2' with 'r'.
QFile: open 'results/data4.qar.v3' with 'r'.
QFile: open 'results/data4.qar.v4' with 'r'.
QFile: open 'results/data4.qar.v5' with 'r'.
QFile: open 'results/data4.qar.v6' with 'r'.
QFile: open 'results/data4.qar.v7' with 'r'.
QFile: open 'results/data4.qar.v8' with 'r'.
QFile: open 'results/data4.qar.v9' with 'r'.
QFile: open 'results/data4.qar.v10' with 'r'.
QFile: open 'results/data4.qar.v11' with 'r'.
QFile: open 'results/data4.qar.v12' with 'r'.
QFile: open 'results/data4.qar.v13' with 'r'.
QFile: open 'results/data4.qar.v14' with 'r'.
QFile: open 'results/data4.qar.v15' with 'r'.
QFile: open 'results/data4.qar.v16' with 'r'.
QFile: open 'results/data4.qar.v17' with 'r'.
QFile: open 'results/data4.qar.v18' with 'r'.
QFile: open 'results/data4.qar.v19' with 'r'.
QFile: open 'results/data4.qar.v20' with 'r'.
QFile: open 'results/data4.qar.v21' with 'r'.
QFile: close 'results/data4.qar' with 'r'.
QFile: close 'results/data4.qar.v1' with 'r'.
QFile: close 'results/data4.qar.v2' with 'r'.
QFile: close 'results/data4.qar.v3' with 'r'.
QFile: close 'results/data4.qar.v4' with 'r'.
QFile: close 'results/data4.qar.v5' with 'r'.
QFile: close 'results/data4.qar.v6' with 'r'.
QFile: close 'results/data4.qar.v7' with 'r'.
QFile: close 'results/data4.qar.v8' with 'r'.
QFile: close 'results/data4.qar.v9' with 'r'.
QFile: close 'results/data4.qar.v10' with 'r'.
QFile: close 'results/data4.qar.v11' with 'r'.
QFile: close 'results/data4.qar.v12' with 'r'.
QFile: close 'results/data4.qar.v13' with 'r'.
QFile: close 'results/data4.qar.v14' with 'r'.
QFile: close 'results/data4.qar.v15' with 'r'.
QFile: close 'results/data4.qar.v16' with 'r'.
QFile: close 'results/data4.qar.v17' with 'r'.
QFile: close 'results/data4.qar.v18' with 'r'.
QFile: close 'results/data4.qar.v19' with 'r'.
QFile: close 'results/data4.qar.v20' with 'r'.
QFile: close 'results/data4.qar.v21' with 'r'.
['ld-1000.qar', 'ld-1000.qar.v1', 'ld-1000.qar.v10', 'ld-1000.qar.v11', 'ld-1000.qar.v12', 'ld-1000.qar.v13', 'ld-1000.qar.v14', 'ld-1000.qar.v15', 'ld-1000.qar.v16', 'ld-1000.qar.v17', 'ld-1000.qar.v18', 'ld-1000.qar.v19', 'ld-1000.qar.v2', 'ld-1000.qar.v3', 'ld-1000.qar.v4', 'ld-1000.qar.v5', 'ld-1000.qar.v6', 'ld-1000.qar.v7', 'ld-1000.qar.v8', 'ld-1000.qar.v9', 'ld-10000.lat', 'ld.lat']
['ld-0-1000.lat', 'ld-1-1000.lat', 'ld-10-1000.lat', 'ld-11-1000.lat', 'ld-12-1000.lat', 'ld-13-1000.lat', 'ld-14-1000.lat', 'ld-15-1000.lat', 'ld-16-1000.lat', 'ld-17-1000.lat', 'ld-18-1000.lat', 'ld-19-1000.lat', 'ld-2-1000.lat', 'ld-3-1000.lat', 'ld-4-1000.lat', 'ld-5-1000.lat', 'ld-6-1000.lat', 'ld-7-1000.lat', 'ld-8-1000.lat', 'ld-9-1000.lat']
qcopy_file: 'results/data4/ld-10000.lat' results/data5/ld-10000.lat.
QFile: open 'results/data5/ld-10000.lat.acc' with 'w'.
QFile: close 'results/data5/ld-10000.lat.acc' with 'w'.
qrename: 'results/data5/ld-10000.lat.acc' 'results/data5/ld-10000.lat'
QFile: open 'results/data5/ld-10000.lat' with 'r'.
QFile: close 'results/data5/ld-10000.lat' with 'r'.
qcopy_file: 'results/data4/ld-1000/ld-1-1000.lat' results/data5/ld-1000/ld-1-1000.lat.
Cache: 'QarReadCache': 1 / 16 [1] to add
QFile: open 'results/data5/ld-1000/ld-1-1000.lat.acc' with 'w'.
QFile: close 'results/data5/ld-1000/ld-1-1000.lat.acc' with 'w'.
qrename: 'results/data5/ld-1000/ld-1-1000.lat.acc' 'results/data5/ld-1000/ld-1-1000.lat'
QFile: open 'results/data5/ld-1000/ld-1-1000.lat' with 'r'.
QFile: close 'results/data5/ld-1000/ld-1-1000.lat' with 'r'.
check_all_files_crc32_info: start checking path='results'
QFile: open 'results/data/ld-1000/ld-0-1000.lat' with 'r'.
QFile: close 'results/data/ld-1000/ld-0-1000.lat' with 'r'.
B5B9ADDC  fn='results/data/ld-1000/ld-0-1000.lat'
QFile: open 'results/data/ld-1000/ld-1-1000.lat' with 'r'.
QFile: close 'results/data/ld-1000/ld-1-1000.lat' with 'r'.
B5B9ADDC  fn='results/data/ld-1000/ld-1-1000.lat'
QFile: open 'results/data/ld-1000/ld-10-1000.lat' with 'r'.
QFile: close 'results/data/ld-1000/ld-10-1000.lat' with 'r'.
B5B9ADDC  fn='results/data/ld-1000/ld-10-1000.lat'
QFile: open 'results/data/ld-1000/ld-11-1000.lat' with 'r'.
QFile: close 'results/data/ld-1000/ld-11-1000.lat' with 'r'.
B5B9ADDC  fn='results/data/ld-1000/ld-11-1000.lat'
QFile: open 'results/data/ld-1000/ld-12-1000.lat' with 'r'.
QFile: close 'results/data/ld-1000/ld-12-1000.lat' with 'r'.
B5B9ADDC  fn='results/data/ld-1000/ld-12-1000.lat'
QFile: open 'results/data/ld-1000/ld-13-1000.lat' with 'r'.
QFile: close 'results/data/ld-1000/ld-13-1000.lat' with 'r'.
B5B9ADDC  fn='results/data/ld-1000/ld-13-1000.lat'
QFile: open 'results/data/ld-1000/ld-14-1000.lat' with 'r'.
QFile: close 'results/data/ld-1000/ld-14-1000.lat' with 'r'.
B5B9ADDC  fn='results/data/ld-1000/ld-14-1000.lat'
QFile: open 'results/data/ld-1000/ld-15-1000.lat' with 'r'.
QFile: close 'results/data/ld-1000/ld-15-1000.lat' with 'r'.
B5B9ADDC  fn='results/data/ld-1000/ld-15-1000.lat'
QFile: open 'results/data/ld-1000/ld-16-1000.lat' with 'r'.
QFile: close 'results/data/ld-1000/ld-16-1000.lat' with 'r'.
B5B9ADDC  fn='results/data/ld-1000/ld-16-1000.lat'
QFile: open 'results/data/ld-1000/ld-17-1000.lat' with 'r'.
QFile: close 'results/data/ld-1000/ld-17-1000.lat' with 'r'.
B5B9ADDC  fn='results/data/ld-1000/ld-17-1000.lat'
QFile: open 'results/data/ld-1000/ld-18-1000.lat' with 'r'.
QFile: close 'results/data/ld-1000/ld-18-1000.lat' with 'r'.
B5B9ADDC  fn='results/data/ld-1000/ld-18-1000.lat'
QFile: open 'results/data/ld-1000/ld-19-1000.lat' with 'r'.
QFile: close 'results/data/ld-1000/ld-19-1000.lat' with 'r'.
B5B9ADDC  fn='results/data/ld-1000/ld-19-1000.lat'
QFile: open 'results/data/ld-1000/ld-2-1000.lat' with 'r'.
QFile: close 'results/data/ld-1000/ld-2-1000.lat' with 'r'.
B5B9ADDC  fn='results/data/ld-1000/ld-2-1000.lat'
QFile: open 'results/data/ld-1000/ld-3-1000.lat' with 'r'.
QFile: close 'results/data/ld-1000/ld-3-1000.lat' with 'r'.
B5B9ADDC  fn='results/data/ld-1000/ld-3-1000.lat'
QFile: open 'results/data/ld-1000/ld-4-1000.lat' with 'r'.
QFile: close 'results/data/ld-1000/ld-4-1000.lat' with 'r'.
B5B9ADDC  fn='results/data/ld-1000/ld-4-1000.lat'
QFile: open 'results/data/ld-1000/ld-5-1000.lat' with 'r'.
QFile: close 'results/data/ld-1000/ld-5-1000.lat' with 'r'.
B5B9ADDC  fn='results/data/ld-1000/ld-5-1000.lat'
QFile: open 'results/data/ld-1000/ld-6-1000.lat' with 'r'.
QFile: close 'results/data/ld-1000/ld-6-1000.lat' with 'r'.
B5B9ADDC  fn='results/data/ld-1000/ld-6-1000.lat'
QFile: open 'results/data/ld-1000/ld-7-1000.lat' with 'r'.
QFile: close 'results/data/ld-1000/ld-7-1000.lat' with 'r'.
B5B9ADDC  fn='results/data/ld-1000/ld-7-1000.lat'
QFile: open 'results/data/ld-1000/ld-8-1000.lat' with 'r'.
QFile: close 'results/data/ld-1000/ld-8-1000.lat' with 'r'.
B5B9ADDC  fn='results/data/ld-1000/ld-8-1000.lat'
QFile: open 'results/data/ld-1000/ld-9-1000.lat' with 'r'.
QFile: close 'results/data/ld-1000/ld-9-1000.lat' with 'r'.
B5B9ADDC  fn='results/data/ld-1000/ld-9-1000.lat'
QFile: open 'results/data/ld-10000.lat' with 'r'.
QFile: close 'results/data/ld-10000.lat' with 'r'.
3D91F296  fn='results/data/ld-10000.lat'
QFile: open 'results/data/ld.lat' with 'r'.
QFile: close 'results/data/ld.lat' with 'r'.
88874F56  fn='results/data/ld.lat'
QFile: open 'results/data.qar' with 'r'.
QFile: close 'results/data.qar' with 'r'.
FDE5FAA7  fn='results/data.qar'
QFile: open 'results/data2/ld-1000.qar' with 'r'.
QFile: close 'results/data2/ld-1000.qar' with 'r'.
01814017  fn='results/data2/ld-1000.qar'
QFile: open 'results/data2/ld-1000.qar.v1' with 'r'.
QFile: close 'results/data2/ld-1000.qar.v1' with 'r'.
584643F8  fn='results/data2/ld-1000.qar.v1'
QFile: open 'results/data2/ld-1000.qar.v10' with 'r'.
QFile: close 'results/data2/ld-1000.qar.v10' with 'r'.
90E68BE4  fn='results/data2/ld-1000.qar.v10'
QFile: open 'results/data2/ld-1000.qar.v11' with 'r'.
QFile: close 'results/data2/ld-1000.qar.v11' with 'r'.
C921880B  fn='results/data2/ld-1000.qar.v11'
QFile: open 'results/data2/ld-1000.qar.v12' with 'r'.
QFile: close 'results/data2/ld-1000.qar.v12' with 'r'.
B20F47C9  fn='results/data2/ld-1000.qar.v12'
QFile: open 'results/data2/ld-1000.qar.v13' with 'r'.
QFile: close 'results/data2/ld-1000.qar.v13' with 'r'.
EBC84426  fn='results/data2/ld-1000.qar.v13'
QFile: open 'results/data2/ld-1000.qar.v14' with 'r'.
QFile: close 'results/data2/ld-1000.qar.v14' with 'r'.
BDEC49EA  fn='results/data2/ld-1000.qar.v14'
QFile: open 'results/data2/ld-1000.qar.v15' with 'r'.
QFile: close 'results/data2/ld-1000.qar.v15' with 'r'.
E42B4A05  fn='results/data2/ld-1000.qar.v15'
QFile: open 'results/data2/ld-1000.qar.v16' with 'r'.
QFile: close 'results/data2/ld-1000.qar.v16' with 'r'.
0E624E34  fn='results/data2/ld-1000.qar.v16'
QFile: open 'results/data2/ld-1000.qar.v17' with 'r'.
QFile: close 'results/data2/ld-1000.qar.v17' with 'r'.
57A54DDB  fn='results/data2/ld-1000.qar.v17'
QFile: open 'results/data2/ld-1000.qar.v18' with 'r'.
QFile: close 'results/data2/ld-1000.qar.v18' with 'r'.
A22A55AC  fn='results/data2/ld-1000.qar.v18'
QFile: open 'results/data2/ld-1000.qar.v19' with 'r'.
QFile: close 'results/data2/ld-1000.qar.v19' with 'r'.
FBED5643  fn='results/data2/ld-1000.qar.v19'
QFile: open 'results/data2/ld-1000.qar.v2' with 'r'.
QFile: close 'results/data2/ld-1000.qar.v2' with 'r'.
334D9E5F  fn='results/data2/ld-1000.qar.v2'
QFile: open 'results/data2/ld-1000.qar.v3' with 'r'.
QFile: close 'results/data2/ld-1000.qar.v3' with 'r'.
6A8A9DB0  fn='results/data2/ld-1000.qar.v3'
QFile: open 'results/data2/ld-1000.qar.v4' with 'r'.
QFile: close 'results/data2/ld-1000.qar.v4' with 'r'.
80C39981  fn='results/data2/ld-1000.qar.v4'
QFile: open 'results/data2/ld-1000.qar.v5' with 'r'.
QFile: close 'results/data2/ld-1000.qar.v5' with 'r'.
D9049A6E  fn='results/data2/ld-1000.qar.v5'
QFile: open 'results/data2/ld-1000.qar.v6' with 'r'.
QFile: close 'results/data2/ld-1000.qar.v6' with 'r'.
8F2097A2  fn='results/data2/ld-1000.qar.v6'
QFile: open 'results/data2/ld-1000.qar.v7' with 'r'.
QFile: close 'results/data2/ld-1000.qar.v7' with 'r'.
D6E7944D  fn='results/data2/ld-1000.qar.v7'
QFile: open 'results/data2/ld-1000.qar.v8' with 'r'.
QFile: close 'results/data2/ld-1000.qar.v8' with 'r'.
3CAE907C  fn='results/data2/ld-1000.qar.v8'
QFile: open 'results/data2/ld-1000.qar.v9' with 'r'.
QFile: close 'results/data2/ld-1000.qar.v9' with 'r'.
65699393  fn='results/data2/ld-1000.qar.v9'
QFile: open 'results/data2/ld-10000.lat' with 'r'.
QFile: close 'results/data2/ld-10000.lat' with 'r'.
3D91F296  fn='results/data2/ld-10000.lat'
QFile: open 'results/data2/ld.lat' with 'r'.
QFile: close 'results/data2/ld.lat' with 'r'.
88874F56  fn='results/data2/ld.lat'
QFile: open 'results/data2.qar' with 'r'.
QFile: close 'results/data2.qar' with 'r'.
DDFB0CB2  fn='results/data2.qar'
QFile: open 'results/data2.qar.v1' with 'r'.
QFile: close 'results/data2.qar.v1' with 'r'.
DF6D106C  fn='results/data2.qar.v1'
QFile: open 'results/data2.qar.v10' with 'r'.
QFile: close 'results/data2.qar.v10' with 'r'.
1B0EEEDA  fn='results/data2.qar.v10'
QFile: open 'results/data2.qar.v11' with 'r'.
QFile: close 'results/data2.qar.v11' with 'r'.
F1BECDC9  fn='results/data2.qar.v11'
QFile: open 'results/data2.qar.v12' with 'r'.
QFile: close 'results/data2.qar.v12' with 'r'.
7802949F  fn='results/data2.qar.v12'
QFile: open 'results/data2.qar.v13' with 'r'.
QFile: close 'results/data2.qar.v13' with 'r'.
302A1128  fn='results/data2.qar.v13'
QFile: open 'results/data2.qar.v14' with 'r'.
QFile: close 'results/data2.qar.v14' with 'r'.
CB4E1455  fn='results/data2.qar.v14'
QFile: open 'results/data2.qar.v15' with 'r'.
QFile: close 'results/data2.qar.v15' with 'r'.
836691E2  fn='results/data2.qar.v15'
QFile: open 'results/data2.qar.v16' with 'r'.
QFile: close 'results/data2.qar.v16' with 'r'.
83D18402  fn='results/data2.qar.v16'
QFile: open 'results/data2.qar.v17' with 'r'.
QFile: close 'results/data2.qar.v17' with 'r'.
CBF901B5  fn='results/data2.qar.v17'
QFile: open 'results/data2.qar.v18' with 'r'.
QFile: close 'results/data2.qar.v18' with 'r'.
76A61380  fn='results/data2.qar.v18'
QFile: open 'results/data2.qar.v19' with 'r'.
QFile: close 'results/data2.qar.v19' with 'r'.
3E8E9637  fn='results/data2.qar.v19'
QFile: open 'results/data2.qar.v2' with 'r'.
QFile: close 'results/data2.qar.v2' with 'r'.
82E8A962  fn='results/data2.qar.v2'
QFile: open 'results/data2.qar.v20' with 'r'.
QFile: close 'results/data2.qar.v20' with 'r'.
84EADE8C  fn='results/data2.qar.v20'
QFile: open 'results/data2.qar.v21' with 'r'.
QFile: close 'results/data2.qar.v21' with 'r'.
5BA1B467  fn='results/data2.qar.v21'
QFile: open 'results/data2.qar.v3' with 'r'.
QFile: close 'results/data2.qar.v3' with 'r'.
CAC02CD5  fn='results/data2.qar.v3'
QFile: open 'results/data2.qar.v4' with 'r'.
QFile: close 'results/data2.qar.v4' with 'r'.
2D5AAF21  fn='results/data2.qar.v4'
QFile: open 'results/data2.qar.v5' with 'r'.
QFile: close 'results/data2.qar.v5' with 'r'.
C7EA8C32  fn='results/data2.qar.v5'
QFile: open 'results/data2.qar.v6' with 'r'.
QFile: close 'results/data2.qar.v6' with 'r'.
3F696F88  fn='results/data2.qar.v6'
QFile: open 'results/data2.qar.v7' with 'r'.
QFile: close 'results/data2.qar.v7' with 'r'.
D5D94C9B  fn='results/data2.qar.v7'
QFile: open 'results/data2.qar.v8' with 'r'.
QFile: close 'results/data2.qar.v8' with 'r'.
31782FEF  fn='results/data2.qar.v8'
QFile: open 'results/data2.qar.v9' with 'r'.
QFile: close 'results/data2.qar.v9' with 'r'.
DBC80CFC  fn='results/data2.qar.v9'
QFile: open 'results/data3/ld-1000.qar' with 'r'.
QFile: close 'results/data3/ld-1000.qar' with 'r'.
01814017  fn='results/data3/ld-1000.qar'
QFile: open 'results/data3/ld-1000.qar.v1' with 'r'.
QFile: close 'results/data3/ld-1000.qar.v1' with 'r'.
584643F8  fn='results/data3/ld-1000.qar.v1'
QFile: open 'results/data3/ld-1000.qar.v10' with 'r'.
QFile: close 'results/data3/ld-1000.qar.v10' with 'r'.
90E68BE4  fn='results/data3/ld-1000.qar.v10'
QFile: open 'results/data3/ld-1000.qar.v11' with 'r'.
QFile: close 'results/data3/ld-1000.qar.v11' with 'r'.
C921880B  fn='results/data3/ld-1000.qar.v11'
QFile: open 'results/data3/ld-1000.qar.v12' with 'r'.
QFile: close 'results/data3/ld-1000.qar.v12' with 'r'.
B20F47C9  fn='results/data3/ld-1000.qar.v12'
QFile: open 'results/data3/ld-1000.qar.v13' with 'r'.
QFile: close 'results/data3/ld-1000.qar.v13' with 'r'.
EBC84426  fn='results/data3/ld-1000.qar.v13'
QFile: open 'results/data3/ld-1000.qar.v14' with 'r'.
QFile: close 'results/data3/ld-1000.qar.v14' with 'r'.
BDEC49EA  fn='results/data3/ld-1000.qar.v14'
QFile: open 'results/data3/ld-1000.qar.v15' with 'r'.
QFile: close 'results/data3/ld-1000.qar.v15' with 'r'.
E42B4A05  fn='results/data3/ld-1000.qar.v15'
QFile: open 'results/data3/ld-1000.qar.v16' with 'r'.
QFile: close 'results/data3/ld-1000.qar.v16' with 'r'.
0E624E34  fn='results/data3/ld-1000.qar.v16'
QFile: open 'results/data3/ld-1000.qar.v17' with 'r'.
QFile: close 'results/data3/ld-1000.qar.v17' with 'r'.
57A54DDB  fn='results/data3/ld-1000.qar.v17'
QFile: open 'results/data3/ld-1000.qar.v18' with 'r'.
QFile: close 'results/data3/ld-1000.qar.v18' with 'r'.
A22A55AC  fn='results/data3/ld-1000.qar.v18'
QFile: open 'results/data3/ld-1000.qar.v19' with 'r'.
QFile: close 'results/data3/ld-1000.qar.v19' with 'r'.
FBED5643  fn='results/data3/ld-1000.qar.v19'
QFile: open 'results/data3/ld-1000.qar.v2' with 'r'.
QFile: close 'results/data3/ld-1000.qar.v2' with 'r'.
334D9E5F  fn='results/data3/ld-1000.qar.v2'
QFile: open 'results/data3/ld-1000.qar.v3' with 'r'.
QFile: close 'results/data3/ld-1000.qar.v3' with 'r'.
6A8A9DB0  fn='results/data3/ld-1000.qar.v3'
QFile: open 'results/data3/ld-1000.qar.v4' with 'r'.
QFile: close 'results/data3/ld-1000.qar.v4' with 'r'.
80C39981  fn='results/data3/ld-1000.qar.v4'
QFile: open 'results/data3/ld-1000.qar.v5' with 'r'.
QFile: close 'results/data3/ld-1000.qar.v5' with 'r'.
D9049A6E  fn='results/data3/ld-1000.qar.v5'
QFile: open 'results/data3/ld-1000.qar.v6' with 'r'.
QFile: close 'results/data3/ld-1000.qar.v6' with 'r'.
8F2097A2  fn='results/data3/ld-1000.qar.v6'
QFile: open 'results/data3/ld-1000.qar.v7' with 'r'.
QFile: close 'results/data3/ld-1000.qar.v7' with 'r'.
D6E7944D  fn='results/data3/ld-1000.qar.v7'
QFile: open 'results/data3/ld-1000.qar.v8' with 'r'.
QFile: close 'results/data3/ld-1000.qar.v8' with 'r'.
3CAE907C  fn='results/data3/ld-1000.qar.v8'
QFile: open 'results/data3/ld-1000.qar.v9' with 'r'.
QFile: close 'results/data3/ld-1000.qar.v9' with 'r'.
65699393  fn='results/data3/ld-1000.qar.v9'
QFile: open 'results/data3/ld-10000.lat' with 'r'.
QFile: close 'results/data3/ld-10000.lat' with 'r'.
3D91F296  fn='results/data3/ld-10000.lat'
QFile: open 'results/data3/ld.lat' with 'r'.
QFile: close 'results/data3/ld.lat' with 'r'.
88874F56  fn='results/data3/ld.lat'
QFile: open 'results/data4.qar' with 'r'.
QFile: close 'results/data4.qar' with 'r'.
DDFB0CB2  fn='results/data4.qar'
QFile: open 'results/data4.qar.v1' with 'r'.
QFile: close 'results/data4.qar.v1' with 'r'.
DF6D106C  fn='results/data4.qar.v1'
QFile: open 'results/data4.qar.v10' with 'r'.
QFile: close 'results/data4.qar.v10' with 'r'.
1B0EEEDA  fn='results/data4.qar.v10'
QFile: open 'results/data4.qar.v11' with 'r'.
QFile: close 'results/data4.qar.v11' with 'r'.
F1BECDC9  fn='results/data4.qar.v11'
QFile: open 'results/data4.qar.v12' with 'r'.
QFile: close 'results/data4.qar.v12' with 'r'.
7802949F  fn='results/data4.qar.v12'
QFile: open 'results/data4.qar.v13' with 'r'.
QFile: close 'results/data4.qar.v13' with 'r'.
302A1128  fn='results/data4.qar.v13'
QFile: open 'results/data4.qar.v14' with 'r'.
QFile: close 'results/data4.qar.v14' with 'r'.
CB4E1455  fn='results/data4.qar.v14'
QFile: open 'results/data4.qar.v15' with 'r'.
QFile: close 'results/data4.qar.v15' with 'r'.
836691E2  fn='results/data4.qar.v15'
QFile: open 'results/data4.qar.v16' with 'r'.
QFile: close 'results/data4.qar.v16' with 'r'.
83D18402  fn='results/data4.qar.v16'
QFile: open 'results/data4.qar.v17' with 'r'.
QFile: close 'results/data4.qar.v17' with 'r'.
CBF901B5  fn='results/data4.qar.v17'
QFile: open 'results/data4.qar.v18' with 'r'.
QFile: close 'results/data4.qar.v18' with 'r'.
76A61380  fn='results/data4.qar.v18'
QFile: open 'results/data4.qar.v19' with 'r'.
QFile: close 'results/data4.qar.v19' with 'r'.
3E8E9637  fn='results/data4.qar.v19'
QFile: open 'results/data4.qar.v2' with 'r'.
QFile: close 'results/data4.qar.v2' with 'r'.
82E8A962  fn='results/data4.qar.v2'
QFile: open 'results/data4.qar.v20' with 'r'.
QFile: close 'results/data4.qar.v20' with 'r'.
84EADE8C  fn='results/data4.qar.v20'
QFile: open 'results/data4.qar.v21' with 'r'.
QFile: close 'results/data4.qar.v21' with 'r'.
5BA1B467  fn='results/data4.qar.v21'
QFile: open 'results/data4.qar.v3' with 'r'.
QFile: close 'results/data4.qar.v3' with 'r'.
CAC02CD5  fn='results/data4.qar.v3'
QFile: open 'results/data4.qar.v4' with 'r'.
QFile: close 'results/data4.qar.v4' with 'r'.
2D5AAF21  fn='results/data4.qar.v4'
QFile: open 'results/data4.qar.v5' with 'r'.
QFile: close 'results/data4.qar.v5' with 'r'.
C7EA8C32  fn='results/data4.qar.v5'
QFile: open 'results/data4.qar.v6' with 'r'.
QFile: close 'results/data4.qar.v6' with 'r'.
3F696F88  fn='results/data4.qar.v6'
QFile: open 'results/data4.qar.v7' with 'r'.
QFile: close 'results/data4.qar.v7' with 'r'.
D5D94C9B  fn='results/data4.qar.v7'
QFile: open 'results/data4.qar.v8' with 'r'.
QFile: close 'results/data4.qar.v8' with 'r'.
31782FEF  fn='results/data4.qar.v8'
QFile: open 'results/data4.qar.v9' with 'r'.
QFile: close 'results/data4.qar.v9' with 'r'.
DBC80CFC  fn='results/data4.qar.v9'
QFile: open 'results/data5/ld-1000/ld-1-1000.lat' with 'r'.
QFile: close 'results/data5/ld-1000/ld-1-1000.lat' with 'r'.
B5B9ADDC  fn='results/data5/ld-1000/ld-1-1000.lat'
QFile: open 'results/data5/ld-10000.lat' with 'r'.
QFile: close 'results/data5/ld-10000.lat' with 'r'.
3D91F296  fn='results/data5/ld-10000.lat'
check_all_files_crc32_info: summary for path='results'
    0 B5B9ADDC  fn='results/data/ld-1000/ld-0-1000.lat'
    1 B5B9ADDC  fn='results/data/ld-1000/ld-1-1000.lat'
    2 B5B9ADDC  fn='results/data/ld-1000/ld-10-1000.lat'
    3 B5B9ADDC  fn='results/data/ld-1000/ld-11-1000.lat'
    4 B5B9ADDC  fn='results/data/ld-1000/ld-12-1000.lat'
    5 B5B9ADDC  fn='results/data/ld-1000/ld-13-1000.lat'
    6 B5B9ADDC  fn='results/data/ld-1000/ld-14-1000.lat'
    7 B5B9ADDC  fn='results/data/ld-1000/ld-15-1000.lat'
    8 B5B9ADDC  fn='results/data/ld-1000/ld-16-1000.lat'
    9 B5B9ADDC  fn='results/data/ld-1000/ld-17-1000.lat'
   10 B5B9ADDC  fn='results/data/ld-1000/ld-18-1000.lat'
   11 B5B9ADDC  fn='results/data/ld-1000/ld-19-1000.lat'
   12 B5B9ADDC  fn='results/data/ld-1000/ld-2-1000.lat'
   13 B5B9ADDC  fn='results/data/ld-1000/ld-3-1000.lat'
   14 B5B9ADDC  fn='results/data/ld-1000/ld-4-1000.lat'
   15 B5B9ADDC  fn='results/data/ld-1000/ld-5-1000.lat'
   16 B5B9ADDC  fn='results/data/ld-1000/ld-6-1000.lat'
   17 B5B9ADDC  fn='results/data/ld-1000/ld-7-1000.lat'
   18 B5B9ADDC  fn='results/data/ld-1000/ld-8-1000.lat'
   19 B5B9ADDC  fn='results/data/ld-1000/ld-9-1000.lat'
   20 3D91F296  fn='results/data/ld-10000.lat'
   21 88874F56  fn='results/data/ld.lat'
   22 FDE5FAA7  fn='results/data.qar'
   23 01814017  fn='results/data2/ld-1000.qar'
   24 584643F8  fn='results/data2/ld-1000.qar.v1'
   25 90E68BE4  fn='results/data2/ld-1000.qar.v10'
   26 C921880B  fn='results/data2/ld-1000.qar.v11'
   27 B20F47C9  fn='results/data2/ld-1000.qar.v12'
   28 EBC84426  fn='results/data2/ld-1000.qar.v13'
   29 BDEC49EA  fn='results/data2/ld-1000.qar.v14'
   30 E42B4A05  fn='results/data2/ld-1000.qar.v15'
   31 0E624E34  fn='results/data2/ld-1000.qar.v16'
   32 57A54DDB  fn='results/data2/ld-1000.qar.v17'
   33 A22A55AC  fn='results/data2/ld-1000.qar.v18'
   34 FBED5643  fn='results/data2/ld-1000.qar.v19'
   35 334D9E5F  fn='results/data2/ld-1000.qar.v2'
   36 6A8A9DB0  fn='results/data2/ld-1000.qar.v3'
   37 80C39981  fn='results/data2/ld-1000.qar.v4'
   38 D9049A6E  fn='results/data2/ld-1000.qar.v5'
   39 8F2097A2  fn='results/data2/ld-1000.qar.v6'
   40 D6E7944D  fn='results/data2/ld-1000.qar.v7'
   41 3CAE907C  fn='results/data2/ld-1000.qar.v8'
   42 65699393  fn='results/data2/ld-1000.qar.v9'
   43 3D91F296  fn='results/data2/ld-10000.lat'
   44 88874F56  fn='results/data2/ld.lat'
   45 DDFB0CB2  fn='results/data2.qar'
   46 DF6D106C  fn='results/data2.qar.v1'
   47 1B0EEEDA  fn='results/data2.qar.v10'
   48 F1BECDC9  fn='results/data2.qar.v11'
   49 7802949F  fn='results/data2.qar.v12'
   50 302A1128  fn='results/data2.qar.v13'
   51 CB4E1455  fn='results/data2.qar.v14'
   52 836691E2  fn='results/data2.qar.v15'
   53 83D18402  fn='results/data2.qar.v16'
   54 CBF901B5  fn='results/data2.qar.v17'
   55 76A61380  fn='results/data2.qar.v18'
   56 3E8E9637  fn='results/data2.qar.v19'
   57 82E8A962  fn='results/data2.qar.v2'
   58 84EADE8C  fn='results/data2.qar.v20'
   59 5BA1B467  fn='results/data2.qar.v21'
   60 CAC02CD5  fn='results/data2.qar.v3'
   61 2D5AAF21  fn='results/data2.qar.v4'
   62 C7EA8C32  fn='results/data2.qar.v5'
   63 3F696F88  fn='results/data2.qar.v6'
   64 D5D94C9B  fn='results/data2.qar.v7'
   65 31782FEF  fn='results/data2.qar.v8'
   66 DBC80CFC  fn='results/data2.qar.v9'
   67 01814017  fn='results/data3/ld-1000.qar'
   68 584643F8  fn='results/data3/ld-1000.qar.v1'
   69 90E68BE4  fn='results/data3/ld-1000.qar.v10'
   70 C921880B  fn='results/data3/ld-1000.qar.v11'
   71 B20F47C9  fn='results/data3/ld-1000.qar.v12'
   72 EBC84426  fn='results/data3/ld-1000.qar.v13'
   73 BDEC49EA  fn='results/data3/ld-1000.qar.v14'
   74 E42B4A05  fn='results/data3/ld-1000.qar.v15'
   75 0E624E34  fn='results/data3/ld-1000.qar.v16'
   76 57A54DDB  fn='results/data3/ld-1000.qar.v17'
   77 A22A55AC  fn='results/data3/ld-1000.qar.v18'
   78 FBED5643  fn='results/data3/ld-1000.qar.v19'
   79 334D9E5F  fn='results/data3/ld-1000.qar.v2'
   80 6A8A9DB0  fn='results/data3/ld-1000.qar.v3'
   81 80C39981  fn='results/data3/ld-1000.qar.v4'
   82 D9049A6E  fn='results/data3/ld-1000.qar.v5'
   83 8F2097A2  fn='results/data3/ld-1000.qar.v6'
   84 D6E7944D  fn='results/data3/ld-1000.qar.v7'
   85 3CAE907C  fn='results/data3/ld-1000.qar.v8'
   86 65699393  fn='results/data3/ld-1000.qar.v9'
   87 3D91F296  fn='results/data3/ld-10000.lat'
   88 88874F56  fn='results/data3/ld.lat'
   89 DDFB0CB2  fn='results/data4.qar'
   90 DF6D106C  fn='results/data4.qar.v1'
   91 1B0EEEDA  fn='results/data4.qar.v10'
   92 F1BECDC9  fn='results/data4.qar.v11'
   93 7802949F  fn='results/data4.qar.v12'
   94 302A1128  fn='results/data4.qar.v13'
   95 CB4E1455  fn='results/data4.qar.v14'
   96 836691E2  fn='results/data4.qar.v15'
   97 83D18402  fn='results/data4.qar.v16'
   98 CBF901B5  fn='results/data4.qar.v17'
   99 76A61380  fn='results/data4.qar.v18'
  100 3E8E9637  fn='results/data4.qar.v19'
  101 82E8A962  fn='results/data4.qar.v2'
  102 84EADE8C  fn='results/data4.qar.v20'
  103 5BA1B467  fn='results/data4.qar.v21'
  104 CAC02CD5  fn='results/data4.qar.v3'
  105 2D5AAF21  fn='results/data4.qar.v4'
  106 C7EA8C32  fn='results/data4.qar.v5'
  107 3F696F88  fn='results/data4.qar.v6'
  108 D5D94C9B  fn='results/data4.qar.v7'
  109 31782FEF  fn='results/data4.qar.v8'
  110 DBC80CFC  fn='results/data4.qar.v9'
  111 B5B9ADDC  fn='results/data5/ld-1000/ld-1-1000.lat'
  112 3D91F296  fn='results/data5/ld-10000.lat'
CHECK: finished successfully.
Cache: 'QarReadCache': 2 / 16 [1] clear
QFile: close 'results/data4.qar' with 'r'.
QFile: close 'results/data4.qar.v1' with 'r'.
QFile: close 'results/data4.qar.v2' with 'r'.
QFile: close 'results/data4.qar.v3' with 'r'.
QFile: close 'results/data4.qar.v4' with 'r'.
QFile: close 'results/data4.qar.v5' with 'r'.
QFile: close 'results/data4.qar.v6' with 'r'.
QFile: close 'results/data4.qar.v7' with 'r'.
QFile: close 'results/data4.qar.v8' with 'r'.
QFile: close 'results/data4.qar.v9' with 'r'.
QFile: close 'results/data4.qar.v10' with 'r'.
QFile: close 'results/data4.qar.v11' with 'r'.
QFile: close 'results/data4.qar.v12' with 'r'.
QFile: close 'results/data4.qar.v13' with 'r'.
QFile: close 'results/data4.qar.v14' with 'r'.
QFile: close 'results/data4.qar.v15' with 'r'.
QFile: close 'results/data4.qar.v16' with 'r'.
QFile: close 'results/data4.qar.v17' with 'r'.
QFile: close 'results/data4.qar.v18' with 'r'.
QFile: close 'results/data4.qar.v19' with 'r'.
QFile: close 'results/data4.qar.v20' with 'r'.
QFile: close 'results/data4.qar.v21' with 'r'.
clear_mem_cache: 0 bytes (0.000 GB) freed.
qlat::end(): get_comm_list().pop_back()
qlat::end(): get_comm_list().size() = 0.
qlat::end(): Finalize MPI.
qlat::end(): MPI Finalized.
