qlat::begin(): MPI Initialized. num_node = 2
qlat::begin_comm(comm,size_node): get_comm_list().push_back()
qlat::begin_comm(comm,size_node): get_comm_list().size() = 1.
q_verbose=1
q_num_threads=2 (default)
qlat::begin(): q_num_threads = 2
qlat::begin(): GeometryNode =
{ initialized = true
, num_node    = 2
, id_node     = 0
, size_node   = 1x1x1x2
, coor_node   = 0x0x0x0 }
q_timer_mini_auto_show=1 (default)
q_timer_max_always_show=10 (default)
q_timer_max_func_name_len=50 (default)
qremove: 'results'
q_field_init=fast (default)
set q_field_init=fast.
total_site = [4, 4, 4, 8]
geo.show() = Geometry([4, 4, 4, 8], 1)
q_mem_cache_max_size=512 (default)
q_mem_cache_acc_max_size=512 (default)
CommPlanCache: to add 1 / 32.
gf_show_info: plaq = -0.0039877839996615 ; link_trace = 0.0224277381552869.
gf_show_info: plaq = -0.0039877839996615 ; link_trace = 0.0224277381552869.
CommPlanCache: to add 2 / 32.
t=0 topo_clf=-0.006125019999933201
CommPlanCache: to add 3 / 32.
t=0 topo_5li=-0.00891086053584983 -0.00891086053584932
[ -0.011059063888768539,
 0.0005095402459510871,
 0.0006750725253640027,
 0.0008292795407325595,
 0.0001343110408715701,
]
(0, 0.1675936773291405)
(1, 0.08884900434509545)
(2, 0.03851559427416524)
(3, -0.11719480780634763)
(4, -0.12356754069662333)
(5, -0.09750693736194987)
(6, -0.012436123814720874)
(7, 0.04683627319539147)
CommPlanCache: to add 4 / 32.
gf_wilson_flow: t=0.02 ; E=2.416775687395237 ; t^2 E=0.0009667102749580949
gf_wilson_flow: t=0.04 ; E=2.7674681271748818 ; t^2 E=0.004427949003479811
gf_wilson_flow: t=0.06 ; E=3.0034076701815193 ; t^2 E=0.01081226761265347
gf_wilson_flow: t=0.08 ; E=3.141170597648524 ; t^2 E=0.020103491824950553
gf_wilson_flow: t=0.1 ; E=3.2075393991953094 ; t^2 E=0.0320753939919531
gf_wilson_flow: t=0.12 ; E=3.224486391057747 ; t^2 E=0.046432604031231554
gf_wilson_flow: t=0.14 ; E=3.2075486684540566 ; t^2 E=0.06286795390169952
gf_wilson_flow: t=0.16 ; E=3.1670839175165373 ; t^2 E=0.08107734828842336
gf_wilson_flow: t=0.18 ; E=3.109518232007696 ; t^2 E=0.10074839071704934
gf_wilson_flow: t=0.2 ; E=3.0391345175618527 ; t^2 E=0.12156538070247414
gf_wilson_flow: t=0.22 ; E=2.9596825182320474 ; t^2 E=0.1432486338824311
gf_wilson_flow: t=0.24 ; E=2.874772990998097 ; t^2 E=0.16558692428149038
gf_wilson_flow: t=0.26 ; E=2.787448517871213 ; t^2 E=0.18843151980809403
gf_wilson_flow: t=0.28 ; E=2.699848065156667 ; t^2 E=0.2116680883082827
gf_wilson_flow: t=0.3 ; E=2.613246829899197 ; t^2 E=0.23519221469092774
gf_wilson_flow: t=0.32 ; E=2.528316637052048 ; t^2 E=0.2588996236341297
gf_wilson_flow: t=0.34 ; E=2.4453959003738106 ; t^2 E=0.28268776608321255
gf_wilson_flow: t=0.36 ; E=2.3646744432955416 ; t^2 E=0.30646180785110216
gf_wilson_flow: t=0.38 ; E=2.286285615016154 ; t^2 E=0.33013964280833263
gf_wilson_flow: t=0.4 ; E=2.2103327841727882 ; t^2 E=0.3536532454676462
gf_wilson_flow: t=0.42 ; E=2.1368961478130553 ; t^2 E=0.3769484804742229
gf_wilson_flow: t=0.44 ; E=2.0660419951526174 ; t^2 E=0.3999857302615467
gf_wilson_flow: t=0.46 ; E=1.9978288725337288 ; t^2 E=0.422740589428137
gf_wilson_flow: t=0.48 ; E=1.9323048349461447 ; t^2 E=0.4452030339715917
gf_wilson_flow: t=0.5 ; E=1.8695005788067731 ; t^2 E=0.4673751447016933
gf_wilson_flow: t=0.52 ; E=1.8094261131239056 ; t^2 E=0.4892688209887041
gf_wilson_flow: t=0.54 ; E=1.7520732973644155 ; t^2 E=0.5109045735114636
gf_wilson_flow: t=0.56 ; E=1.6974214092360596 ; t^2 E=0.5323113539364284
gf_wilson_flow: t=0.58 ; E=1.6454418573527936 ; t^2 E=0.5535266408134797
gf_wilson_flow: t=0.6 ; E=1.596099389869896 ; t^2 E=0.5745957803531626
gf_wilson_flow: t=0.62 ; E=1.5493485973726835 ; t^2 E=0.5955696008300596
gf_wilson_flow: t=0.64 ; E=1.5051262339065379 ; t^2 E=0.6164997054081179
gf_wilson_flow: t=0.66 ; E=1.463342137928092 ; t^2 E=0.637431835281477
gf_wilson_flow: t=0.68 ; E=1.4238731644349782 ; t^2 E=0.658398951234734
gf_wilson_flow: t=0.7000000000000001 ; E=1.3865640619720656 ; t^2 E=0.6794163903663123
gf_wilson_flow: t=0.72 ; E=1.3512364567528263 ; t^2 E=0.7004809791806651
gf_wilson_flow: t=0.74 ; E=1.3177034117152733 ; t^2 E=0.7215743882552836
gf_wilson_flow: t=0.76 ; E=1.2857846201428735 ; t^2 E=0.7426691965945238
gf_wilson_flow: t=0.78 ; E=1.2553177101695656 ; t^2 E=0.7637352948671637
gf_wilson_flow: t=0.8 ; E=1.2261637357924449 ; t^2 E=0.7847447909071649
gf_wilson_flow: t=0.8200000000000001 ; E=1.1982074684776485 ; t^2 E=0.805674701804371
gf_wilson_flow: t=0.84 ; E=1.1713541600957122 ; t^2 E=0.8265074953635344
gf_wilson_flow: t=0.86 ; E=1.1455244806768785 ; t^2 E=0.8472299059086192
gf_wilson_flow: t=0.88 ; E=1.120649246946663 ; t^2 E=0.8678307768354957
gf_wilson_flow: t=0.9 ; E=1.0966653676993854 ; t^2 E=0.8882989478365022
gf_wilson_flow: t=0.92 ; E=1.0735137916573756 ; t^2 E=0.9086220732588027
gf_wilson_flow: t=0.9400000000000001 ; E=1.0511393401634241 ; t^2 E=0.9287867209684018
gf_wilson_flow: t=0.96 ; E=1.0294916707944097 ; t^2 E=0.948779523804128
gf_wilson_flow: t=0.98 ; E=1.008526491911752 ; t^2 E=0.9685888428320466
gf_wilson_flow: t=1.0 ; E=0.9882063825993626 ; t^2 E=0.9882063825993626
gf_show_info: plaq = 0.9600829838590580 ; link_trace = 0.0065699218787090.
t=1.0 topo_clf=0.2289014626627746
t=1.0 topo_5li=0.39653120970960687 0.3965312097096067
[ 0.4132943075855652,
 0.003930704928003384,
 -0.02143943528767918,
 0.0005815174073177153,
 0.00016411507639955966,
]
(0, 0.32541967770967944)
(1, -0.3294731513547627)
(2, -0.12314663878123679)
(3, -0.1178919974355232)
(4, -0.11161494013302528)
(5, -0.017968795894842852)
(6, 0.15121259348139862)
(7, 0.6199944621179196)
gf_wilson_flow: t=1.02 ; E=0.9685009113932471 ; t^2 E=1.0076283482135342
gf_wilson_flow: t=1.04 ; E=0.9493860324571421 ; t^2 E=1.026855932705645
gf_wilson_flow: t=1.06 ; E=0.9308429208866772 ; t^2 E=1.0458951059082706
gf_wilson_flow: t=1.08 ; E=0.9128564939434958 ; t^2 E=1.0647558145356935
gf_wilson_flow: t=1.1 ; E=0.8954138720623166 ; t^2 E=1.0834507851954032
gf_wilson_flow: t=1.12 ; E=0.8785029870143934 ; t^2 E=1.1019941469108554
gf_wilson_flow: t=1.1400000000000001 ; E=0.8621114710487239 ; t^2 E=1.1204000677749217
gf_wilson_flow: t=1.16 ; E=0.8462258840355118 ; t^2 E=1.1386815495581846
gf_wilson_flow: t=1.18 ; E=0.8308312723599072 ; t^2 E=1.1568494636339346
gf_wilson_flow: t=1.2 ; E=0.8159110113420656 ; t^2 E=1.1749118563325744
gf_wilson_flow: t=1.22 ; E=0.8014468624248194 ; t^2 E=1.1928735100331012
gf_wilson_flow: t=1.24 ; E=0.7874191727976216 ; t^2 E=1.210735720093623
gf_wilson_flow: t=1.26 ; E=0.7738071525170337 ; t^2 E=1.2284962353360427
gf_wilson_flow: t=1.28 ; E=0.7605891771495241 ; t^2 E=1.2461493078417805
gf_wilson_flow: t=1.3 ; E=0.7477430786696698 ; t^2 E=1.2636858029517422
gf_wilson_flow: t=1.32 ; E=0.7352464015769373 ; t^2 E=1.2810933301076557
gf_wilson_flow: t=1.34 ; E=0.7230766139402753 ; t^2 E=1.2983563679911587
gf_wilson_flow: t=1.3599999999999999 ; E=0.7112112740620664 ; t^2 E=1.3154563725051978
gf_wilson_flow: t=1.38 ; E=0.6996281627329655 ; t^2 E=1.3323718731086591
gf_wilson_flow: t=1.4 ; E=0.6883053987673795 ; t^2 E=1.3490785815840636
gf_wilson_flow: t=1.42 ; E=0.6772215616669005 ; t^2 E=1.3655495569451381
gf_wilson_flow: t=1.44 ; E=0.666355849445655 ; t^2 E=1.38175548941051
gf_wilson_flow: t=1.46 ; E=0.6556883006696756 ; t^2 E=1.3976651817074803
gf_wilson_flow: t=1.48 ; E=0.6452001052496918 ; t^2 E=1.413246310538925
gf_wilson_flow: t=1.5 ; E=0.6348740149756869 ; t^2 E=1.4284665336952953
gf_wilson_flow: t=1.52 ; E=0.6246948388403752 ; t^2 E=1.4432949556568029
gf_wilson_flow: t=1.54 ; E=0.6146499705170498 ; t^2 E=1.4577038700782354
gf_wilson_flow: t=1.56 ; E=0.6047298573653315 ; t^2 E=1.4716705808842707
gf_wilson_flow: t=1.58 ; E=0.5949283099289904 ; t^2 E=1.4851790329067318
gf_wilson_flow: t=1.6 ; E=0.5852426042296335 ; t^2 E=1.498221066827862
gf_wilson_flow: t=1.62 ; E=0.5756734523571573 ; t^2 E=1.5107974083661238
gf_wilson_flow: t=1.6400000000000001 ; E=0.5662250294449427 ; t^2 E=1.522918839195118
gf_wilson_flow: t=1.6600000000000001 ; E=0.5569051863205321 ; t^2 E=1.5346079314248584
gf_wilson_flow: t=1.6800000000000002 ; E=0.5477256689751833 ; t^2 E=1.5459009281155576
gf_wilson_flow: t=1.7000000000000002 ; E=0.5387018252684916 ; t^2 E=1.5568482750259411
gf_wilson_flow: t=1.72 ; E=0.5298513195008152 ; t^2 E=1.5675121436112116
gf_wilson_flow: t=1.74 ; E=0.5211919198698507 ; t^2 E=1.57796065659796
gf_wilson_flow: t=1.76 ; E=0.5127390427101989 ; t^2 E=1.588260458699112
gf_wilson_flow: t=1.78 ; E=0.5045038914892994 ; t^2 E=1.5984701297946964
gf_wilson_flow: t=1.8 ; E=0.496492655526122 ; t^2 E=1.6086362039046354
gf_wilson_flow: t=1.82 ; E=0.48870671308273583 ; t^2 E=1.6187921164152543
gf_wilson_flow: t=1.8399999999999999 ; E=0.4811434704571346 ; t^2 E=1.6289593335796746
gf_wilson_flow: t=1.8599999999999999 ; E=0.4737974332228556 ; t^2 E=1.639149599977791
gf_wilson_flow: t=1.88 ; E=0.4666612273053472 ; t^2 E=1.649367441788019
gf_wilson_flow: t=1.9 ; E=0.4597264335974518 ; t^2 E=1.659612425286801
gf_wilson_flow: t=1.92 ; E=0.45298420462903394 ; t^2 E=1.6698809719444707
gf_wilson_flow: t=1.94 ; E=0.4464256863878511 ; t^2 E=1.6801677132893162
gf_wilson_flow: t=1.96 ; E=0.44004228735480666 ; t^2 E=1.6904664511022252
gf_wilson_flow: t=1.98 ; E=0.4338258368932363 ; t^2 E=1.7007708109562434
gf_wilson_flow: t=2.0 ; E=0.42776866775548805 ; t^2 E=1.7110746710219522
gf_show_info: plaq = 0.9851879728137977 ; link_trace = 0.0059995223486081.
t=2.0 topo_clf=0.45143380233302505
t=2.0 topo_5li=0.5950768897815141 0.5950768897815139
[ 0.815088809767962,
 -0.03450445723015601,
 -0.20157927209112686,
 0.015851477512968677,
 0.00022033182186609112,
]
(0, 0.0269162537141241)
(1, 0.0038242388821253847)
(2, 0.16758210623583436)
(3, 0.12127364592237071)
(4, 0.033830875753258736)
(5, 0.053422215487246766)
(6, 0.09147020435341587)
(7, 0.09675734943313793)
gf_wilson_flow: t=2.02 ; E=0.42186364866988124 ; t^2 E=1.7213724320325834
gf_wilson_flow: t=2.04 ; E=0.41610418525926435 ; t^2 E=1.7316591773749546
gf_wilson_flow: t=2.06 ; E=0.41048420161325594 ; t^2 E=1.7419307579660128
gf_wilson_flow: t=2.08 ; E=0.4049981106139401 ; t^2 E=1.7521838257601505
gf_wilson_flow: t=2.1 ; E=0.3996407782809368 ; t^2 E=1.7624158322189314
gf_wilson_flow: t=2.12 ; E=0.3944074856180771 ; t^2 E=1.772625003361886
gf_wilson_flow: t=2.14 ; E=0.38929389042178986 ; t^2 E=1.7828103005756288
gf_wilson_flow: t=2.16 ; E=0.3842959910146107 ; t^2 E=1.7929713756777679
gf_wilson_flow: t=2.18 ; E=0.3794100936913072 ; t^2 E=1.8031085292585685
gf_wilson_flow: t=2.2 ; E=0.3746327856145024 ; t^2 E=1.813222682374192
gf_wilson_flow: t=2.22 ; E=0.3699609147751798 ; t^2 E=1.8233153723779962
gf_wilson_flow: t=2.24 ; E=0.36539157825543694 ; t^2 E=1.8333887830544806
gf_wilson_flow: t=2.26 ; E=0.36092211925827816 ; t^2 E=1.8434458163235812
gf_wilson_flow: t=2.2800000000000002 ; E=0.3565501321664589 ; t^2 E=1.8534902070541206
gf_wilson_flow: t=2.3 ; E=0.3522734733787728 ; t^2 E=1.8635266741737078
gf_wilson_flow: t=2.32 ; E=0.34809027413943183 ; t^2 E=1.8735610915280778
gf_wilson_flow: t=2.34 ; E=0.34399895044071177 ; t^2 E=1.883600653033161
gf_wilson_flow: t=2.36 ; E=0.33999820476156917 ; t^2 E=1.8936540012400354
gf_wilson_flow: t=2.38 ; E=0.3360870151699268 ; t^2 E=1.9037312887285331
gf_wilson_flow: t=2.4 ; E=0.3322646091374554 ; t^2 E=1.9138441486317432
gf_wilson_flow: t=2.42 ; E=0.32853042193934306 ; t^2 E=1.9240055630455686
gf_wilson_flow: t=2.44 ; E=0.3248840421509396 ; t^2 E=1.9342296333498339
gf_wilson_flow: t=2.46 ; E=0.32132514888099445 ; t^2 E=1.9445312709682259
gf_wilson_flow: t=2.48 ; E=0.31785344653741027 ; t^2 E=1.9549258375836882
gf_wilson_flow: t=2.5 ; E=0.3144686029455058 ; t^2 E=1.9654287684094114
gf_wilson_flow: t=2.52 ; E=0.3111701956797379 ; t^2 E=1.9760552106446079
gf_wilson_flow: t=2.54 ; E=0.30795766988892026 ; t^2 E=1.986819703055358
gf_wilson_flow: t=2.56 ; E=0.3048303091195522 ; t^2 E=1.9977359138458974
gf_wilson_flow: t=2.58 ; E=0.3017872190359811 ; t^2 E=2.0088164447911048
gf_wilson_flow: t=2.6 ; E=0.29882732272713547 ; t^2 E=2.020072701635436
gf_wilson_flow: t=2.62 ; E=0.29594936555721 ; t^2 E=2.0315148249309125
gf_wilson_flow: t=2.64 ; E=0.29315192722622785 ; t^2 E=2.043151671995918
gf_wilson_flow: t=2.66 ; E=0.2904334387544316 ; t^2 E=2.0549908392508565
gf_wilson_flow: t=2.68 ; E=0.2877922023704052 ; t^2 E=2.0670387143051987
gf_wilson_flow: t=2.7 ; E=0.28522641265660065 ; t^2 E=2.079300548266619
gf_wilson_flow: t=2.7199999999999998 ; E=0.2827341777041349 ; t^2 E=2.0917805403262713
gf_wilson_flow: t=2.74 ; E=0.2803135393977717 ; t^2 E=2.104481928382711
gf_wilson_flow: t=2.76 ; E=0.2779624922640676 ; t^2 E=2.117407081070761
gf_wilson_flow: t=2.7800000000000002 ; E=0.2756790005615864 ; t^2 E=2.1305575879401646
gf_wilson_flow: t=2.8 ; E=0.27346101347444 ; t^2 E=2.1439343456396096
gf_wilson_flow: t=2.8200000000000003 ; E=0.27130647839788474 ; t^2 E=2.157537638811339
gf_wilson_flow: t=2.84 ; E=0.26921335238814165 ; t^2 E=2.171367215021795
gf_wilson_flow: t=2.86 ; E=0.26717961189874595 ; t^2 E=2.185422353486982
gf_wilson_flow: t=2.88 ; E=0.26520326095188673 ; t^2 E=2.199701927639329
gf_wilson_flow: t=2.9 ; E=0.26328233790294875 ; t^2 E=2.214204461763799
gf_wilson_flow: t=2.92 ; E=0.2614149209555519 ; t^2 E=2.2289281820354176
gf_wilson_flow: t=2.94 ; E=0.25959913257700695 ; t^2 E=2.2438710623426172
gf_wilson_flow: t=2.96 ; E=0.25783314295318016 ; t^2 E=2.259030865298583
gf_wilson_flow: t=2.98 ; E=0.25611517260924277 ; t^2 E=2.2744051788391193
gf_wilson_flow: t=3.0 ; E=0.25444349430993213 ; t^2 E=2.2899914487893893
gf_show_info: plaq = 0.9917910876296566 ; link_trace = 0.0062355884228652.
t=3.0 topo_clf=0.7682014730717122
t=3.0 topo_5li=0.9769061881518228 0.9769061881518226
[ 1.387030437490591,
 -0.0731086786439664,
 -0.36959844446920725,
 0.03041876831617092,
 0.002164105458234147,
]
(0, 0.04788526581435769)
(1, 0.16071411993438925)
(2, 0.3714523527304657)
(3, 0.2566998752813404)
(4, 0.06510116532766232)
(5, 0.02432816453425818)
(6, 0.023048154503314502)
(7, 0.027677090026034315)
gf_wilson_flow: t=3.02 ; E=0.2528164343404848 ; t^2 E=2.3057870077589575
gf_wilson_flow: t=3.04 ; E=0.2512323732577767 ; t^2 E=2.321789100699069
gf_wilson_flow: t=3.06 ; E=0.24968974619057147 ; t^2 E=2.337994907430035
gf_wilson_flow: t=3.08 ; E=0.24818704275820358 ; t^2 E=2.3544015624214225
gf_wilson_flow: t=3.1 ; E=0.2467228066685066 ; t^2 E=2.371006172084349
gf_wilson_flow: t=3.12 ; E=0.24529563504821272 ; t^2 E=2.3878058298133222
gf_wilson_flow: t=3.14 ; E=0.2439041775523746 ; t^2 E=2.4047976289953925
gf_wilson_flow: t=3.16 ; E=0.24254713529345084 ; t^2 E=2.421978674186283
gf_wilson_flow: t=3.18 ; E=0.24122325962548552 ; t^2 E=2.43934609063676
gf_wilson_flow: t=3.2 ; E=0.2399313508142074 ; t^2 E=2.4568970323374844
gf_wilson_flow: t=3.22 ; E=0.23867025661981364 ; t^2 E=2.474628688736876
gf_wilson_flow: t=3.24 ; E=0.23743887081560056 ; t^2 E=2.4925382902738487
gf_wilson_flow: t=3.26 ; E=0.2362361316624233 ; t^2 E=2.5106231128555696
gf_wilson_flow: t=3.2800000000000002 ; E=0.2350610203561454 ; t^2 E=2.528880481399555
gf_wilson_flow: t=3.3 ; E=0.23391255946275352 ; t^2 E=2.547307772549386
gf_wilson_flow: t=3.32 ; E=0.2327898113535885 ; t^2 E=2.5659024166637936
gf_wilson_flow: t=3.34 ; E=0.23169187665121543 ; t^2 E=2.5846618991702988
gf_wilson_flow: t=3.36 ; E=0.23061789269470845 ; t^2 E=2.6035837613661803
gf_wilson_flow: t=3.38 ; E=0.22956703203162773 ; t^2 E=2.6226656007421276
gf_wilson_flow: t=3.4 ; E=0.22853850094261746 ; t^2 E=2.6419050708966574
gf_wilson_flow: t=3.42 ; E=0.22753153800339143 ; t^2 E=2.661299881102867
gf_wilson_flow: t=3.44 ; E=0.2265454126878454 ; t^2 E=2.680847795582887
gf_wilson_flow: t=3.46 ; E=0.22557942401514686 ; t^2 E=2.7005466325397323
gf_wilson_flow: t=3.48 ; E=0.2246328992428755 ; t^2 E=2.7203942629909195
gf_wilson_flow: t=3.5 ; E=0.2237051926076289 ; t^2 E=2.7403886094434537
gf_wilson_flow: t=3.52 ; E=0.22279568411392603 ; t^2 E=2.760527644445189
gf_wilson_flow: t=3.54 ; E=0.22190377837175984 ; t^2 E=2.780809389043546
gf_wilson_flow: t=3.56 ; E=0.22102890348273246 ; t^2 E=2.8012319111787582
gf_wilson_flow: t=3.58 ; E=0.22017050997436005 ; t^2 E=2.8217933240353883
gf_wilson_flow: t=3.6 ; E=0.21932806978184705 ; t^2 E=2.8424917843727378
gf_wilson_flow: t=3.62 ; E=0.2185010752763883 ; t^2 E=2.863325490851903
gf_wilson_flow: t=3.64 ; E=0.21768903833887035 ; t^2 E=2.8842926823746966
gf_wilson_flow: t=3.66 ; E=0.21689148947768513 ; t^2 E=2.905391636447279
gf_wilson_flow: t=3.68 ; E=0.2161079769892567 ; t^2 E=2.9266206675793103
gf_wilson_flow: t=3.7 ; E=0.21533806615978873 ; t^2 E=2.947978125727508
gf_wilson_flow: t=3.7199999999999998 ; E=0.21458133850668057 ; t^2 E=2.969462394790848
gf_wilson_flow: t=3.74 ; E=0.2138373910580207 ; t^2 E=2.9910718911631706
gf_wilson_flow: t=3.76 ; E=0.21310583566854194 ; t^2 E=3.0128050623475784
gf_wilson_flow: t=3.7800000000000002 ; E=0.21238629837041956 ; t^2 E=3.034660385635903
gf_wilson_flow: t=3.8 ; E=0.21167841875730237 ; t^2 E=3.056636366855446
gf_wilson_flow: t=3.8200000000000003 ; E=0.21098184939998543 ; t^2 E=3.0787315391843477
gf_wilson_flow: t=3.84 ; E=0.21029625529216206 ; t^2 E=3.1009444620361046
gf_wilson_flow: t=3.86 ; E=0.20962131332472883 ; t^2 E=3.1232737200131298
gf_wilson_flow: t=3.88 ; E=0.20895671178716257 ; t^2 E=3.14571792192866
gf_wilson_flow: t=3.9 ; E=0.20830214989453077 ; t^2 E=3.168275699895813
gf_wilson_flow: t=3.92 ; E=0.20765733733875208 ; t^2 E=3.1909457084821997
gf_wilson_flow: t=3.94 ; E=0.20702199386277498 ; t^2 E=3.213726623928174
gf_wilson_flow: t=3.96 ; E=0.20639584885639728 ; t^2 E=3.2366171434264794
gf_wilson_flow: t=3.98 ; E=0.20577864097250784 ; t^2 E=3.2596159844609134
gf_wilson_flow: t=4.0 ; E=0.20517011776258387 ; t^2 E=3.282721884201342
gf_show_info: plaq = 0.9935004733726436 ; link_trace = 0.0062588571190980.
t=4.0 topo_clf=0.7972332256717536
t=4.0 topo_5li=0.9877052832218552 0.9877052832218549
[ 1.43944887968511,
 -0.08649381353177027,
 -0.4036401295359857,
 0.03505042632208335,
 0.0033399202824176645,
]
(0, 0.053490452310569675)
(1, 0.19079948270943253)
(2, 0.38155701543069415)
(3, 0.2560902977347495)
(4, 0.06590304010012137)
(5, 0.014898435450677448)
(6, 0.00861098836247787)
(7, 0.016355571123132837)
gf_wilson_flow: t=4.02 ; E=0.20457003533034185 ; t^2 E=3.3059335989524556
gf_wilson_flow: t=4.04 ; E=0.20397815800248265 ; t^2 E=3.329249903653321
gf_wilson_flow: t=4.06 ; E=0.20339425801554373 ; t^2 E=3.3526695914250157
gf_wilson_flow: t=4.08 ; E=0.2028181152179087 ; t^2 E=3.3761914731633955
gf_wilson_flow: t=4.1 ; E=0.20224951678608777 ; t^2 E=3.399814377174135
gf_wilson_flow: t=4.12 ; E=0.2016882569544284 ; t^2 E=3.4235371488472492
gf_wilson_flow: t=4.14 ; E=0.20113413675746603 ; t^2 E=3.4473586503682645
gf_wilson_flow: t=4.16 ; E=0.20058696378416996 ; t^2 E=3.471277760463332
gf_wilson_flow: t=4.18 ; E=0.20004655194339016 ; t^2 E=3.4952933741756897
gf_wilson_flow: t=4.2 ; E=0.19951272123984248 ; t^2 E=3.5194044026708213
gf_wilson_flow: t=4.22 ; E=0.1989852975600253 ; t^2 E=3.5436097730679545
gf_wilson_flow: t=4.24 ; E=0.19846411246748719 ; t^2 E=3.5679084282954983
gf_wilson_flow: t=4.26 ; E=0.19794900300690876 ; t^2 E=3.592299326968177
gf_wilson_flow: t=4.28 ; E=0.19743981151649637 ; t^2 E=3.616781443283787
gf_wilson_flow: t=4.3 ; E=0.19693638544821346 ; t^2 E=3.6413537669374665
gf_wilson_flow: t=4.32 ; E=0.19643857719541521 ; t^2 E=3.6660153030517173
gf_wilson_flow: t=4.34 ; E=0.19594624392747098 ; t^2 E=3.6907650721202723
gf_wilson_flow: t=4.36 ; E=0.19545924743099513 ; t^2 E=3.7156021099642453
gf_wilson_flow: t=4.38 ; E=0.19497745395732774 ; t^2 E=3.740525467698958
gf_wilson_flow: t=4.4 ; E=0.19450073407593133 ; t^2 E=3.765534211710031
gf_wilson_flow: t=4.42 ; E=0.19402896253339452 ; t^2 E=3.790627423637409
gf_wilson_flow: t=4.44 ; E=0.19356201811775114 ; t^2 E=3.8158042003660997
gf_wilson_flow: t=4.46 ; E=0.1930997835278455 ; t^2 E=3.8410636540224914
gf_wilson_flow: t=4.48 ; E=0.1926421452474903 ; t^2 E=3.8664049119752297
gf_wilson_flow: t=4.5 ; E=0.19218899342418438 ; t^2 E=3.8918271168397336
gf_wilson_flow: t=4.52 ; E=0.1917402217521676 ; t^2 E=3.917329426485484
gf_wilson_flow: t=4.54 ; E=0.19129572735960998 ; t^2 E=3.942911014045337
gf_wilson_flow: t=4.5600000000000005 ; E=0.19085541069974157 ; t^2 E=3.9685710679261472
gf_wilson_flow: t=4.58 ; E=0.19041917544574577 ; t^2 E=3.994308791820142
gf_wilson_flow: t=4.6 ; E=0.18998692838924586 ; t^2 E=4.020123404716442
gf_wilson_flow: t=4.62 ; E=0.18955857934223103 ; t^2 E=4.046014140912316
gf_wilson_flow: t=4.64 ; E=0.18913404104227013 ; t^2 E=4.071980250023659
gf_wilson_flow: t=4.66 ; E=0.18871322906087862 ; t^2 E=4.098020996994416
gf_wilson_flow: t=4.68 ; E=0.18829606171490726 ; t^2 E=4.124135662104584
gf_wilson_flow: t=4.7 ; E=0.18788245998083036 ; t^2 E=4.150323540976544
gf_wilson_flow: t=4.72 ; E=0.18747234741181878 ; t^2 E=4.1765839445794635
gf_wilson_flow: t=4.74 ; E=0.18706565005748843 ; t^2 E=4.202916199231627
gf_wilson_flow: t=4.76 ; E=0.18666229638622325 ; t^2 E=4.229319646600492
gf_wilson_flow: t=4.78 ; E=0.18626221720997385 ; t^2 E=4.2557936437003665
gf_wilson_flow: t=4.8 ; E=0.1858653456114415 ; t^2 E=4.282337562887612
gf_wilson_flow: t=4.82 ; E=0.18547161687355934 ; t^2 E=4.30895079185328
gf_wilson_flow: t=4.84 ; E=0.18508096841118954 ; t^2 E=4.335632733613162
gf_wilson_flow: t=4.86 ; E=0.18469333970495466 ; t^2 E=4.362382806495147
gf_wilson_flow: t=4.88 ; E=0.18430867223713301 ; t^2 E=4.38920044412398
gf_wilson_flow: t=4.9 ; E=0.18392690942954104 ; t^2 E=4.4160850954032815
gf_wilson_flow: t=4.92 ; E=0.18354799658333934 ; t^2 E=4.4430362244949455
gf_wilson_flow: t=4.94 ; E=0.1831718808206932 ; t^2 E=4.470053310795869
gf_wilson_flow: t=4.96 ; E=0.1827985110282272 ; t^2 E=4.497135848912034
gf_wilson_flow: t=4.98 ; E=0.18242783780221306 ; t^2 E=4.524283348630005
gf_wilson_flow: t=5.0 ; E=0.18205981339543356 ; t^2 E=4.551495334885839
gf_show_info: plaq = 0.9942601065949870 ; link_trace = 0.0061600151247431.
t=5.0 topo_clf=0.8086970917786542
t=5.0 topo_5li=0.9922002436710559 0.9922002436710552
[ 1.4601475268225692,
 -0.09153958996218117,
 -0.4168772451599948,
 0.036763699190239196,
 0.003705852780422734,
]
(0, 0.053018025277953254)
(1, 0.1971635770528068)
(2, 0.3819677109876164)
(3, 0.25519211441707074)
(4, 0.0693432706366834)
(5, 0.015710819003535947)
(6, 0.00667432770176351)
(7, 0.013130398593625603)
qlat::end(): get_comm_list().pop_back()
qlat::end(): get_comm_list().size() = 0.
qlat::end(): Finalize MPI.
qlat::end(): MPI Finalized.
